2015-04-06T19:24:37+02:00 CRIT (2): exception 'PDOException' with message 'SQLSTATE[42S02]: Base table or view not found: 1146 Table 'cms-ir.menu' doesn't exist' in I:\htdocs\cms-ir\vendor\zendframework\zendframework\library\Zend\Db\Adapter\Driver\Pdo\Statement.php:239
Stack trace:
#0 I:\htdocs\cms-ir\vendor\zendframework\zendframework\library\Zend\Db\Adapter\Driver\Pdo\Statement.php(239): PDOStatement->execute()
#1 I:\htdocs\cms-ir\vendor\zendframework\zendframework\library\Zend\Db\TableGateway\AbstractTableGateway.php(233): Zend\Db\Adapter\Driver\Pdo\Statement->execute()
#2 I:\htdocs\cms-ir\vendor\zendframework\zendframework\library\Zend\Db\TableGateway\AbstractTableGateway.php(208): Zend\Db\TableGateway\AbstractTableGateway->executeSelect(Object(Zend\Db\Sql\Select))
#3 I:\htdocs\cms-ir\vendor\zendframework\zendframework\library\Zend\Db\TableGateway\AbstractTableGateway.php(195): Zend\Db\TableGateway\AbstractTableGateway->selectWith(Object(Zend\Db\Sql\Select))
#4 I:\htdocs\cms-ir\vendor\cms-ir\cms-ir\src\CmsIr\System\src\System\Model\MenuTable.php(27): Zend\Db\TableGateway\AbstractTableGateway->select(Object(Closure))
#5 I:\htdocs\cms-ir\vendor\cms-ir\cms-ir\src\CmsIr\System\src\System\Navigation\MyNavigation.php(13): CmsIr\System\Model\MenuTable->fetchAll()
#6 I:\htdocs\cms-ir\vendor\zendframework\zendframework\library\Zend\Navigation\Service\AbstractNavigationFactory.php(37): CmsIr\System\Navigation\MyNavigation->getPages(Object(Zend\ServiceManager\ServiceManager))
#7 I:\htdocs\cms-ir\vendor\cms-ir\cms-ir\src\CmsIr\System\src\System\Navigation\MyNavigationFactory.php(13): Zend\Navigation\Service\AbstractNavigationFactory->createService(Object(Zend\ServiceManager\ServiceManager))
#8 [internal function]: CmsIr\System\Navigation\MyNavigationFactory->createService(Object(Zend\ServiceManager\ServiceManager), 'navigation', 'navigation')
#9 I:\htdocs\cms-ir\vendor\zendframework\zendframework\library\Zend\ServiceManager\ServiceManager.php(923): call_user_func(Array, Object(Zend\ServiceManager\ServiceManager), 'navigation', 'navigation')
#10 I:\htdocs\cms-ir\vendor\zendframework\zendframework\library\Zend\ServiceManager\ServiceManager.php(1055): Zend\ServiceManager\ServiceManager->createServiceViaCallback(Array, 'navigation', 'navigation')
#11 I:\htdocs\cms-ir\vendor\zendframework\zendframework\library\Zend\ServiceManager\ServiceManager.php(633): Zend\ServiceManager\ServiceManager->createFromFactory('navigation', 'navigation')
#12 I:\htdocs\cms-ir\vendor\zendframework\zendframework\library\Zend\ServiceManager\ServiceManager.php(593): Zend\ServiceManager\ServiceManager->doCreate('navigation', 'navigation')
#13 I:\htdocs\cms-ir\vendor\zendframework\zendframework\library\Zend\ServiceManager\ServiceManager.php(525): Zend\ServiceManager\ServiceManager->create(Array)
#14 I:\htdocs\cms-ir\vendor\zendframework\zendframework\library\Zend\View\Helper\Navigation\AbstractHelper.php(281): Zend\ServiceManager\ServiceManager->get('navigation')
#15 I:\htdocs\cms-ir\vendor\zendframework\zendframework\library\Zend\View\Helper\Navigation\AbstractHelper.php(550): Zend\View\Helper\Navigation\AbstractHelper->parseContainer('navigation')
#16 I:\htdocs\cms-ir\vendor\zendframework\zendframework\library\Zend\View\Helper\Navigation.php(80): Zend\View\Helper\Navigation\AbstractHelper->setContainer('navigation')
#17 [internal function]: Zend\View\Helper\Navigation->__invoke('navigation')
#18 I:\htdocs\cms-ir\vendor\zendframework\zendframework\library\Zend\View\Renderer\PhpRenderer.php(399): call_user_func_array(Object(Zend\View\Helper\Navigation), Array)
#19 I:\htdocs\cms-ir\vendor\cms-ir\cms-ir\src\CmsIr\Dashboard\view\layout\dashboard.phtml(44): Zend\View\Renderer\PhpRenderer->__call('navigation', Array)
#20 I:\htdocs\cms-ir\vendor\cms-ir\cms-ir\src\CmsIr\Dashboard\view\layout\dashboard.phtml(44): Zend\View\Renderer\PhpRenderer->navigation('navigation')
#21 I:\htdocs\cms-ir\vendor\zendframework\zendframework\library\Zend\View\Renderer\PhpRenderer.php(506): include('I:\\htdocs\\cms-i...')
#22 I:\htdocs\cms-ir\vendor\zendframework\zendframework\library\Zend\View\View.php(205): Zend\View\Renderer\PhpRenderer->render(Object(Zend\View\Model\ViewModel))
#23 I:\htdocs\cms-ir\vendor\zendframework\zendframework\library\Zend\Mvc\View\Http\DefaultRenderingStrategy.php(103): Zend\View\View->render(Object(Zend\View\Model\ViewModel))
#24 [internal function]: Zend\Mvc\View\Http\DefaultRenderingStrategy->render(Object(Zend\Mvc\MvcEvent))
#25 I:\htdocs\cms-ir\vendor\zendframework\zendframework\library\Zend\EventManager\EventManager.php(468): call_user_func(Array, Object(Zend\Mvc\MvcEvent))
#26 I:\htdocs\cms-ir\vendor\zendframework\zendframework\library\Zend\EventManager\EventManager.php(207): Zend\EventManager\EventManager->triggerListeners('render', Object(Zend\Mvc\MvcEvent), Array)
#27 I:\htdocs\cms-ir\vendor\zendframework\zendframework\library\Zend\Mvc\Application.php(352): Zend\EventManager\EventManager->trigger('render', Object(Zend\Mvc\MvcEvent))
#28 I:\htdocs\cms-ir\vendor\zendframework\zendframework\library\Zend\Mvc\Application.php(327): Zend\Mvc\Application->completeRequest(Object(Zend\Mvc\MvcEvent))
#29 I:\htdocs\cms-ir\public\index.php(17): Zend\Mvc\Application->run()
#30 {main}

Next exception 'Zend\Db\Adapter\Exception\InvalidQueryException' with message 'Statement could not be executed (42S02 - 1146 - Table 'cms-ir.menu' doesn't exist)' in I:\htdocs\cms-ir\vendor\zendframework\zendframework\library\Zend\Db\Adapter\Driver\Pdo\Statement.php:244
Stack trace:
#0 I:\htdocs\cms-ir\vendor\zendframework\zendframework\library\Zend\Db\TableGateway\AbstractTableGateway.php(233): Zend\Db\Adapter\Driver\Pdo\Statement->execute()
#1 I:\htdocs\cms-ir\vendor\zendframework\zendframework\library\Zend\Db\TableGateway\AbstractTableGateway.php(208): Zend\Db\TableGateway\AbstractTableGateway->executeSelect(Object(Zend\Db\Sql\Select))
#2 I:\htdocs\cms-ir\vendor\zendframework\zendframework\library\Zend\Db\TableGateway\AbstractTableGateway.php(195): Zend\Db\TableGateway\AbstractTableGateway->selectWith(Object(Zend\Db\Sql\Select))
#3 I:\htdocs\cms-ir\vendor\cms-ir\cms-ir\src\CmsIr\System\src\System\Model\MenuTable.php(27): Zend\Db\TableGateway\AbstractTableGateway->select(Object(Closure))
#4 I:\htdocs\cms-ir\vendor\cms-ir\cms-ir\src\CmsIr\System\src\System\Navigation\MyNavigation.php(13): CmsIr\System\Model\MenuTable->fetchAll()
#5 I:\htdocs\cms-ir\vendor\zendframework\zendframework\library\Zend\Navigation\Service\AbstractNavigationFactory.php(37): CmsIr\System\Navigation\MyNavigation->getPages(Object(Zend\ServiceManager\ServiceManager))
#6 I:\htdocs\cms-ir\vendor\cms-ir\cms-ir\src\CmsIr\System\src\System\Navigation\MyNavigationFactory.php(13): Zend\Navigation\Service\AbstractNavigationFactory->createService(Object(Zend\ServiceManager\ServiceManager))
#7 [internal function]: CmsIr\System\Navigation\MyNavigationFactory->createService(Object(Zend\ServiceManager\ServiceManager), 'navigation', 'navigation')
#8 I:\htdocs\cms-ir\vendor\zendframework\zendframework\library\Zend\ServiceManager\ServiceManager.php(923): call_user_func(Array, Object(Zend\ServiceManager\ServiceManager), 'navigation', 'navigation')
#9 I:\htdocs\cms-ir\vendor\zendframework\zendframework\library\Zend\ServiceManager\ServiceManager.php(1055): Zend\ServiceManager\ServiceManager->createServiceViaCallback(Array, 'navigation', 'navigation')
#10 I:\htdocs\cms-ir\vendor\zendframework\zendframework\library\Zend\ServiceManager\ServiceManager.php(633): Zend\ServiceManager\ServiceManager->createFromFactory('navigation', 'navigation')
#11 I:\htdocs\cms-ir\vendor\zendframework\zendframework\library\Zend\ServiceManager\ServiceManager.php(593): Zend\ServiceManager\ServiceManager->doCreate('navigation', 'navigation')
#12 I:\htdocs\cms-ir\vendor\zendframework\zendframework\library\Zend\ServiceManager\ServiceManager.php(525): Zend\ServiceManager\ServiceManager->create(Array)
#13 I:\htdocs\cms-ir\vendor\zendframework\zendframework\library\Zend\View\Helper\Navigation\AbstractHelper.php(281): Zend\ServiceManager\ServiceManager->get('navigation')
#14 I:\htdocs\cms-ir\vendor\zendframework\zendframework\library\Zend\View\Helper\Navigation\AbstractHelper.php(550): Zend\View\Helper\Navigation\AbstractHelper->parseContainer('navigation')
#15 I:\htdocs\cms-ir\vendor\zendframework\zendframework\library\Zend\View\Helper\Navigation.php(80): Zend\View\Helper\Navigation\AbstractHelper->setContainer('navigation')
#16 [internal function]: Zend\View\Helper\Navigation->__invoke('navigation')
#17 I:\htdocs\cms-ir\vendor\zendframework\zendframework\library\Zend\View\Renderer\PhpRenderer.php(399): call_user_func_array(Object(Zend\View\Helper\Navigation), Array)
#18 I:\htdocs\cms-ir\vendor\cms-ir\cms-ir\src\CmsIr\Dashboard\view\layout\dashboard.phtml(44): Zend\View\Renderer\PhpRenderer->__call('navigation', Array)
#19 I:\htdocs\cms-ir\vendor\cms-ir\cms-ir\src\CmsIr\Dashboard\view\layout\dashboard.phtml(44): Zend\View\Renderer\PhpRenderer->navigation('navigation')
#20 I:\htdocs\cms-ir\vendor\zendframework\zendframework\library\Zend\View\Renderer\PhpRenderer.php(506): include('I:\\htdocs\\cms-i...')
#21 I:\htdocs\cms-ir\vendor\zendframework\zendframework\library\Zend\View\View.php(205): Zend\View\Renderer\PhpRenderer->render(Object(Zend\View\Model\ViewModel))
#22 I:\htdocs\cms-ir\vendor\zendframework\zendframework\library\Zend\Mvc\View\Http\DefaultRenderingStrategy.php(103): Zend\View\View->render(Object(Zend\View\Model\ViewModel))
#23 [internal function]: Zend\Mvc\View\Http\DefaultRenderingStrategy->render(Object(Zend\Mvc\MvcEvent))
#24 I:\htdocs\cms-ir\vendor\zendframework\zendframework\library\Zend\EventManager\EventManager.php(468): call_user_func(Array, Object(Zend\Mvc\MvcEvent))
#25 I:\htdocs\cms-ir\vendor\zendframework\zendframework\library\Zend\EventManager\EventManager.php(207): Zend\EventManager\EventManager->triggerListeners('render', Object(Zend\Mvc\MvcEvent), Array)
#26 I:\htdocs\cms-ir\vendor\zendframework\zendframework\library\Zend\Mvc\Application.php(352): Zend\EventManager\EventManager->trigger('render', Object(Zend\Mvc\MvcEvent))
#27 I:\htdocs\cms-ir\vendor\zendframework\zendframework\library\Zend\Mvc\Application.php(327): Zend\Mvc\Application->completeRequest(Object(Zend\Mvc\MvcEvent))
#28 I:\htdocs\cms-ir\public\index.php(17): Zend\Mvc\Application->run()
#29 {main}

Next exception 'Zend\ServiceManager\Exception\ServiceNotCreatedException' with message 'An exception was raised while creating "navigation"; no instance returned' in I:\htdocs\cms-ir\vendor\zendframework\zendframework\library\Zend\ServiceManager\ServiceManager.php:930
Stack trace:
#0 I:\htdocs\cms-ir\vendor\zendframework\zendframework\library\Zend\ServiceManager\ServiceManager.php(1055): Zend\ServiceManager\ServiceManager->createServiceViaCallback(Array, 'navigation', 'navigation')
#1 I:\htdocs\cms-ir\vendor\zendframework\zendframework\library\Zend\ServiceManager\ServiceManager.php(633): Zend\ServiceManager\ServiceManager->createFromFactory('navigation', 'navigation')
#2 I:\htdocs\cms-ir\vendor\zendframework\zendframework\library\Zend\ServiceManager\ServiceManager.php(593): Zend\ServiceManager\ServiceManager->doCreate('navigation', 'navigation')
#3 I:\htdocs\cms-ir\vendor\zendframework\zendframework\library\Zend\ServiceManager\ServiceManager.php(525): Zend\ServiceManager\ServiceManager->create(Array)
#4 I:\htdocs\cms-ir\vendor\zendframework\zendframework\library\Zend\View\Helper\Navigation\AbstractHelper.php(281): Zend\ServiceManager\ServiceManager->get('navigation')
#5 I:\htdocs\cms-ir\vendor\zendframework\zendframework\library\Zend\View\Helper\Navigation\AbstractHelper.php(550): Zend\View\Helper\Navigation\AbstractHelper->parseContainer('navigation')
#6 I:\htdocs\cms-ir\vendor\zendframework\zendframework\library\Zend\View\Helper\Navigation.php(80): Zend\View\Helper\Navigation\AbstractHelper->setContainer('navigation')
#7 [internal function]: Zend\View\Helper\Navigation->__invoke('navigation')
#8 I:\htdocs\cms-ir\vendor\zendframework\zendframework\library\Zend\View\Renderer\PhpRenderer.php(399): call_user_func_array(Object(Zend\View\Helper\Navigation), Array)
#9 I:\htdocs\cms-ir\vendor\cms-ir\cms-ir\src\CmsIr\Dashboard\view\layout\dashboard.phtml(44): Zend\View\Renderer\PhpRenderer->__call('navigation', Array)
#10 I:\htdocs\cms-ir\vendor\cms-ir\cms-ir\src\CmsIr\Dashboard\view\layout\dashboard.phtml(44): Zend\View\Renderer\PhpRenderer->navigation('navigation')
#11 I:\htdocs\cms-ir\vendor\zendframework\zendframework\library\Zend\View\Renderer\PhpRenderer.php(506): include('I:\\htdocs\\cms-i...')
#12 I:\htdocs\cms-ir\vendor\zendframework\zendframework\library\Zend\View\View.php(205): Zend\View\Renderer\PhpRenderer->render(Object(Zend\View\Model\ViewModel))
#13 I:\htdocs\cms-ir\vendor\zendframework\zendframework\library\Zend\Mvc\View\Http\DefaultRenderingStrategy.php(103): Zend\View\View->render(Object(Zend\View\Model\ViewModel))
#14 [internal function]: Zend\Mvc\View\Http\DefaultRenderingStrategy->render(Object(Zend\Mvc\MvcEvent))
#15 I:\htdocs\cms-ir\vendor\zendframework\zendframework\library\Zend\EventManager\EventManager.php(468): call_user_func(Array, Object(Zend\Mvc\MvcEvent))
#16 I:\htdocs\cms-ir\vendor\zendframework\zendframework\library\Zend\EventManager\EventManager.php(207): Zend\EventManager\EventManager->triggerListeners('render', Object(Zend\Mvc\MvcEvent), Array)
#17 I:\htdocs\cms-ir\vendor\zendframework\zendframework\library\Zend\Mvc\Application.php(352): Zend\EventManager\EventManager->trigger('render', Object(Zend\Mvc\MvcEvent))
#18 I:\htdocs\cms-ir\vendor\zendframework\zendframework\library\Zend\Mvc\Application.php(327): Zend\Mvc\Application->completeRequest(Object(Zend\Mvc\MvcEvent))
#19 I:\htdocs\cms-ir\public\index.php(17): Zend\Mvc\Application->run()
#20 {main}
2015-04-06T19:39:26+02:00 CRIT (2): exception 'Zend\Navigation\Exception\InvalidArgumentException' with message 'Invalid argument: $route must be a non-empty string or null' in I:\htdocs\cms-ir\vendor\zendframework\zendframework\library\Zend\Navigation\Page\Mvc.php:398
Stack trace:
#0 I:\htdocs\cms-ir\vendor\zendframework\zendframework\library\Zend\Navigation\Page\AbstractPage.php(969): Zend\Navigation\Page\Mvc->setRoute('')
#1 I:\htdocs\cms-ir\vendor\zendframework\zendframework\library\Zend\Navigation\Page\AbstractPage.php(314): Zend\Navigation\Page\AbstractPage->set('route', '')
#2 I:\htdocs\cms-ir\vendor\zendframework\zendframework\library\Zend\Navigation\Page\AbstractPage.php(283): Zend\Navigation\Page\AbstractPage->setOptions(Array)
#3 I:\htdocs\cms-ir\vendor\zendframework\zendframework\library\Zend\Navigation\Page\AbstractPage.php(250): Zend\Navigation\Page\AbstractPage->__construct(Array)
#4 I:\htdocs\cms-ir\vendor\zendframework\zendframework\library\Zend\Navigation\AbstractContainer.php(114): Zend\Navigation\Page\AbstractPage::factory(Array)
#5 I:\htdocs\cms-ir\vendor\zendframework\zendframework\library\Zend\Navigation\AbstractContainer.php(165): Zend\Navigation\AbstractContainer->addPage(Array)
#6 I:\htdocs\cms-ir\vendor\zendframework\zendframework\library\Zend\Navigation\Navigation.php(35): Zend\Navigation\AbstractContainer->addPages(Array)
#7 I:\htdocs\cms-ir\vendor\zendframework\zendframework\library\Zend\Navigation\Service\AbstractNavigationFactory.php(38): Zend\Navigation\Navigation->__construct(Array)
#8 I:\htdocs\cms-ir\vendor\cms-ir\cms-ir\src\CmsIr\System\src\System\Navigation\MyNavigationFactory.php(13): Zend\Navigation\Service\AbstractNavigationFactory->createService(Object(Zend\ServiceManager\ServiceManager))
#9 [internal function]: CmsIr\System\Navigation\MyNavigationFactory->createService(Object(Zend\ServiceManager\ServiceManager), 'navigation', 'navigation')
#10 I:\htdocs\cms-ir\vendor\zendframework\zendframework\library\Zend\ServiceManager\ServiceManager.php(923): call_user_func(Array, Object(Zend\ServiceManager\ServiceManager), 'navigation', 'navigation')
#11 I:\htdocs\cms-ir\vendor\zendframework\zendframework\library\Zend\ServiceManager\ServiceManager.php(1055): Zend\ServiceManager\ServiceManager->createServiceViaCallback(Array, 'navigation', 'navigation')
#12 I:\htdocs\cms-ir\vendor\zendframework\zendframework\library\Zend\ServiceManager\ServiceManager.php(633): Zend\ServiceManager\ServiceManager->createFromFactory('navigation', 'navigation')
#13 I:\htdocs\cms-ir\vendor\zendframework\zendframework\library\Zend\ServiceManager\ServiceManager.php(593): Zend\ServiceManager\ServiceManager->doCreate('navigation', 'navigation')
#14 I:\htdocs\cms-ir\vendor\zendframework\zendframework\library\Zend\ServiceManager\ServiceManager.php(525): Zend\ServiceManager\ServiceManager->create(Array)
#15 I:\htdocs\cms-ir\vendor\zendframework\zendframework\library\Zend\View\Helper\Navigation\AbstractHelper.php(281): Zend\ServiceManager\ServiceManager->get('navigation')
#16 I:\htdocs\cms-ir\vendor\zendframework\zendframework\library\Zend\View\Helper\Navigation\AbstractHelper.php(550): Zend\View\Helper\Navigation\AbstractHelper->parseContainer('navigation')
#17 I:\htdocs\cms-ir\vendor\zendframework\zendframework\library\Zend\View\Helper\Navigation.php(80): Zend\View\Helper\Navigation\AbstractHelper->setContainer('navigation')
#18 [internal function]: Zend\View\Helper\Navigation->__invoke('navigation')
#19 I:\htdocs\cms-ir\vendor\zendframework\zendframework\library\Zend\View\Renderer\PhpRenderer.php(399): call_user_func_array(Object(Zend\View\Helper\Navigation), Array)
#20 I:\htdocs\cms-ir\vendor\cms-ir\cms-ir\src\CmsIr\Dashboard\view\layout\dashboard.phtml(44): Zend\View\Renderer\PhpRenderer->__call('navigation', Array)
#21 I:\htdocs\cms-ir\vendor\cms-ir\cms-ir\src\CmsIr\Dashboard\view\layout\dashboard.phtml(44): Zend\View\Renderer\PhpRenderer->navigation('navigation')
#22 I:\htdocs\cms-ir\vendor\zendframework\zendframework\library\Zend\View\Renderer\PhpRenderer.php(506): include('I:\\htdocs\\cms-i...')
#23 I:\htdocs\cms-ir\vendor\zendframework\zendframework\library\Zend\View\View.php(205): Zend\View\Renderer\PhpRenderer->render(Object(Zend\View\Model\ViewModel))
#24 I:\htdocs\cms-ir\vendor\zendframework\zendframework\library\Zend\Mvc\View\Http\DefaultRenderingStrategy.php(103): Zend\View\View->render(Object(Zend\View\Model\ViewModel))
#25 [internal function]: Zend\Mvc\View\Http\DefaultRenderingStrategy->render(Object(Zend\Mvc\MvcEvent))
#26 I:\htdocs\cms-ir\vendor\zendframework\zendframework\library\Zend\EventManager\EventManager.php(468): call_user_func(Array, Object(Zend\Mvc\MvcEvent))
#27 I:\htdocs\cms-ir\vendor\zendframework\zendframework\library\Zend\EventManager\EventManager.php(207): Zend\EventManager\EventManager->triggerListeners('render', Object(Zend\Mvc\MvcEvent), Array)
#28 I:\htdocs\cms-ir\vendor\zendframework\zendframework\library\Zend\Mvc\Application.php(352): Zend\EventManager\EventManager->trigger('render', Object(Zend\Mvc\MvcEvent))
#29 I:\htdocs\cms-ir\vendor\zendframework\zendframework\library\Zend\Mvc\Application.php(327): Zend\Mvc\Application->completeRequest(Object(Zend\Mvc\MvcEvent))
#30 I:\htdocs\cms-ir\public\index.php(17): Zend\Mvc\Application->run()
#31 {main}

Next exception 'Zend\ServiceManager\Exception\ServiceNotCreatedException' with message 'An exception was raised while creating "navigation"; no instance returned' in I:\htdocs\cms-ir\vendor\zendframework\zendframework\library\Zend\ServiceManager\ServiceManager.php:930
Stack trace:
#0 I:\htdocs\cms-ir\vendor\zendframework\zendframework\library\Zend\ServiceManager\ServiceManager.php(1055): Zend\ServiceManager\ServiceManager->createServiceViaCallback(Array, 'navigation', 'navigation')
#1 I:\htdocs\cms-ir\vendor\zendframework\zendframework\library\Zend\ServiceManager\ServiceManager.php(633): Zend\ServiceManager\ServiceManager->createFromFactory('navigation', 'navigation')
#2 I:\htdocs\cms-ir\vendor\zendframework\zendframework\library\Zend\ServiceManager\ServiceManager.php(593): Zend\ServiceManager\ServiceManager->doCreate('navigation', 'navigation')
#3 I:\htdocs\cms-ir\vendor\zendframework\zendframework\library\Zend\ServiceManager\ServiceManager.php(525): Zend\ServiceManager\ServiceManager->create(Array)
#4 I:\htdocs\cms-ir\vendor\zendframework\zendframework\library\Zend\View\Helper\Navigation\AbstractHelper.php(281): Zend\ServiceManager\ServiceManager->get('navigation')
#5 I:\htdocs\cms-ir\vendor\zendframework\zendframework\library\Zend\View\Helper\Navigation\AbstractHelper.php(550): Zend\View\Helper\Navigation\AbstractHelper->parseContainer('navigation')
#6 I:\htdocs\cms-ir\vendor\zendframework\zendframework\library\Zend\View\Helper\Navigation.php(80): Zend\View\Helper\Navigation\AbstractHelper->setContainer('navigation')
#7 [internal function]: Zend\View\Helper\Navigation->__invoke('navigation')
#8 I:\htdocs\cms-ir\vendor\zendframework\zendframework\library\Zend\View\Renderer\PhpRenderer.php(399): call_user_func_array(Object(Zend\View\Helper\Navigation), Array)
#9 I:\htdocs\cms-ir\vendor\cms-ir\cms-ir\src\CmsIr\Dashboard\view\layout\dashboard.phtml(44): Zend\View\Renderer\PhpRenderer->__call('navigation', Array)
#10 I:\htdocs\cms-ir\vendor\cms-ir\cms-ir\src\CmsIr\Dashboard\view\layout\dashboard.phtml(44): Zend\View\Renderer\PhpRenderer->navigation('navigation')
#11 I:\htdocs\cms-ir\vendor\zendframework\zendframework\library\Zend\View\Renderer\PhpRenderer.php(506): include('I:\\htdocs\\cms-i...')
#12 I:\htdocs\cms-ir\vendor\zendframework\zendframework\library\Zend\View\View.php(205): Zend\View\Renderer\PhpRenderer->render(Object(Zend\View\Model\ViewModel))
#13 I:\htdocs\cms-ir\vendor\zendframework\zendframework\library\Zend\Mvc\View\Http\DefaultRenderingStrategy.php(103): Zend\View\View->render(Object(Zend\View\Model\ViewModel))
#14 [internal function]: Zend\Mvc\View\Http\DefaultRenderingStrategy->render(Object(Zend\Mvc\MvcEvent))
#15 I:\htdocs\cms-ir\vendor\zendframework\zendframework\library\Zend\EventManager\EventManager.php(468): call_user_func(Array, Object(Zend\Mvc\MvcEvent))
#16 I:\htdocs\cms-ir\vendor\zendframework\zendframework\library\Zend\EventManager\EventManager.php(207): Zend\EventManager\EventManager->triggerListeners('render', Object(Zend\Mvc\MvcEvent), Array)
#17 I:\htdocs\cms-ir\vendor\zendframework\zendframework\library\Zend\Mvc\Application.php(352): Zend\EventManager\EventManager->trigger('render', Object(Zend\Mvc\MvcEvent))
#18 I:\htdocs\cms-ir\vendor\zendframework\zendframework\library\Zend\Mvc\Application.php(327): Zend\Mvc\Application->completeRequest(Object(Zend\Mvc\MvcEvent))
#19 I:\htdocs\cms-ir\public\index.php(17): Zend\Mvc\Application->run()
#20 {main}
