2015-04-15T18:56:08+02:00 CRIT (2): exception 'PDOException' with message 'SQLSTATE[HY000]: General error: 2006 MySQL server has gone away' in I:\htdocs\szyk\vendor\zendframework\zendframework\library\Zend\Db\Adapter\Driver\Pdo\Statement.php:239
Stack trace:
#0 I:\htdocs\szyk\vendor\zendframework\zendframework\library\Zend\Db\Adapter\Driver\Pdo\Statement.php(239): PDOStatement->execute()
#1 I:\htdocs\szyk\vendor\zendframework\zendframework\library\Zend\Db\TableGateway\AbstractTableGateway.php(291): Zend\Db\Adapter\Driver\Pdo\Statement->execute()
#2 I:\htdocs\szyk\vendor\zendframework\zendframework\library\Zend\Db\TableGateway\AbstractTableGateway.php(258): Zend\Db\TableGateway\AbstractTableGateway->executeInsert(Object(Zend\Db\Sql\Insert))
#3 I:\htdocs\szyk\vendor\cms-ir\cms-ir\src\CmsIr\Page\src\Page\Model\PageTable.php(74): Zend\Db\TableGateway\AbstractTableGateway->insert(Array)
#4 I:\htdocs\szyk\vendor\cms-ir\cms-ir\src\CmsIr\Page\src\Page\Controller\PageController.php(57): CmsIr\Page\Model\PageTable->save(Object(CmsIr\Page\Model\Page))
#5 I:\htdocs\szyk\vendor\zendframework\zendframework\library\Zend\Mvc\Controller\AbstractActionController.php(83): CmsIr\Page\Controller\PageController->createAction()
#6 [internal function]: Zend\Mvc\Controller\AbstractActionController->onDispatch(Object(Zend\Mvc\MvcEvent))
#7 I:\htdocs\szyk\vendor\zendframework\zendframework\library\Zend\EventManager\EventManager.php(468): call_user_func(Array, Object(Zend\Mvc\MvcEvent))
#8 I:\htdocs\szyk\vendor\zendframework\zendframework\library\Zend\EventManager\EventManager.php(207): Zend\EventManager\EventManager->triggerListeners('dispatch', Object(Zend\Mvc\MvcEvent), Object(Closure))
#9 I:\htdocs\szyk\vendor\zendframework\zendframework\library\Zend\Mvc\Controller\AbstractController.php(116): Zend\EventManager\EventManager->trigger('dispatch', Object(Zend\Mvc\MvcEvent), Object(Closure))
#10 I:\htdocs\szyk\vendor\zendframework\zendframework\library\Zend\Mvc\DispatchListener.php(113): Zend\Mvc\Controller\AbstractController->dispatch(Object(Zend\Http\PhpEnvironment\Request), Object(Zend\Http\PhpEnvironment\Response))
#11 [internal function]: Zend\Mvc\DispatchListener->onDispatch(Object(Zend\Mvc\MvcEvent))
#12 I:\htdocs\szyk\vendor\zendframework\zendframework\library\Zend\EventManager\EventManager.php(468): call_user_func(Array, Object(Zend\Mvc\MvcEvent))
#13 I:\htdocs\szyk\vendor\zendframework\zendframework\library\Zend\EventManager\EventManager.php(207): Zend\EventManager\EventManager->triggerListeners('dispatch', Object(Zend\Mvc\MvcEvent), Object(Closure))
#14 I:\htdocs\szyk\vendor\zendframework\zendframework\library\Zend\Mvc\Application.php(313): Zend\EventManager\EventManager->trigger('dispatch', Object(Zend\Mvc\MvcEvent), Object(Closure))
#15 I:\htdocs\szyk\public\index.php(17): Zend\Mvc\Application->run()
#16 {main}

Next exception 'Zend\Db\Adapter\Exception\InvalidQueryException' with message 'Statement could not be executed (HY000 - 2006 - MySQL server has gone away)' in I:\htdocs\szyk\vendor\zendframework\zendframework\library\Zend\Db\Adapter\Driver\Pdo\Statement.php:244
Stack trace:
#0 I:\htdocs\szyk\vendor\zendframework\zendframework\library\Zend\Db\TableGateway\AbstractTableGateway.php(291): Zend\Db\Adapter\Driver\Pdo\Statement->execute()
#1 I:\htdocs\szyk\vendor\zendframework\zendframework\library\Zend\Db\TableGateway\AbstractTableGateway.php(258): Zend\Db\TableGateway\AbstractTableGateway->executeInsert(Object(Zend\Db\Sql\Insert))
#2 I:\htdocs\szyk\vendor\cms-ir\cms-ir\src\CmsIr\Page\src\Page\Model\PageTable.php(74): Zend\Db\TableGateway\AbstractTableGateway->insert(Array)
#3 I:\htdocs\szyk\vendor\cms-ir\cms-ir\src\CmsIr\Page\src\Page\Controller\PageController.php(57): CmsIr\Page\Model\PageTable->save(Object(CmsIr\Page\Model\Page))
#4 I:\htdocs\szyk\vendor\zendframework\zendframework\library\Zend\Mvc\Controller\AbstractActionController.php(83): CmsIr\Page\Controller\PageController->createAction()
#5 [internal function]: Zend\Mvc\Controller\AbstractActionController->onDispatch(Object(Zend\Mvc\MvcEvent))
#6 I:\htdocs\szyk\vendor\zendframework\zendframework\library\Zend\EventManager\EventManager.php(468): call_user_func(Array, Object(Zend\Mvc\MvcEvent))
#7 I:\htdocs\szyk\vendor\zendframework\zendframework\library\Zend\EventManager\EventManager.php(207): Zend\EventManager\EventManager->triggerListeners('dispatch', Object(Zend\Mvc\MvcEvent), Object(Closure))
#8 I:\htdocs\szyk\vendor\zendframework\zendframework\library\Zend\Mvc\Controller\AbstractController.php(116): Zend\EventManager\EventManager->trigger('dispatch', Object(Zend\Mvc\MvcEvent), Object(Closure))
#9 I:\htdocs\szyk\vendor\zendframework\zendframework\library\Zend\Mvc\DispatchListener.php(113): Zend\Mvc\Controller\AbstractController->dispatch(Object(Zend\Http\PhpEnvironment\Request), Object(Zend\Http\PhpEnvironment\Response))
#10 [internal function]: Zend\Mvc\DispatchListener->onDispatch(Object(Zend\Mvc\MvcEvent))
#11 I:\htdocs\szyk\vendor\zendframework\zendframework\library\Zend\EventManager\EventManager.php(468): call_user_func(Array, Object(Zend\Mvc\MvcEvent))
#12 I:\htdocs\szyk\vendor\zendframework\zendframework\library\Zend\EventManager\EventManager.php(207): Zend\EventManager\EventManager->triggerListeners('dispatch', Object(Zend\Mvc\MvcEvent), Object(Closure))
#13 I:\htdocs\szyk\vendor\zendframework\zendframework\library\Zend\Mvc\Application.php(313): Zend\EventManager\EventManager->trigger('dispatch', Object(Zend\Mvc\MvcEvent), Object(Closure))
#14 I:\htdocs\szyk\public\index.php(17): Zend\Mvc\Application->run()
#15 {main}
2015-04-15T18:56:08+02:00 CRIT (2): exception 'PDOException' with message 'SQLSTATE[HY000]: General error: 2006 MySQL server has gone away' in I:\htdocs\szyk\vendor\zendframework\zendframework\library\Zend\Db\Adapter\Driver\Pdo\Statement.php:239
Stack trace:
#0 I:\htdocs\szyk\vendor\zendframework\zendframework\library\Zend\Db\Adapter\Driver\Pdo\Statement.php(239): PDOStatement->execute()
#1 I:\htdocs\szyk\vendor\zendframework\zendframework\library\Zend\Db\TableGateway\AbstractTableGateway.php(233): Zend\Db\Adapter\Driver\Pdo\Statement->execute()
#2 I:\htdocs\szyk\vendor\zendframework\zendframework\library\Zend\Db\TableGateway\AbstractTableGateway.php(208): Zend\Db\TableGateway\AbstractTableGateway->executeSelect(Object(Zend\Db\Sql\Select))
#3 I:\htdocs\szyk\vendor\zendframework\zendframework\library\Zend\Db\TableGateway\AbstractTableGateway.php(195): Zend\Db\TableGateway\AbstractTableGateway->selectWith(Object(Zend\Db\Sql\Select))
#4 I:\htdocs\szyk\vendor\cms-ir\cms-ir\src\CmsIr\System\src\System\Model\MenuTable.php(30): Zend\Db\TableGateway\AbstractTableGateway->select(Object(Closure))
#5 I:\htdocs\szyk\vendor\cms-ir\cms-ir\src\CmsIr\System\src\System\Navigation\MyNavigation.php(13): CmsIr\System\Model\MenuTable->fetchAll()
#6 I:\htdocs\szyk\vendor\zendframework\zendframework\library\Zend\Navigation\Service\AbstractNavigationFactory.php(37): CmsIr\System\Navigation\MyNavigation->getPages(Object(Zend\ServiceManager\ServiceManager))
#7 I:\htdocs\szyk\vendor\cms-ir\cms-ir\src\CmsIr\System\src\System\Navigation\MyNavigationFactory.php(13): Zend\Navigation\Service\AbstractNavigationFactory->createService(Object(Zend\ServiceManager\ServiceManager))
#8 [internal function]: CmsIr\System\Navigation\MyNavigationFactory->createService(Object(Zend\ServiceManager\ServiceManager), 'navigation', 'navigation')
#9 I:\htdocs\szyk\vendor\zendframework\zendframework\library\Zend\ServiceManager\ServiceManager.php(923): call_user_func(Array, Object(Zend\ServiceManager\ServiceManager), 'navigation', 'navigation')
#10 I:\htdocs\szyk\vendor\zendframework\zendframework\library\Zend\ServiceManager\ServiceManager.php(1055): Zend\ServiceManager\ServiceManager->createServiceViaCallback(Array, 'navigation', 'navigation')
#11 I:\htdocs\szyk\vendor\zendframework\zendframework\library\Zend\ServiceManager\ServiceManager.php(633): Zend\ServiceManager\ServiceManager->createFromFactory('navigation', 'navigation')
#12 I:\htdocs\szyk\vendor\zendframework\zendframework\library\Zend\ServiceManager\ServiceManager.php(593): Zend\ServiceManager\ServiceManager->doCreate('navigation', 'navigation')
#13 I:\htdocs\szyk\vendor\zendframework\zendframework\library\Zend\ServiceManager\ServiceManager.php(525): Zend\ServiceManager\ServiceManager->create(Array)
#14 I:\htdocs\szyk\vendor\zendframework\zendframework\library\Zend\View\Helper\Navigation\AbstractHelper.php(281): Zend\ServiceManager\ServiceManager->get('navigation')
#15 I:\htdocs\szyk\vendor\zendframework\zendframework\library\Zend\View\Helper\Navigation\AbstractHelper.php(550): Zend\View\Helper\Navigation\AbstractHelper->parseContainer('navigation')
#16 I:\htdocs\szyk\vendor\zendframework\zendframework\library\Zend\View\Helper\Navigation.php(80): Zend\View\Helper\Navigation\AbstractHelper->setContainer('navigation')
#17 [internal function]: Zend\View\Helper\Navigation->__invoke('navigation')
#18 I:\htdocs\szyk\vendor\zendframework\zendframework\library\Zend\View\Renderer\PhpRenderer.php(399): call_user_func_array(Object(Zend\View\Helper\Navigation), Array)
#19 I:\htdocs\szyk\vendor\cms-ir\cms-ir\src\CmsIr\Dashboard\view\layout\dashboard.phtml(44): Zend\View\Renderer\PhpRenderer->__call('navigation', Array)
#20 I:\htdocs\szyk\vendor\cms-ir\cms-ir\src\CmsIr\Dashboard\view\layout\dashboard.phtml(44): Zend\View\Renderer\PhpRenderer->navigation('navigation')
#21 I:\htdocs\szyk\vendor\zendframework\zendframework\library\Zend\View\Renderer\PhpRenderer.php(506): include('I:\\htdocs\\szyk\\...')
#22 I:\htdocs\szyk\vendor\zendframework\zendframework\library\Zend\View\View.php(205): Zend\View\Renderer\PhpRenderer->render(Object(Zend\View\Model\ViewModel))
#23 I:\htdocs\szyk\vendor\zendframework\zendframework\library\Zend\Mvc\View\Http\DefaultRenderingStrategy.php(103): Zend\View\View->render(Object(Zend\View\Model\ViewModel))
#24 [internal function]: Zend\Mvc\View\Http\DefaultRenderingStrategy->render(Object(Zend\Mvc\MvcEvent))
#25 I:\htdocs\szyk\vendor\zendframework\zendframework\library\Zend\EventManager\EventManager.php(468): call_user_func(Array, Object(Zend\Mvc\MvcEvent))
#26 I:\htdocs\szyk\vendor\zendframework\zendframework\library\Zend\EventManager\EventManager.php(207): Zend\EventManager\EventManager->triggerListeners('render', Object(Zend\Mvc\MvcEvent), Array)
#27 I:\htdocs\szyk\vendor\zendframework\zendframework\library\Zend\Mvc\Application.php(352): Zend\EventManager\EventManager->trigger('render', Object(Zend\Mvc\MvcEvent))
#28 I:\htdocs\szyk\vendor\zendframework\zendframework\library\Zend\Mvc\Application.php(327): Zend\Mvc\Application->completeRequest(Object(Zend\Mvc\MvcEvent))
#29 I:\htdocs\szyk\public\index.php(17): Zend\Mvc\Application->run()
#30 {main}

Next exception 'Zend\Db\Adapter\Exception\InvalidQueryException' with message 'Statement could not be executed (HY000 - 2006 - MySQL server has gone away)' in I:\htdocs\szyk\vendor\zendframework\zendframework\library\Zend\Db\Adapter\Driver\Pdo\Statement.php:244
Stack trace:
#0 I:\htdocs\szyk\vendor\zendframework\zendframework\library\Zend\Db\TableGateway\AbstractTableGateway.php(233): Zend\Db\Adapter\Driver\Pdo\Statement->execute()
#1 I:\htdocs\szyk\vendor\zendframework\zendframework\library\Zend\Db\TableGateway\AbstractTableGateway.php(208): Zend\Db\TableGateway\AbstractTableGateway->executeSelect(Object(Zend\Db\Sql\Select))
#2 I:\htdocs\szyk\vendor\zendframework\zendframework\library\Zend\Db\TableGateway\AbstractTableGateway.php(195): Zend\Db\TableGateway\AbstractTableGateway->selectWith(Object(Zend\Db\Sql\Select))
#3 I:\htdocs\szyk\vendor\cms-ir\cms-ir\src\CmsIr\System\src\System\Model\MenuTable.php(30): Zend\Db\TableGateway\AbstractTableGateway->select(Object(Closure))
#4 I:\htdocs\szyk\vendor\cms-ir\cms-ir\src\CmsIr\System\src\System\Navigation\MyNavigation.php(13): CmsIr\System\Model\MenuTable->fetchAll()
#5 I:\htdocs\szyk\vendor\zendframework\zendframework\library\Zend\Navigation\Service\AbstractNavigationFactory.php(37): CmsIr\System\Navigation\MyNavigation->getPages(Object(Zend\ServiceManager\ServiceManager))
#6 I:\htdocs\szyk\vendor\cms-ir\cms-ir\src\CmsIr\System\src\System\Navigation\MyNavigationFactory.php(13): Zend\Navigation\Service\AbstractNavigationFactory->createService(Object(Zend\ServiceManager\ServiceManager))
#7 [internal function]: CmsIr\System\Navigation\MyNavigationFactory->createService(Object(Zend\ServiceManager\ServiceManager), 'navigation', 'navigation')
#8 I:\htdocs\szyk\vendor\zendframework\zendframework\library\Zend\ServiceManager\ServiceManager.php(923): call_user_func(Array, Object(Zend\ServiceManager\ServiceManager), 'navigation', 'navigation')
#9 I:\htdocs\szyk\vendor\zendframework\zendframework\library\Zend\ServiceManager\ServiceManager.php(1055): Zend\ServiceManager\ServiceManager->createServiceViaCallback(Array, 'navigation', 'navigation')
#10 I:\htdocs\szyk\vendor\zendframework\zendframework\library\Zend\ServiceManager\ServiceManager.php(633): Zend\ServiceManager\ServiceManager->createFromFactory('navigation', 'navigation')
#11 I:\htdocs\szyk\vendor\zendframework\zendframework\library\Zend\ServiceManager\ServiceManager.php(593): Zend\ServiceManager\ServiceManager->doCreate('navigation', 'navigation')
#12 I:\htdocs\szyk\vendor\zendframework\zendframework\library\Zend\ServiceManager\ServiceManager.php(525): Zend\ServiceManager\ServiceManager->create(Array)
#13 I:\htdocs\szyk\vendor\zendframework\zendframework\library\Zend\View\Helper\Navigation\AbstractHelper.php(281): Zend\ServiceManager\ServiceManager->get('navigation')
#14 I:\htdocs\szyk\vendor\zendframework\zendframework\library\Zend\View\Helper\Navigation\AbstractHelper.php(550): Zend\View\Helper\Navigation\AbstractHelper->parseContainer('navigation')
#15 I:\htdocs\szyk\vendor\zendframework\zendframework\library\Zend\View\Helper\Navigation.php(80): Zend\View\Helper\Navigation\AbstractHelper->setContainer('navigation')
#16 [internal function]: Zend\View\Helper\Navigation->__invoke('navigation')
#17 I:\htdocs\szyk\vendor\zendframework\zendframework\library\Zend\View\Renderer\PhpRenderer.php(399): call_user_func_array(Object(Zend\View\Helper\Navigation), Array)
#18 I:\htdocs\szyk\vendor\cms-ir\cms-ir\src\CmsIr\Dashboard\view\layout\dashboard.phtml(44): Zend\View\Renderer\PhpRenderer->__call('navigation', Array)
#19 I:\htdocs\szyk\vendor\cms-ir\cms-ir\src\CmsIr\Dashboard\view\layout\dashboard.phtml(44): Zend\View\Renderer\PhpRenderer->navigation('navigation')
#20 I:\htdocs\szyk\vendor\zendframework\zendframework\library\Zend\View\Renderer\PhpRenderer.php(506): include('I:\\htdocs\\szyk\\...')
#21 I:\htdocs\szyk\vendor\zendframework\zendframework\library\Zend\View\View.php(205): Zend\View\Renderer\PhpRenderer->render(Object(Zend\View\Model\ViewModel))
#22 I:\htdocs\szyk\vendor\zendframework\zendframework\library\Zend\Mvc\View\Http\DefaultRenderingStrategy.php(103): Zend\View\View->render(Object(Zend\View\Model\ViewModel))
#23 [internal function]: Zend\Mvc\View\Http\DefaultRenderingStrategy->render(Object(Zend\Mvc\MvcEvent))
#24 I:\htdocs\szyk\vendor\zendframework\zendframework\library\Zend\EventManager\EventManager.php(468): call_user_func(Array, Object(Zend\Mvc\MvcEvent))
#25 I:\htdocs\szyk\vendor\zendframework\zendframework\library\Zend\EventManager\EventManager.php(207): Zend\EventManager\EventManager->triggerListeners('render', Object(Zend\Mvc\MvcEvent), Array)
#26 I:\htdocs\szyk\vendor\zendframework\zendframework\library\Zend\Mvc\Application.php(352): Zend\EventManager\EventManager->trigger('render', Object(Zend\Mvc\MvcEvent))
#27 I:\htdocs\szyk\vendor\zendframework\zendframework\library\Zend\Mvc\Application.php(327): Zend\Mvc\Application->completeRequest(Object(Zend\Mvc\MvcEvent))
#28 I:\htdocs\szyk\public\index.php(17): Zend\Mvc\Application->run()
#29 {main}

Next exception 'Zend\ServiceManager\Exception\ServiceNotCreatedException' with message 'An exception was raised while creating "navigation"; no instance returned' in I:\htdocs\szyk\vendor\zendframework\zendframework\library\Zend\ServiceManager\ServiceManager.php:930
Stack trace:
#0 I:\htdocs\szyk\vendor\zendframework\zendframework\library\Zend\ServiceManager\ServiceManager.php(1055): Zend\ServiceManager\ServiceManager->createServiceViaCallback(Array, 'navigation', 'navigation')
#1 I:\htdocs\szyk\vendor\zendframework\zendframework\library\Zend\ServiceManager\ServiceManager.php(633): Zend\ServiceManager\ServiceManager->createFromFactory('navigation', 'navigation')
#2 I:\htdocs\szyk\vendor\zendframework\zendframework\library\Zend\ServiceManager\ServiceManager.php(593): Zend\ServiceManager\ServiceManager->doCreate('navigation', 'navigation')
#3 I:\htdocs\szyk\vendor\zendframework\zendframework\library\Zend\ServiceManager\ServiceManager.php(525): Zend\ServiceManager\ServiceManager->create(Array)
#4 I:\htdocs\szyk\vendor\zendframework\zendframework\library\Zend\View\Helper\Navigation\AbstractHelper.php(281): Zend\ServiceManager\ServiceManager->get('navigation')
#5 I:\htdocs\szyk\vendor\zendframework\zendframework\library\Zend\View\Helper\Navigation\AbstractHelper.php(550): Zend\View\Helper\Navigation\AbstractHelper->parseContainer('navigation')
#6 I:\htdocs\szyk\vendor\zendframework\zendframework\library\Zend\View\Helper\Navigation.php(80): Zend\View\Helper\Navigation\AbstractHelper->setContainer('navigation')
#7 [internal function]: Zend\View\Helper\Navigation->__invoke('navigation')
#8 I:\htdocs\szyk\vendor\zendframework\zendframework\library\Zend\View\Renderer\PhpRenderer.php(399): call_user_func_array(Object(Zend\View\Helper\Navigation), Array)
#9 I:\htdocs\szyk\vendor\cms-ir\cms-ir\src\CmsIr\Dashboard\view\layout\dashboard.phtml(44): Zend\View\Renderer\PhpRenderer->__call('navigation', Array)
#10 I:\htdocs\szyk\vendor\cms-ir\cms-ir\src\CmsIr\Dashboard\view\layout\dashboard.phtml(44): Zend\View\Renderer\PhpRenderer->navigation('navigation')
#11 I:\htdocs\szyk\vendor\zendframework\zendframework\library\Zend\View\Renderer\PhpRenderer.php(506): include('I:\\htdocs\\szyk\\...')
#12 I:\htdocs\szyk\vendor\zendframework\zendframework\library\Zend\View\View.php(205): Zend\View\Renderer\PhpRenderer->render(Object(Zend\View\Model\ViewModel))
#13 I:\htdocs\szyk\vendor\zendframework\zendframework\library\Zend\Mvc\View\Http\DefaultRenderingStrategy.php(103): Zend\View\View->render(Object(Zend\View\Model\ViewModel))
#14 [internal function]: Zend\Mvc\View\Http\DefaultRenderingStrategy->render(Object(Zend\Mvc\MvcEvent))
#15 I:\htdocs\szyk\vendor\zendframework\zendframework\library\Zend\EventManager\EventManager.php(468): call_user_func(Array, Object(Zend\Mvc\MvcEvent))
#16 I:\htdocs\szyk\vendor\zendframework\zendframework\library\Zend\EventManager\EventManager.php(207): Zend\EventManager\EventManager->triggerListeners('render', Object(Zend\Mvc\MvcEvent), Array)
#17 I:\htdocs\szyk\vendor\zendframework\zendframework\library\Zend\Mvc\Application.php(352): Zend\EventManager\EventManager->trigger('render', Object(Zend\Mvc\MvcEvent))
#18 I:\htdocs\szyk\vendor\zendframework\zendframework\library\Zend\Mvc\Application.php(327): Zend\Mvc\Application->completeRequest(Object(Zend\Mvc\MvcEvent))
#19 I:\htdocs\szyk\public\index.php(17): Zend\Mvc\Application->run()
#20 {main}
2015-04-15T18:57:36+02:00 CRIT (2): exception 'PDOException' with message 'SQLSTATE[HY000]: General error: 2006 MySQL server has gone away' in I:\htdocs\szyk\vendor\zendframework\zendframework\library\Zend\Db\Adapter\Driver\Pdo\Statement.php:239
Stack trace:
#0 I:\htdocs\szyk\vendor\zendframework\zendframework\library\Zend\Db\Adapter\Driver\Pdo\Statement.php(239): PDOStatement->execute()
#1 I:\htdocs\szyk\vendor\zendframework\zendframework\library\Zend\Db\TableGateway\AbstractTableGateway.php(351): Zend\Db\Adapter\Driver\Pdo\Statement->execute()
#2 I:\htdocs\szyk\vendor\zendframework\zendframework\library\Zend\Db\TableGateway\AbstractTableGateway.php(318): Zend\Db\TableGateway\AbstractTableGateway->executeUpdate(Object(Zend\Db\Sql\Update))
#3 I:\htdocs\szyk\vendor\cms-ir\cms-ir\src\CmsIr\Page\src\Page\Model\PageTable.php(77): Zend\Db\TableGateway\AbstractTableGateway->update(Array, Array)
#4 I:\htdocs\szyk\vendor\cms-ir\cms-ir\src\CmsIr\Page\src\Page\Controller\PageController.php(93): CmsIr\Page\Model\PageTable->save(Object(CmsIr\Page\Model\Page))
#5 I:\htdocs\szyk\vendor\zendframework\zendframework\library\Zend\Mvc\Controller\AbstractActionController.php(83): CmsIr\Page\Controller\PageController->editAction()
#6 [internal function]: Zend\Mvc\Controller\AbstractActionController->onDispatch(Object(Zend\Mvc\MvcEvent))
#7 I:\htdocs\szyk\vendor\zendframework\zendframework\library\Zend\EventManager\EventManager.php(468): call_user_func(Array, Object(Zend\Mvc\MvcEvent))
#8 I:\htdocs\szyk\vendor\zendframework\zendframework\library\Zend\EventManager\EventManager.php(207): Zend\EventManager\EventManager->triggerListeners('dispatch', Object(Zend\Mvc\MvcEvent), Object(Closure))
#9 I:\htdocs\szyk\vendor\zendframework\zendframework\library\Zend\Mvc\Controller\AbstractController.php(116): Zend\EventManager\EventManager->trigger('dispatch', Object(Zend\Mvc\MvcEvent), Object(Closure))
#10 I:\htdocs\szyk\vendor\zendframework\zendframework\library\Zend\Mvc\DispatchListener.php(113): Zend\Mvc\Controller\AbstractController->dispatch(Object(Zend\Http\PhpEnvironment\Request), Object(Zend\Http\PhpEnvironment\Response))
#11 [internal function]: Zend\Mvc\DispatchListener->onDispatch(Object(Zend\Mvc\MvcEvent))
#12 I:\htdocs\szyk\vendor\zendframework\zendframework\library\Zend\EventManager\EventManager.php(468): call_user_func(Array, Object(Zend\Mvc\MvcEvent))
#13 I:\htdocs\szyk\vendor\zendframework\zendframework\library\Zend\EventManager\EventManager.php(207): Zend\EventManager\EventManager->triggerListeners('dispatch', Object(Zend\Mvc\MvcEvent), Object(Closure))
#14 I:\htdocs\szyk\vendor\zendframework\zendframework\library\Zend\Mvc\Application.php(313): Zend\EventManager\EventManager->trigger('dispatch', Object(Zend\Mvc\MvcEvent), Object(Closure))
#15 I:\htdocs\szyk\public\index.php(17): Zend\Mvc\Application->run()
#16 {main}

Next exception 'Zend\Db\Adapter\Exception\InvalidQueryException' with message 'Statement could not be executed (HY000 - 2006 - MySQL server has gone away)' in I:\htdocs\szyk\vendor\zendframework\zendframework\library\Zend\Db\Adapter\Driver\Pdo\Statement.php:244
Stack trace:
#0 I:\htdocs\szyk\vendor\zendframework\zendframework\library\Zend\Db\TableGateway\AbstractTableGateway.php(351): Zend\Db\Adapter\Driver\Pdo\Statement->execute()
#1 I:\htdocs\szyk\vendor\zendframework\zendframework\library\Zend\Db\TableGateway\AbstractTableGateway.php(318): Zend\Db\TableGateway\AbstractTableGateway->executeUpdate(Object(Zend\Db\Sql\Update))
#2 I:\htdocs\szyk\vendor\cms-ir\cms-ir\src\CmsIr\Page\src\Page\Model\PageTable.php(77): Zend\Db\TableGateway\AbstractTableGateway->update(Array, Array)
#3 I:\htdocs\szyk\vendor\cms-ir\cms-ir\src\CmsIr\Page\src\Page\Controller\PageController.php(93): CmsIr\Page\Model\PageTable->save(Object(CmsIr\Page\Model\Page))
#4 I:\htdocs\szyk\vendor\zendframework\zendframework\library\Zend\Mvc\Controller\AbstractActionController.php(83): CmsIr\Page\Controller\PageController->editAction()
#5 [internal function]: Zend\Mvc\Controller\AbstractActionController->onDispatch(Object(Zend\Mvc\MvcEvent))
#6 I:\htdocs\szyk\vendor\zendframework\zendframework\library\Zend\EventManager\EventManager.php(468): call_user_func(Array, Object(Zend\Mvc\MvcEvent))
#7 I:\htdocs\szyk\vendor\zendframework\zendframework\library\Zend\EventManager\EventManager.php(207): Zend\EventManager\EventManager->triggerListeners('dispatch', Object(Zend\Mvc\MvcEvent), Object(Closure))
#8 I:\htdocs\szyk\vendor\zendframework\zendframework\library\Zend\Mvc\Controller\AbstractController.php(116): Zend\EventManager\EventManager->trigger('dispatch', Object(Zend\Mvc\MvcEvent), Object(Closure))
#9 I:\htdocs\szyk\vendor\zendframework\zendframework\library\Zend\Mvc\DispatchListener.php(113): Zend\Mvc\Controller\AbstractController->dispatch(Object(Zend\Http\PhpEnvironment\Request), Object(Zend\Http\PhpEnvironment\Response))
#10 [internal function]: Zend\Mvc\DispatchListener->onDispatch(Object(Zend\Mvc\MvcEvent))
#11 I:\htdocs\szyk\vendor\zendframework\zendframework\library\Zend\EventManager\EventManager.php(468): call_user_func(Array, Object(Zend\Mvc\MvcEvent))
#12 I:\htdocs\szyk\vendor\zendframework\zendframework\library\Zend\EventManager\EventManager.php(207): Zend\EventManager\EventManager->triggerListeners('dispatch', Object(Zend\Mvc\MvcEvent), Object(Closure))
#13 I:\htdocs\szyk\vendor\zendframework\zendframework\library\Zend\Mvc\Application.php(313): Zend\EventManager\EventManager->trigger('dispatch', Object(Zend\Mvc\MvcEvent), Object(Closure))
#14 I:\htdocs\szyk\public\index.php(17): Zend\Mvc\Application->run()
#15 {main}
2015-04-15T18:57:36+02:00 CRIT (2): exception 'PDOException' with message 'SQLSTATE[HY000]: General error: 2006 MySQL server has gone away' in I:\htdocs\szyk\vendor\zendframework\zendframework\library\Zend\Db\Adapter\Driver\Pdo\Statement.php:239
Stack trace:
#0 I:\htdocs\szyk\vendor\zendframework\zendframework\library\Zend\Db\Adapter\Driver\Pdo\Statement.php(239): PDOStatement->execute()
#1 I:\htdocs\szyk\vendor\zendframework\zendframework\library\Zend\Db\TableGateway\AbstractTableGateway.php(233): Zend\Db\Adapter\Driver\Pdo\Statement->execute()
#2 I:\htdocs\szyk\vendor\zendframework\zendframework\library\Zend\Db\TableGateway\AbstractTableGateway.php(208): Zend\Db\TableGateway\AbstractTableGateway->executeSelect(Object(Zend\Db\Sql\Select))
#3 I:\htdocs\szyk\vendor\zendframework\zendframework\library\Zend\Db\TableGateway\AbstractTableGateway.php(195): Zend\Db\TableGateway\AbstractTableGateway->selectWith(Object(Zend\Db\Sql\Select))
#4 I:\htdocs\szyk\vendor\cms-ir\cms-ir\src\CmsIr\System\src\System\Model\MenuTable.php(30): Zend\Db\TableGateway\AbstractTableGateway->select(Object(Closure))
#5 I:\htdocs\szyk\vendor\cms-ir\cms-ir\src\CmsIr\System\src\System\Navigation\MyNavigation.php(13): CmsIr\System\Model\MenuTable->fetchAll()
#6 I:\htdocs\szyk\vendor\zendframework\zendframework\library\Zend\Navigation\Service\AbstractNavigationFactory.php(37): CmsIr\System\Navigation\MyNavigation->getPages(Object(Zend\ServiceManager\ServiceManager))
#7 I:\htdocs\szyk\vendor\cms-ir\cms-ir\src\CmsIr\System\src\System\Navigation\MyNavigationFactory.php(13): Zend\Navigation\Service\AbstractNavigationFactory->createService(Object(Zend\ServiceManager\ServiceManager))
#8 [internal function]: CmsIr\System\Navigation\MyNavigationFactory->createService(Object(Zend\ServiceManager\ServiceManager), 'navigation', 'navigation')
#9 I:\htdocs\szyk\vendor\zendframework\zendframework\library\Zend\ServiceManager\ServiceManager.php(923): call_user_func(Array, Object(Zend\ServiceManager\ServiceManager), 'navigation', 'navigation')
#10 I:\htdocs\szyk\vendor\zendframework\zendframework\library\Zend\ServiceManager\ServiceManager.php(1055): Zend\ServiceManager\ServiceManager->createServiceViaCallback(Array, 'navigation', 'navigation')
#11 I:\htdocs\szyk\vendor\zendframework\zendframework\library\Zend\ServiceManager\ServiceManager.php(633): Zend\ServiceManager\ServiceManager->createFromFactory('navigation', 'navigation')
#12 I:\htdocs\szyk\vendor\zendframework\zendframework\library\Zend\ServiceManager\ServiceManager.php(593): Zend\ServiceManager\ServiceManager->doCreate('navigation', 'navigation')
#13 I:\htdocs\szyk\vendor\zendframework\zendframework\library\Zend\ServiceManager\ServiceManager.php(525): Zend\ServiceManager\ServiceManager->create(Array)
#14 I:\htdocs\szyk\vendor\zendframework\zendframework\library\Zend\View\Helper\Navigation\AbstractHelper.php(281): Zend\ServiceManager\ServiceManager->get('navigation')
#15 I:\htdocs\szyk\vendor\zendframework\zendframework\library\Zend\View\Helper\Navigation\AbstractHelper.php(550): Zend\View\Helper\Navigation\AbstractHelper->parseContainer('navigation')
#16 I:\htdocs\szyk\vendor\zendframework\zendframework\library\Zend\View\Helper\Navigation.php(80): Zend\View\Helper\Navigation\AbstractHelper->setContainer('navigation')
#17 [internal function]: Zend\View\Helper\Navigation->__invoke('navigation')
#18 I:\htdocs\szyk\vendor\zendframework\zendframework\library\Zend\View\Renderer\PhpRenderer.php(399): call_user_func_array(Object(Zend\View\Helper\Navigation), Array)
#19 I:\htdocs\szyk\vendor\cms-ir\cms-ir\src\CmsIr\Dashboard\view\layout\dashboard.phtml(44): Zend\View\Renderer\PhpRenderer->__call('navigation', Array)
#20 I:\htdocs\szyk\vendor\cms-ir\cms-ir\src\CmsIr\Dashboard\view\layout\dashboard.phtml(44): Zend\View\Renderer\PhpRenderer->navigation('navigation')
#21 I:\htdocs\szyk\vendor\zendframework\zendframework\library\Zend\View\Renderer\PhpRenderer.php(506): include('I:\\htdocs\\szyk\\...')
#22 I:\htdocs\szyk\vendor\zendframework\zendframework\library\Zend\View\View.php(205): Zend\View\Renderer\PhpRenderer->render(Object(Zend\View\Model\ViewModel))
#23 I:\htdocs\szyk\vendor\zendframework\zendframework\library\Zend\Mvc\View\Http\DefaultRenderingStrategy.php(103): Zend\View\View->render(Object(Zend\View\Model\ViewModel))
#24 [internal function]: Zend\Mvc\View\Http\DefaultRenderingStrategy->render(Object(Zend\Mvc\MvcEvent))
#25 I:\htdocs\szyk\vendor\zendframework\zendframework\library\Zend\EventManager\EventManager.php(468): call_user_func(Array, Object(Zend\Mvc\MvcEvent))
#26 I:\htdocs\szyk\vendor\zendframework\zendframework\library\Zend\EventManager\EventManager.php(207): Zend\EventManager\EventManager->triggerListeners('render', Object(Zend\Mvc\MvcEvent), Array)
#27 I:\htdocs\szyk\vendor\zendframework\zendframework\library\Zend\Mvc\Application.php(352): Zend\EventManager\EventManager->trigger('render', Object(Zend\Mvc\MvcEvent))
#28 I:\htdocs\szyk\vendor\zendframework\zendframework\library\Zend\Mvc\Application.php(327): Zend\Mvc\Application->completeRequest(Object(Zend\Mvc\MvcEvent))
#29 I:\htdocs\szyk\public\index.php(17): Zend\Mvc\Application->run()
#30 {main}

Next exception 'Zend\Db\Adapter\Exception\InvalidQueryException' with message 'Statement could not be executed (HY000 - 2006 - MySQL server has gone away)' in I:\htdocs\szyk\vendor\zendframework\zendframework\library\Zend\Db\Adapter\Driver\Pdo\Statement.php:244
Stack trace:
#0 I:\htdocs\szyk\vendor\zendframework\zendframework\library\Zend\Db\TableGateway\AbstractTableGateway.php(233): Zend\Db\Adapter\Driver\Pdo\Statement->execute()
#1 I:\htdocs\szyk\vendor\zendframework\zendframework\library\Zend\Db\TableGateway\AbstractTableGateway.php(208): Zend\Db\TableGateway\AbstractTableGateway->executeSelect(Object(Zend\Db\Sql\Select))
#2 I:\htdocs\szyk\vendor\zendframework\zendframework\library\Zend\Db\TableGateway\AbstractTableGateway.php(195): Zend\Db\TableGateway\AbstractTableGateway->selectWith(Object(Zend\Db\Sql\Select))
#3 I:\htdocs\szyk\vendor\cms-ir\cms-ir\src\CmsIr\System\src\System\Model\MenuTable.php(30): Zend\Db\TableGateway\AbstractTableGateway->select(Object(Closure))
#4 I:\htdocs\szyk\vendor\cms-ir\cms-ir\src\CmsIr\System\src\System\Navigation\MyNavigation.php(13): CmsIr\System\Model\MenuTable->fetchAll()
#5 I:\htdocs\szyk\vendor\zendframework\zendframework\library\Zend\Navigation\Service\AbstractNavigationFactory.php(37): CmsIr\System\Navigation\MyNavigation->getPages(Object(Zend\ServiceManager\ServiceManager))
#6 I:\htdocs\szyk\vendor\cms-ir\cms-ir\src\CmsIr\System\src\System\Navigation\MyNavigationFactory.php(13): Zend\Navigation\Service\AbstractNavigationFactory->createService(Object(Zend\ServiceManager\ServiceManager))
#7 [internal function]: CmsIr\System\Navigation\MyNavigationFactory->createService(Object(Zend\ServiceManager\ServiceManager), 'navigation', 'navigation')
#8 I:\htdocs\szyk\vendor\zendframework\zendframework\library\Zend\ServiceManager\ServiceManager.php(923): call_user_func(Array, Object(Zend\ServiceManager\ServiceManager), 'navigation', 'navigation')
#9 I:\htdocs\szyk\vendor\zendframework\zendframework\library\Zend\ServiceManager\ServiceManager.php(1055): Zend\ServiceManager\ServiceManager->createServiceViaCallback(Array, 'navigation', 'navigation')
#10 I:\htdocs\szyk\vendor\zendframework\zendframework\library\Zend\ServiceManager\ServiceManager.php(633): Zend\ServiceManager\ServiceManager->createFromFactory('navigation', 'navigation')
#11 I:\htdocs\szyk\vendor\zendframework\zendframework\library\Zend\ServiceManager\ServiceManager.php(593): Zend\ServiceManager\ServiceManager->doCreate('navigation', 'navigation')
#12 I:\htdocs\szyk\vendor\zendframework\zendframework\library\Zend\ServiceManager\ServiceManager.php(525): Zend\ServiceManager\ServiceManager->create(Array)
#13 I:\htdocs\szyk\vendor\zendframework\zendframework\library\Zend\View\Helper\Navigation\AbstractHelper.php(281): Zend\ServiceManager\ServiceManager->get('navigation')
#14 I:\htdocs\szyk\vendor\zendframework\zendframework\library\Zend\View\Helper\Navigation\AbstractHelper.php(550): Zend\View\Helper\Navigation\AbstractHelper->parseContainer('navigation')
#15 I:\htdocs\szyk\vendor\zendframework\zendframework\library\Zend\View\Helper\Navigation.php(80): Zend\View\Helper\Navigation\AbstractHelper->setContainer('navigation')
#16 [internal function]: Zend\View\Helper\Navigation->__invoke('navigation')
#17 I:\htdocs\szyk\vendor\zendframework\zendframework\library\Zend\View\Renderer\PhpRenderer.php(399): call_user_func_array(Object(Zend\View\Helper\Navigation), Array)
#18 I:\htdocs\szyk\vendor\cms-ir\cms-ir\src\CmsIr\Dashboard\view\layout\dashboard.phtml(44): Zend\View\Renderer\PhpRenderer->__call('navigation', Array)
#19 I:\htdocs\szyk\vendor\cms-ir\cms-ir\src\CmsIr\Dashboard\view\layout\dashboard.phtml(44): Zend\View\Renderer\PhpRenderer->navigation('navigation')
#20 I:\htdocs\szyk\vendor\zendframework\zendframework\library\Zend\View\Renderer\PhpRenderer.php(506): include('I:\\htdocs\\szyk\\...')
#21 I:\htdocs\szyk\vendor\zendframework\zendframework\library\Zend\View\View.php(205): Zend\View\Renderer\PhpRenderer->render(Object(Zend\View\Model\ViewModel))
#22 I:\htdocs\szyk\vendor\zendframework\zendframework\library\Zend\Mvc\View\Http\DefaultRenderingStrategy.php(103): Zend\View\View->render(Object(Zend\View\Model\ViewModel))
#23 [internal function]: Zend\Mvc\View\Http\DefaultRenderingStrategy->render(Object(Zend\Mvc\MvcEvent))
#24 I:\htdocs\szyk\vendor\zendframework\zendframework\library\Zend\EventManager\EventManager.php(468): call_user_func(Array, Object(Zend\Mvc\MvcEvent))
#25 I:\htdocs\szyk\vendor\zendframework\zendframework\library\Zend\EventManager\EventManager.php(207): Zend\EventManager\EventManager->triggerListeners('render', Object(Zend\Mvc\MvcEvent), Array)
#26 I:\htdocs\szyk\vendor\zendframework\zendframework\library\Zend\Mvc\Application.php(352): Zend\EventManager\EventManager->trigger('render', Object(Zend\Mvc\MvcEvent))
#27 I:\htdocs\szyk\vendor\zendframework\zendframework\library\Zend\Mvc\Application.php(327): Zend\Mvc\Application->completeRequest(Object(Zend\Mvc\MvcEvent))
#28 I:\htdocs\szyk\public\index.php(17): Zend\Mvc\Application->run()
#29 {main}

Next exception 'Zend\ServiceManager\Exception\ServiceNotCreatedException' with message 'An exception was raised while creating "navigation"; no instance returned' in I:\htdocs\szyk\vendor\zendframework\zendframework\library\Zend\ServiceManager\ServiceManager.php:930
Stack trace:
#0 I:\htdocs\szyk\vendor\zendframework\zendframework\library\Zend\ServiceManager\ServiceManager.php(1055): Zend\ServiceManager\ServiceManager->createServiceViaCallback(Array, 'navigation', 'navigation')
#1 I:\htdocs\szyk\vendor\zendframework\zendframework\library\Zend\ServiceManager\ServiceManager.php(633): Zend\ServiceManager\ServiceManager->createFromFactory('navigation', 'navigation')
#2 I:\htdocs\szyk\vendor\zendframework\zendframework\library\Zend\ServiceManager\ServiceManager.php(593): Zend\ServiceManager\ServiceManager->doCreate('navigation', 'navigation')
#3 I:\htdocs\szyk\vendor\zendframework\zendframework\library\Zend\ServiceManager\ServiceManager.php(525): Zend\ServiceManager\ServiceManager->create(Array)
#4 I:\htdocs\szyk\vendor\zendframework\zendframework\library\Zend\View\Helper\Navigation\AbstractHelper.php(281): Zend\ServiceManager\ServiceManager->get('navigation')
#5 I:\htdocs\szyk\vendor\zendframework\zendframework\library\Zend\View\Helper\Navigation\AbstractHelper.php(550): Zend\View\Helper\Navigation\AbstractHelper->parseContainer('navigation')
#6 I:\htdocs\szyk\vendor\zendframework\zendframework\library\Zend\View\Helper\Navigation.php(80): Zend\View\Helper\Navigation\AbstractHelper->setContainer('navigation')
#7 [internal function]: Zend\View\Helper\Navigation->__invoke('navigation')
#8 I:\htdocs\szyk\vendor\zendframework\zendframework\library\Zend\View\Renderer\PhpRenderer.php(399): call_user_func_array(Object(Zend\View\Helper\Navigation), Array)
#9 I:\htdocs\szyk\vendor\cms-ir\cms-ir\src\CmsIr\Dashboard\view\layout\dashboard.phtml(44): Zend\View\Renderer\PhpRenderer->__call('navigation', Array)
#10 I:\htdocs\szyk\vendor\cms-ir\cms-ir\src\CmsIr\Dashboard\view\layout\dashboard.phtml(44): Zend\View\Renderer\PhpRenderer->navigation('navigation')
#11 I:\htdocs\szyk\vendor\zendframework\zendframework\library\Zend\View\Renderer\PhpRenderer.php(506): include('I:\\htdocs\\szyk\\...')
#12 I:\htdocs\szyk\vendor\zendframework\zendframework\library\Zend\View\View.php(205): Zend\View\Renderer\PhpRenderer->render(Object(Zend\View\Model\ViewModel))
#13 I:\htdocs\szyk\vendor\zendframework\zendframework\library\Zend\Mvc\View\Http\DefaultRenderingStrategy.php(103): Zend\View\View->render(Object(Zend\View\Model\ViewModel))
#14 [internal function]: Zend\Mvc\View\Http\DefaultRenderingStrategy->render(Object(Zend\Mvc\MvcEvent))
#15 I:\htdocs\szyk\vendor\zendframework\zendframework\library\Zend\EventManager\EventManager.php(468): call_user_func(Array, Object(Zend\Mvc\MvcEvent))
#16 I:\htdocs\szyk\vendor\zendframework\zendframework\library\Zend\EventManager\EventManager.php(207): Zend\EventManager\EventManager->triggerListeners('render', Object(Zend\Mvc\MvcEvent), Array)
#17 I:\htdocs\szyk\vendor\zendframework\zendframework\library\Zend\Mvc\Application.php(352): Zend\EventManager\EventManager->trigger('render', Object(Zend\Mvc\MvcEvent))
#18 I:\htdocs\szyk\vendor\zendframework\zendframework\library\Zend\Mvc\Application.php(327): Zend\Mvc\Application->completeRequest(Object(Zend\Mvc\MvcEvent))
#19 I:\htdocs\szyk\public\index.php(17): Zend\Mvc\Application->run()
#20 {main}
2015-04-15T19:00:35+02:00 CRIT (2): exception 'PDOException' with message 'SQLSTATE[HY000]: General error: 2006 MySQL server has gone away' in I:\htdocs\szyk\vendor\zendframework\zendframework\library\Zend\Db\Adapter\Driver\Pdo\Statement.php:239
Stack trace:
#0 I:\htdocs\szyk\vendor\zendframework\zendframework\library\Zend\Db\Adapter\Driver\Pdo\Statement.php(239): PDOStatement->execute()
#1 I:\htdocs\szyk\vendor\zendframework\zendframework\library\Zend\Db\TableGateway\AbstractTableGateway.php(351): Zend\Db\Adapter\Driver\Pdo\Statement->execute()
#2 I:\htdocs\szyk\vendor\zendframework\zendframework\library\Zend\Db\TableGateway\AbstractTableGateway.php(318): Zend\Db\TableGateway\AbstractTableGateway->executeUpdate(Object(Zend\Db\Sql\Update))
#3 I:\htdocs\szyk\vendor\cms-ir\cms-ir\src\CmsIr\Post\src\Post\Model\PostTable.php(57): Zend\Db\TableGateway\AbstractTableGateway->update(Array, Array)
#4 I:\htdocs\szyk\vendor\cms-ir\cms-ir\src\CmsIr\Post\src\Post\Controller\PostController.php(147): CmsIr\Post\Model\PostTable->save(Object(CmsIr\Post\Model\Post))
#5 I:\htdocs\szyk\vendor\zendframework\zendframework\library\Zend\Mvc\Controller\AbstractActionController.php(83): CmsIr\Post\Controller\PostController->editPostAction()
#6 [internal function]: Zend\Mvc\Controller\AbstractActionController->onDispatch(Object(Zend\Mvc\MvcEvent))
#7 I:\htdocs\szyk\vendor\zendframework\zendframework\library\Zend\EventManager\EventManager.php(468): call_user_func(Array, Object(Zend\Mvc\MvcEvent))
#8 I:\htdocs\szyk\vendor\zendframework\zendframework\library\Zend\EventManager\EventManager.php(207): Zend\EventManager\EventManager->triggerListeners('dispatch', Object(Zend\Mvc\MvcEvent), Object(Closure))
#9 I:\htdocs\szyk\vendor\zendframework\zendframework\library\Zend\Mvc\Controller\AbstractController.php(116): Zend\EventManager\EventManager->trigger('dispatch', Object(Zend\Mvc\MvcEvent), Object(Closure))
#10 I:\htdocs\szyk\vendor\zendframework\zendframework\library\Zend\Mvc\DispatchListener.php(113): Zend\Mvc\Controller\AbstractController->dispatch(Object(Zend\Http\PhpEnvironment\Request), Object(Zend\Http\PhpEnvironment\Response))
#11 [internal function]: Zend\Mvc\DispatchListener->onDispatch(Object(Zend\Mvc\MvcEvent))
#12 I:\htdocs\szyk\vendor\zendframework\zendframework\library\Zend\EventManager\EventManager.php(468): call_user_func(Array, Object(Zend\Mvc\MvcEvent))
#13 I:\htdocs\szyk\vendor\zendframework\zendframework\library\Zend\EventManager\EventManager.php(207): Zend\EventManager\EventManager->triggerListeners('dispatch', Object(Zend\Mvc\MvcEvent), Object(Closure))
#14 I:\htdocs\szyk\vendor\zendframework\zendframework\library\Zend\Mvc\Application.php(313): Zend\EventManager\EventManager->trigger('dispatch', Object(Zend\Mvc\MvcEvent), Object(Closure))
#15 I:\htdocs\szyk\public\index.php(17): Zend\Mvc\Application->run()
#16 {main}

Next exception 'Zend\Db\Adapter\Exception\InvalidQueryException' with message 'Statement could not be executed (HY000 - 2006 - MySQL server has gone away)' in I:\htdocs\szyk\vendor\zendframework\zendframework\library\Zend\Db\Adapter\Driver\Pdo\Statement.php:244
Stack trace:
#0 I:\htdocs\szyk\vendor\zendframework\zendframework\library\Zend\Db\TableGateway\AbstractTableGateway.php(351): Zend\Db\Adapter\Driver\Pdo\Statement->execute()
#1 I:\htdocs\szyk\vendor\zendframework\zendframework\library\Zend\Db\TableGateway\AbstractTableGateway.php(318): Zend\Db\TableGateway\AbstractTableGateway->executeUpdate(Object(Zend\Db\Sql\Update))
#2 I:\htdocs\szyk\vendor\cms-ir\cms-ir\src\CmsIr\Post\src\Post\Model\PostTable.php(57): Zend\Db\TableGateway\AbstractTableGateway->update(Array, Array)
#3 I:\htdocs\szyk\vendor\cms-ir\cms-ir\src\CmsIr\Post\src\Post\Controller\PostController.php(147): CmsIr\Post\Model\PostTable->save(Object(CmsIr\Post\Model\Post))
#4 I:\htdocs\szyk\vendor\zendframework\zendframework\library\Zend\Mvc\Controller\AbstractActionController.php(83): CmsIr\Post\Controller\PostController->editPostAction()
#5 [internal function]: Zend\Mvc\Controller\AbstractActionController->onDispatch(Object(Zend\Mvc\MvcEvent))
#6 I:\htdocs\szyk\vendor\zendframework\zendframework\library\Zend\EventManager\EventManager.php(468): call_user_func(Array, Object(Zend\Mvc\MvcEvent))
#7 I:\htdocs\szyk\vendor\zendframework\zendframework\library\Zend\EventManager\EventManager.php(207): Zend\EventManager\EventManager->triggerListeners('dispatch', Object(Zend\Mvc\MvcEvent), Object(Closure))
#8 I:\htdocs\szyk\vendor\zendframework\zendframework\library\Zend\Mvc\Controller\AbstractController.php(116): Zend\EventManager\EventManager->trigger('dispatch', Object(Zend\Mvc\MvcEvent), Object(Closure))
#9 I:\htdocs\szyk\vendor\zendframework\zendframework\library\Zend\Mvc\DispatchListener.php(113): Zend\Mvc\Controller\AbstractController->dispatch(Object(Zend\Http\PhpEnvironment\Request), Object(Zend\Http\PhpEnvironment\Response))
#10 [internal function]: Zend\Mvc\DispatchListener->onDispatch(Object(Zend\Mvc\MvcEvent))
#11 I:\htdocs\szyk\vendor\zendframework\zendframework\library\Zend\EventManager\EventManager.php(468): call_user_func(Array, Object(Zend\Mvc\MvcEvent))
#12 I:\htdocs\szyk\vendor\zendframework\zendframework\library\Zend\EventManager\EventManager.php(207): Zend\EventManager\EventManager->triggerListeners('dispatch', Object(Zend\Mvc\MvcEvent), Object(Closure))
#13 I:\htdocs\szyk\vendor\zendframework\zendframework\library\Zend\Mvc\Application.php(313): Zend\EventManager\EventManager->trigger('dispatch', Object(Zend\Mvc\MvcEvent), Object(Closure))
#14 I:\htdocs\szyk\public\index.php(17): Zend\Mvc\Application->run()
#15 {main}
2015-04-15T19:00:35+02:00 CRIT (2): exception 'PDOException' with message 'SQLSTATE[HY000]: General error: 2006 MySQL server has gone away' in I:\htdocs\szyk\vendor\zendframework\zendframework\library\Zend\Db\Adapter\Driver\Pdo\Statement.php:239
Stack trace:
#0 I:\htdocs\szyk\vendor\zendframework\zendframework\library\Zend\Db\Adapter\Driver\Pdo\Statement.php(239): PDOStatement->execute()
#1 I:\htdocs\szyk\vendor\zendframework\zendframework\library\Zend\Db\TableGateway\AbstractTableGateway.php(233): Zend\Db\Adapter\Driver\Pdo\Statement->execute()
#2 I:\htdocs\szyk\vendor\zendframework\zendframework\library\Zend\Db\TableGateway\AbstractTableGateway.php(208): Zend\Db\TableGateway\AbstractTableGateway->executeSelect(Object(Zend\Db\Sql\Select))
#3 I:\htdocs\szyk\vendor\zendframework\zendframework\library\Zend\Db\TableGateway\AbstractTableGateway.php(195): Zend\Db\TableGateway\AbstractTableGateway->selectWith(Object(Zend\Db\Sql\Select))
#4 I:\htdocs\szyk\vendor\cms-ir\cms-ir\src\CmsIr\System\src\System\Model\MenuTable.php(30): Zend\Db\TableGateway\AbstractTableGateway->select(Object(Closure))
#5 I:\htdocs\szyk\vendor\cms-ir\cms-ir\src\CmsIr\System\src\System\Navigation\MyNavigation.php(13): CmsIr\System\Model\MenuTable->fetchAll()
#6 I:\htdocs\szyk\vendor\zendframework\zendframework\library\Zend\Navigation\Service\AbstractNavigationFactory.php(37): CmsIr\System\Navigation\MyNavigation->getPages(Object(Zend\ServiceManager\ServiceManager))
#7 I:\htdocs\szyk\vendor\cms-ir\cms-ir\src\CmsIr\System\src\System\Navigation\MyNavigationFactory.php(13): Zend\Navigation\Service\AbstractNavigationFactory->createService(Object(Zend\ServiceManager\ServiceManager))
#8 [internal function]: CmsIr\System\Navigation\MyNavigationFactory->createService(Object(Zend\ServiceManager\ServiceManager), 'navigation', 'navigation')
#9 I:\htdocs\szyk\vendor\zendframework\zendframework\library\Zend\ServiceManager\ServiceManager.php(923): call_user_func(Array, Object(Zend\ServiceManager\ServiceManager), 'navigation', 'navigation')
#10 I:\htdocs\szyk\vendor\zendframework\zendframework\library\Zend\ServiceManager\ServiceManager.php(1055): Zend\ServiceManager\ServiceManager->createServiceViaCallback(Array, 'navigation', 'navigation')
#11 I:\htdocs\szyk\vendor\zendframework\zendframework\library\Zend\ServiceManager\ServiceManager.php(633): Zend\ServiceManager\ServiceManager->createFromFactory('navigation', 'navigation')
#12 I:\htdocs\szyk\vendor\zendframework\zendframework\library\Zend\ServiceManager\ServiceManager.php(593): Zend\ServiceManager\ServiceManager->doCreate('navigation', 'navigation')
#13 I:\htdocs\szyk\vendor\zendframework\zendframework\library\Zend\ServiceManager\ServiceManager.php(525): Zend\ServiceManager\ServiceManager->create(Array)
#14 I:\htdocs\szyk\vendor\zendframework\zendframework\library\Zend\View\Helper\Navigation\AbstractHelper.php(281): Zend\ServiceManager\ServiceManager->get('navigation')
#15 I:\htdocs\szyk\vendor\zendframework\zendframework\library\Zend\View\Helper\Navigation\AbstractHelper.php(550): Zend\View\Helper\Navigation\AbstractHelper->parseContainer('navigation')
#16 I:\htdocs\szyk\vendor\zendframework\zendframework\library\Zend\View\Helper\Navigation.php(80): Zend\View\Helper\Navigation\AbstractHelper->setContainer('navigation')
#17 [internal function]: Zend\View\Helper\Navigation->__invoke('navigation')
#18 I:\htdocs\szyk\vendor\zendframework\zendframework\library\Zend\View\Renderer\PhpRenderer.php(399): call_user_func_array(Object(Zend\View\Helper\Navigation), Array)
#19 I:\htdocs\szyk\vendor\cms-ir\cms-ir\src\CmsIr\Dashboard\view\layout\dashboard.phtml(44): Zend\View\Renderer\PhpRenderer->__call('navigation', Array)
#20 I:\htdocs\szyk\vendor\cms-ir\cms-ir\src\CmsIr\Dashboard\view\layout\dashboard.phtml(44): Zend\View\Renderer\PhpRenderer->navigation('navigation')
#21 I:\htdocs\szyk\vendor\zendframework\zendframework\library\Zend\View\Renderer\PhpRenderer.php(506): include('I:\\htdocs\\szyk\\...')
#22 I:\htdocs\szyk\vendor\zendframework\zendframework\library\Zend\View\View.php(205): Zend\View\Renderer\PhpRenderer->render(Object(Zend\View\Model\ViewModel))
#23 I:\htdocs\szyk\vendor\zendframework\zendframework\library\Zend\Mvc\View\Http\DefaultRenderingStrategy.php(103): Zend\View\View->render(Object(Zend\View\Model\ViewModel))
#24 [internal function]: Zend\Mvc\View\Http\DefaultRenderingStrategy->render(Object(Zend\Mvc\MvcEvent))
#25 I:\htdocs\szyk\vendor\zendframework\zendframework\library\Zend\EventManager\EventManager.php(468): call_user_func(Array, Object(Zend\Mvc\MvcEvent))
#26 I:\htdocs\szyk\vendor\zendframework\zendframework\library\Zend\EventManager\EventManager.php(207): Zend\EventManager\EventManager->triggerListeners('render', Object(Zend\Mvc\MvcEvent), Array)
#27 I:\htdocs\szyk\vendor\zendframework\zendframework\library\Zend\Mvc\Application.php(352): Zend\EventManager\EventManager->trigger('render', Object(Zend\Mvc\MvcEvent))
#28 I:\htdocs\szyk\vendor\zendframework\zendframework\library\Zend\Mvc\Application.php(327): Zend\Mvc\Application->completeRequest(Object(Zend\Mvc\MvcEvent))
#29 I:\htdocs\szyk\public\index.php(17): Zend\Mvc\Application->run()
#30 {main}

Next exception 'Zend\Db\Adapter\Exception\InvalidQueryException' with message 'Statement could not be executed (HY000 - 2006 - MySQL server has gone away)' in I:\htdocs\szyk\vendor\zendframework\zendframework\library\Zend\Db\Adapter\Driver\Pdo\Statement.php:244
Stack trace:
#0 I:\htdocs\szyk\vendor\zendframework\zendframework\library\Zend\Db\TableGateway\AbstractTableGateway.php(233): Zend\Db\Adapter\Driver\Pdo\Statement->execute()
#1 I:\htdocs\szyk\vendor\zendframework\zendframework\library\Zend\Db\TableGateway\AbstractTableGateway.php(208): Zend\Db\TableGateway\AbstractTableGateway->executeSelect(Object(Zend\Db\Sql\Select))
#2 I:\htdocs\szyk\vendor\zendframework\zendframework\library\Zend\Db\TableGateway\AbstractTableGateway.php(195): Zend\Db\TableGateway\AbstractTableGateway->selectWith(Object(Zend\Db\Sql\Select))
#3 I:\htdocs\szyk\vendor\cms-ir\cms-ir\src\CmsIr\System\src\System\Model\MenuTable.php(30): Zend\Db\TableGateway\AbstractTableGateway->select(Object(Closure))
#4 I:\htdocs\szyk\vendor\cms-ir\cms-ir\src\CmsIr\System\src\System\Navigation\MyNavigation.php(13): CmsIr\System\Model\MenuTable->fetchAll()
#5 I:\htdocs\szyk\vendor\zendframework\zendframework\library\Zend\Navigation\Service\AbstractNavigationFactory.php(37): CmsIr\System\Navigation\MyNavigation->getPages(Object(Zend\ServiceManager\ServiceManager))
#6 I:\htdocs\szyk\vendor\cms-ir\cms-ir\src\CmsIr\System\src\System\Navigation\MyNavigationFactory.php(13): Zend\Navigation\Service\AbstractNavigationFactory->createService(Object(Zend\ServiceManager\ServiceManager))
#7 [internal function]: CmsIr\System\Navigation\MyNavigationFactory->createService(Object(Zend\ServiceManager\ServiceManager), 'navigation', 'navigation')
#8 I:\htdocs\szyk\vendor\zendframework\zendframework\library\Zend\ServiceManager\ServiceManager.php(923): call_user_func(Array, Object(Zend\ServiceManager\ServiceManager), 'navigation', 'navigation')
#9 I:\htdocs\szyk\vendor\zendframework\zendframework\library\Zend\ServiceManager\ServiceManager.php(1055): Zend\ServiceManager\ServiceManager->createServiceViaCallback(Array, 'navigation', 'navigation')
#10 I:\htdocs\szyk\vendor\zendframework\zendframework\library\Zend\ServiceManager\ServiceManager.php(633): Zend\ServiceManager\ServiceManager->createFromFactory('navigation', 'navigation')
#11 I:\htdocs\szyk\vendor\zendframework\zendframework\library\Zend\ServiceManager\ServiceManager.php(593): Zend\ServiceManager\ServiceManager->doCreate('navigation', 'navigation')
#12 I:\htdocs\szyk\vendor\zendframework\zendframework\library\Zend\ServiceManager\ServiceManager.php(525): Zend\ServiceManager\ServiceManager->create(Array)
#13 I:\htdocs\szyk\vendor\zendframework\zendframework\library\Zend\View\Helper\Navigation\AbstractHelper.php(281): Zend\ServiceManager\ServiceManager->get('navigation')
#14 I:\htdocs\szyk\vendor\zendframework\zendframework\library\Zend\View\Helper\Navigation\AbstractHelper.php(550): Zend\View\Helper\Navigation\AbstractHelper->parseContainer('navigation')
#15 I:\htdocs\szyk\vendor\zendframework\zendframework\library\Zend\View\Helper\Navigation.php(80): Zend\View\Helper\Navigation\AbstractHelper->setContainer('navigation')
#16 [internal function]: Zend\View\Helper\Navigation->__invoke('navigation')
#17 I:\htdocs\szyk\vendor\zendframework\zendframework\library\Zend\View\Renderer\PhpRenderer.php(399): call_user_func_array(Object(Zend\View\Helper\Navigation), Array)
#18 I:\htdocs\szyk\vendor\cms-ir\cms-ir\src\CmsIr\Dashboard\view\layout\dashboard.phtml(44): Zend\View\Renderer\PhpRenderer->__call('navigation', Array)
#19 I:\htdocs\szyk\vendor\cms-ir\cms-ir\src\CmsIr\Dashboard\view\layout\dashboard.phtml(44): Zend\View\Renderer\PhpRenderer->navigation('navigation')
#20 I:\htdocs\szyk\vendor\zendframework\zendframework\library\Zend\View\Renderer\PhpRenderer.php(506): include('I:\\htdocs\\szyk\\...')
#21 I:\htdocs\szyk\vendor\zendframework\zendframework\library\Zend\View\View.php(205): Zend\View\Renderer\PhpRenderer->render(Object(Zend\View\Model\ViewModel))
#22 I:\htdocs\szyk\vendor\zendframework\zendframework\library\Zend\Mvc\View\Http\DefaultRenderingStrategy.php(103): Zend\View\View->render(Object(Zend\View\Model\ViewModel))
#23 [internal function]: Zend\Mvc\View\Http\DefaultRenderingStrategy->render(Object(Zend\Mvc\MvcEvent))
#24 I:\htdocs\szyk\vendor\zendframework\zendframework\library\Zend\EventManager\EventManager.php(468): call_user_func(Array, Object(Zend\Mvc\MvcEvent))
#25 I:\htdocs\szyk\vendor\zendframework\zendframework\library\Zend\EventManager\EventManager.php(207): Zend\EventManager\EventManager->triggerListeners('render', Object(Zend\Mvc\MvcEvent), Array)
#26 I:\htdocs\szyk\vendor\zendframework\zendframework\library\Zend\Mvc\Application.php(352): Zend\EventManager\EventManager->trigger('render', Object(Zend\Mvc\MvcEvent))
#27 I:\htdocs\szyk\vendor\zendframework\zendframework\library\Zend\Mvc\Application.php(327): Zend\Mvc\Application->completeRequest(Object(Zend\Mvc\MvcEvent))
#28 I:\htdocs\szyk\public\index.php(17): Zend\Mvc\Application->run()
#29 {main}

Next exception 'Zend\ServiceManager\Exception\ServiceNotCreatedException' with message 'An exception was raised while creating "navigation"; no instance returned' in I:\htdocs\szyk\vendor\zendframework\zendframework\library\Zend\ServiceManager\ServiceManager.php:930
Stack trace:
#0 I:\htdocs\szyk\vendor\zendframework\zendframework\library\Zend\ServiceManager\ServiceManager.php(1055): Zend\ServiceManager\ServiceManager->createServiceViaCallback(Array, 'navigation', 'navigation')
#1 I:\htdocs\szyk\vendor\zendframework\zendframework\library\Zend\ServiceManager\ServiceManager.php(633): Zend\ServiceManager\ServiceManager->createFromFactory('navigation', 'navigation')
#2 I:\htdocs\szyk\vendor\zendframework\zendframework\library\Zend\ServiceManager\ServiceManager.php(593): Zend\ServiceManager\ServiceManager->doCreate('navigation', 'navigation')
#3 I:\htdocs\szyk\vendor\zendframework\zendframework\library\Zend\ServiceManager\ServiceManager.php(525): Zend\ServiceManager\ServiceManager->create(Array)
#4 I:\htdocs\szyk\vendor\zendframework\zendframework\library\Zend\View\Helper\Navigation\AbstractHelper.php(281): Zend\ServiceManager\ServiceManager->get('navigation')
#5 I:\htdocs\szyk\vendor\zendframework\zendframework\library\Zend\View\Helper\Navigation\AbstractHelper.php(550): Zend\View\Helper\Navigation\AbstractHelper->parseContainer('navigation')
#6 I:\htdocs\szyk\vendor\zendframework\zendframework\library\Zend\View\Helper\Navigation.php(80): Zend\View\Helper\Navigation\AbstractHelper->setContainer('navigation')
#7 [internal function]: Zend\View\Helper\Navigation->__invoke('navigation')
#8 I:\htdocs\szyk\vendor\zendframework\zendframework\library\Zend\View\Renderer\PhpRenderer.php(399): call_user_func_array(Object(Zend\View\Helper\Navigation), Array)
#9 I:\htdocs\szyk\vendor\cms-ir\cms-ir\src\CmsIr\Dashboard\view\layout\dashboard.phtml(44): Zend\View\Renderer\PhpRenderer->__call('navigation', Array)
#10 I:\htdocs\szyk\vendor\cms-ir\cms-ir\src\CmsIr\Dashboard\view\layout\dashboard.phtml(44): Zend\View\Renderer\PhpRenderer->navigation('navigation')
#11 I:\htdocs\szyk\vendor\zendframework\zendframework\library\Zend\View\Renderer\PhpRenderer.php(506): include('I:\\htdocs\\szyk\\...')
#12 I:\htdocs\szyk\vendor\zendframework\zendframework\library\Zend\View\View.php(205): Zend\View\Renderer\PhpRenderer->render(Object(Zend\View\Model\ViewModel))
#13 I:\htdocs\szyk\vendor\zendframework\zendframework\library\Zend\Mvc\View\Http\DefaultRenderingStrategy.php(103): Zend\View\View->render(Object(Zend\View\Model\ViewModel))
#14 [internal function]: Zend\Mvc\View\Http\DefaultRenderingStrategy->render(Object(Zend\Mvc\MvcEvent))
#15 I:\htdocs\szyk\vendor\zendframework\zendframework\library\Zend\EventManager\EventManager.php(468): call_user_func(Array, Object(Zend\Mvc\MvcEvent))
#16 I:\htdocs\szyk\vendor\zendframework\zendframework\library\Zend\EventManager\EventManager.php(207): Zend\EventManager\EventManager->triggerListeners('render', Object(Zend\Mvc\MvcEvent), Array)
#17 I:\htdocs\szyk\vendor\zendframework\zendframework\library\Zend\Mvc\Application.php(352): Zend\EventManager\EventManager->trigger('render', Object(Zend\Mvc\MvcEvent))
#18 I:\htdocs\szyk\vendor\zendframework\zendframework\library\Zend\Mvc\Application.php(327): Zend\Mvc\Application->completeRequest(Object(Zend\Mvc\MvcEvent))
#19 I:\htdocs\szyk\public\index.php(17): Zend\Mvc\Application->run()
#20 {main}
2015-04-15T19:01:10+02:00 CRIT (2): exception 'PDOException' with message 'SQLSTATE[HY000]: General error: 2006 MySQL server has gone away' in I:\htdocs\szyk\vendor\zendframework\zendframework\library\Zend\Db\Adapter\Driver\Pdo\Statement.php:239
Stack trace:
#0 I:\htdocs\szyk\vendor\zendframework\zendframework\library\Zend\Db\Adapter\Driver\Pdo\Statement.php(239): PDOStatement->execute()
#1 I:\htdocs\szyk\vendor\zendframework\zendframework\library\Zend\Db\TableGateway\AbstractTableGateway.php(351): Zend\Db\Adapter\Driver\Pdo\Statement->execute()
#2 I:\htdocs\szyk\vendor\zendframework\zendframework\library\Zend\Db\TableGateway\AbstractTableGateway.php(318): Zend\Db\TableGateway\AbstractTableGateway->executeUpdate(Object(Zend\Db\Sql\Update))
#3 I:\htdocs\szyk\vendor\cms-ir\cms-ir\src\CmsIr\Post\src\Post\Model\PostTable.php(57): Zend\Db\TableGateway\AbstractTableGateway->update(Array, Array)
#4 I:\htdocs\szyk\vendor\cms-ir\cms-ir\src\CmsIr\Post\src\Post\Controller\PostController.php(147): CmsIr\Post\Model\PostTable->save(Object(CmsIr\Post\Model\Post))
#5 I:\htdocs\szyk\vendor\zendframework\zendframework\library\Zend\Mvc\Controller\AbstractActionController.php(83): CmsIr\Post\Controller\PostController->editPostAction()
#6 [internal function]: Zend\Mvc\Controller\AbstractActionController->onDispatch(Object(Zend\Mvc\MvcEvent))
#7 I:\htdocs\szyk\vendor\zendframework\zendframework\library\Zend\EventManager\EventManager.php(468): call_user_func(Array, Object(Zend\Mvc\MvcEvent))
#8 I:\htdocs\szyk\vendor\zendframework\zendframework\library\Zend\EventManager\EventManager.php(207): Zend\EventManager\EventManager->triggerListeners('dispatch', Object(Zend\Mvc\MvcEvent), Object(Closure))
#9 I:\htdocs\szyk\vendor\zendframework\zendframework\library\Zend\Mvc\Controller\AbstractController.php(116): Zend\EventManager\EventManager->trigger('dispatch', Object(Zend\Mvc\MvcEvent), Object(Closure))
#10 I:\htdocs\szyk\vendor\zendframework\zendframework\library\Zend\Mvc\DispatchListener.php(113): Zend\Mvc\Controller\AbstractController->dispatch(Object(Zend\Http\PhpEnvironment\Request), Object(Zend\Http\PhpEnvironment\Response))
#11 [internal function]: Zend\Mvc\DispatchListener->onDispatch(Object(Zend\Mvc\MvcEvent))
#12 I:\htdocs\szyk\vendor\zendframework\zendframework\library\Zend\EventManager\EventManager.php(468): call_user_func(Array, Object(Zend\Mvc\MvcEvent))
#13 I:\htdocs\szyk\vendor\zendframework\zendframework\library\Zend\EventManager\EventManager.php(207): Zend\EventManager\EventManager->triggerListeners('dispatch', Object(Zend\Mvc\MvcEvent), Object(Closure))
#14 I:\htdocs\szyk\vendor\zendframework\zendframework\library\Zend\Mvc\Application.php(313): Zend\EventManager\EventManager->trigger('dispatch', Object(Zend\Mvc\MvcEvent), Object(Closure))
#15 I:\htdocs\szyk\public\index.php(17): Zend\Mvc\Application->run()
#16 {main}

Next exception 'Zend\Db\Adapter\Exception\InvalidQueryException' with message 'Statement could not be executed (HY000 - 2006 - MySQL server has gone away)' in I:\htdocs\szyk\vendor\zendframework\zendframework\library\Zend\Db\Adapter\Driver\Pdo\Statement.php:244
Stack trace:
#0 I:\htdocs\szyk\vendor\zendframework\zendframework\library\Zend\Db\TableGateway\AbstractTableGateway.php(351): Zend\Db\Adapter\Driver\Pdo\Statement->execute()
#1 I:\htdocs\szyk\vendor\zendframework\zendframework\library\Zend\Db\TableGateway\AbstractTableGateway.php(318): Zend\Db\TableGateway\AbstractTableGateway->executeUpdate(Object(Zend\Db\Sql\Update))
#2 I:\htdocs\szyk\vendor\cms-ir\cms-ir\src\CmsIr\Post\src\Post\Model\PostTable.php(57): Zend\Db\TableGateway\AbstractTableGateway->update(Array, Array)
#3 I:\htdocs\szyk\vendor\cms-ir\cms-ir\src\CmsIr\Post\src\Post\Controller\PostController.php(147): CmsIr\Post\Model\PostTable->save(Object(CmsIr\Post\Model\Post))
#4 I:\htdocs\szyk\vendor\zendframework\zendframework\library\Zend\Mvc\Controller\AbstractActionController.php(83): CmsIr\Post\Controller\PostController->editPostAction()
#5 [internal function]: Zend\Mvc\Controller\AbstractActionController->onDispatch(Object(Zend\Mvc\MvcEvent))
#6 I:\htdocs\szyk\vendor\zendframework\zendframework\library\Zend\EventManager\EventManager.php(468): call_user_func(Array, Object(Zend\Mvc\MvcEvent))
#7 I:\htdocs\szyk\vendor\zendframework\zendframework\library\Zend\EventManager\EventManager.php(207): Zend\EventManager\EventManager->triggerListeners('dispatch', Object(Zend\Mvc\MvcEvent), Object(Closure))
#8 I:\htdocs\szyk\vendor\zendframework\zendframework\library\Zend\Mvc\Controller\AbstractController.php(116): Zend\EventManager\EventManager->trigger('dispatch', Object(Zend\Mvc\MvcEvent), Object(Closure))
#9 I:\htdocs\szyk\vendor\zendframework\zendframework\library\Zend\Mvc\DispatchListener.php(113): Zend\Mvc\Controller\AbstractController->dispatch(Object(Zend\Http\PhpEnvironment\Request), Object(Zend\Http\PhpEnvironment\Response))
#10 [internal function]: Zend\Mvc\DispatchListener->onDispatch(Object(Zend\Mvc\MvcEvent))
#11 I:\htdocs\szyk\vendor\zendframework\zendframework\library\Zend\EventManager\EventManager.php(468): call_user_func(Array, Object(Zend\Mvc\MvcEvent))
#12 I:\htdocs\szyk\vendor\zendframework\zendframework\library\Zend\EventManager\EventManager.php(207): Zend\EventManager\EventManager->triggerListeners('dispatch', Object(Zend\Mvc\MvcEvent), Object(Closure))
#13 I:\htdocs\szyk\vendor\zendframework\zendframework\library\Zend\Mvc\Application.php(313): Zend\EventManager\EventManager->trigger('dispatch', Object(Zend\Mvc\MvcEvent), Object(Closure))
#14 I:\htdocs\szyk\public\index.php(17): Zend\Mvc\Application->run()
#15 {main}
2015-04-15T19:01:10+02:00 CRIT (2): exception 'PDOException' with message 'SQLSTATE[HY000]: General error: 2006 MySQL server has gone away' in I:\htdocs\szyk\vendor\zendframework\zendframework\library\Zend\Db\Adapter\Driver\Pdo\Statement.php:239
Stack trace:
#0 I:\htdocs\szyk\vendor\zendframework\zendframework\library\Zend\Db\Adapter\Driver\Pdo\Statement.php(239): PDOStatement->execute()
#1 I:\htdocs\szyk\vendor\zendframework\zendframework\library\Zend\Db\TableGateway\AbstractTableGateway.php(233): Zend\Db\Adapter\Driver\Pdo\Statement->execute()
#2 I:\htdocs\szyk\vendor\zendframework\zendframework\library\Zend\Db\TableGateway\AbstractTableGateway.php(208): Zend\Db\TableGateway\AbstractTableGateway->executeSelect(Object(Zend\Db\Sql\Select))
#3 I:\htdocs\szyk\vendor\zendframework\zendframework\library\Zend\Db\TableGateway\AbstractTableGateway.php(195): Zend\Db\TableGateway\AbstractTableGateway->selectWith(Object(Zend\Db\Sql\Select))
#4 I:\htdocs\szyk\vendor\cms-ir\cms-ir\src\CmsIr\System\src\System\Model\MenuTable.php(30): Zend\Db\TableGateway\AbstractTableGateway->select(Object(Closure))
#5 I:\htdocs\szyk\vendor\cms-ir\cms-ir\src\CmsIr\System\src\System\Navigation\MyNavigation.php(13): CmsIr\System\Model\MenuTable->fetchAll()
#6 I:\htdocs\szyk\vendor\zendframework\zendframework\library\Zend\Navigation\Service\AbstractNavigationFactory.php(37): CmsIr\System\Navigation\MyNavigation->getPages(Object(Zend\ServiceManager\ServiceManager))
#7 I:\htdocs\szyk\vendor\cms-ir\cms-ir\src\CmsIr\System\src\System\Navigation\MyNavigationFactory.php(13): Zend\Navigation\Service\AbstractNavigationFactory->createService(Object(Zend\ServiceManager\ServiceManager))
#8 [internal function]: CmsIr\System\Navigation\MyNavigationFactory->createService(Object(Zend\ServiceManager\ServiceManager), 'navigation', 'navigation')
#9 I:\htdocs\szyk\vendor\zendframework\zendframework\library\Zend\ServiceManager\ServiceManager.php(923): call_user_func(Array, Object(Zend\ServiceManager\ServiceManager), 'navigation', 'navigation')
#10 I:\htdocs\szyk\vendor\zendframework\zendframework\library\Zend\ServiceManager\ServiceManager.php(1055): Zend\ServiceManager\ServiceManager->createServiceViaCallback(Array, 'navigation', 'navigation')
#11 I:\htdocs\szyk\vendor\zendframework\zendframework\library\Zend\ServiceManager\ServiceManager.php(633): Zend\ServiceManager\ServiceManager->createFromFactory('navigation', 'navigation')
#12 I:\htdocs\szyk\vendor\zendframework\zendframework\library\Zend\ServiceManager\ServiceManager.php(593): Zend\ServiceManager\ServiceManager->doCreate('navigation', 'navigation')
#13 I:\htdocs\szyk\vendor\zendframework\zendframework\library\Zend\ServiceManager\ServiceManager.php(525): Zend\ServiceManager\ServiceManager->create(Array)
#14 I:\htdocs\szyk\vendor\zendframework\zendframework\library\Zend\View\Helper\Navigation\AbstractHelper.php(281): Zend\ServiceManager\ServiceManager->get('navigation')
#15 I:\htdocs\szyk\vendor\zendframework\zendframework\library\Zend\View\Helper\Navigation\AbstractHelper.php(550): Zend\View\Helper\Navigation\AbstractHelper->parseContainer('navigation')
#16 I:\htdocs\szyk\vendor\zendframework\zendframework\library\Zend\View\Helper\Navigation.php(80): Zend\View\Helper\Navigation\AbstractHelper->setContainer('navigation')
#17 [internal function]: Zend\View\Helper\Navigation->__invoke('navigation')
#18 I:\htdocs\szyk\vendor\zendframework\zendframework\library\Zend\View\Renderer\PhpRenderer.php(399): call_user_func_array(Object(Zend\View\Helper\Navigation), Array)
#19 I:\htdocs\szyk\vendor\cms-ir\cms-ir\src\CmsIr\Dashboard\view\layout\dashboard.phtml(44): Zend\View\Renderer\PhpRenderer->__call('navigation', Array)
#20 I:\htdocs\szyk\vendor\cms-ir\cms-ir\src\CmsIr\Dashboard\view\layout\dashboard.phtml(44): Zend\View\Renderer\PhpRenderer->navigation('navigation')
#21 I:\htdocs\szyk\vendor\zendframework\zendframework\library\Zend\View\Renderer\PhpRenderer.php(506): include('I:\\htdocs\\szyk\\...')
#22 I:\htdocs\szyk\vendor\zendframework\zendframework\library\Zend\View\View.php(205): Zend\View\Renderer\PhpRenderer->render(Object(Zend\View\Model\ViewModel))
#23 I:\htdocs\szyk\vendor\zendframework\zendframework\library\Zend\Mvc\View\Http\DefaultRenderingStrategy.php(103): Zend\View\View->render(Object(Zend\View\Model\ViewModel))
#24 [internal function]: Zend\Mvc\View\Http\DefaultRenderingStrategy->render(Object(Zend\Mvc\MvcEvent))
#25 I:\htdocs\szyk\vendor\zendframework\zendframework\library\Zend\EventManager\EventManager.php(468): call_user_func(Array, Object(Zend\Mvc\MvcEvent))
#26 I:\htdocs\szyk\vendor\zendframework\zendframework\library\Zend\EventManager\EventManager.php(207): Zend\EventManager\EventManager->triggerListeners('render', Object(Zend\Mvc\MvcEvent), Array)
#27 I:\htdocs\szyk\vendor\zendframework\zendframework\library\Zend\Mvc\Application.php(352): Zend\EventManager\EventManager->trigger('render', Object(Zend\Mvc\MvcEvent))
#28 I:\htdocs\szyk\vendor\zendframework\zendframework\library\Zend\Mvc\Application.php(327): Zend\Mvc\Application->completeRequest(Object(Zend\Mvc\MvcEvent))
#29 I:\htdocs\szyk\public\index.php(17): Zend\Mvc\Application->run()
#30 {main}

Next exception 'Zend\Db\Adapter\Exception\InvalidQueryException' with message 'Statement could not be executed (HY000 - 2006 - MySQL server has gone away)' in I:\htdocs\szyk\vendor\zendframework\zendframework\library\Zend\Db\Adapter\Driver\Pdo\Statement.php:244
Stack trace:
#0 I:\htdocs\szyk\vendor\zendframework\zendframework\library\Zend\Db\TableGateway\AbstractTableGateway.php(233): Zend\Db\Adapter\Driver\Pdo\Statement->execute()
#1 I:\htdocs\szyk\vendor\zendframework\zendframework\library\Zend\Db\TableGateway\AbstractTableGateway.php(208): Zend\Db\TableGateway\AbstractTableGateway->executeSelect(Object(Zend\Db\Sql\Select))
#2 I:\htdocs\szyk\vendor\zendframework\zendframework\library\Zend\Db\TableGateway\AbstractTableGateway.php(195): Zend\Db\TableGateway\AbstractTableGateway->selectWith(Object(Zend\Db\Sql\Select))
#3 I:\htdocs\szyk\vendor\cms-ir\cms-ir\src\CmsIr\System\src\System\Model\MenuTable.php(30): Zend\Db\TableGateway\AbstractTableGateway->select(Object(Closure))
#4 I:\htdocs\szyk\vendor\cms-ir\cms-ir\src\CmsIr\System\src\System\Navigation\MyNavigation.php(13): CmsIr\System\Model\MenuTable->fetchAll()
#5 I:\htdocs\szyk\vendor\zendframework\zendframework\library\Zend\Navigation\Service\AbstractNavigationFactory.php(37): CmsIr\System\Navigation\MyNavigation->getPages(Object(Zend\ServiceManager\ServiceManager))
#6 I:\htdocs\szyk\vendor\cms-ir\cms-ir\src\CmsIr\System\src\System\Navigation\MyNavigationFactory.php(13): Zend\Navigation\Service\AbstractNavigationFactory->createService(Object(Zend\ServiceManager\ServiceManager))
#7 [internal function]: CmsIr\System\Navigation\MyNavigationFactory->createService(Object(Zend\ServiceManager\ServiceManager), 'navigation', 'navigation')
#8 I:\htdocs\szyk\vendor\zendframework\zendframework\library\Zend\ServiceManager\ServiceManager.php(923): call_user_func(Array, Object(Zend\ServiceManager\ServiceManager), 'navigation', 'navigation')
#9 I:\htdocs\szyk\vendor\zendframework\zendframework\library\Zend\ServiceManager\ServiceManager.php(1055): Zend\ServiceManager\ServiceManager->createServiceViaCallback(Array, 'navigation', 'navigation')
#10 I:\htdocs\szyk\vendor\zendframework\zendframework\library\Zend\ServiceManager\ServiceManager.php(633): Zend\ServiceManager\ServiceManager->createFromFactory('navigation', 'navigation')
#11 I:\htdocs\szyk\vendor\zendframework\zendframework\library\Zend\ServiceManager\ServiceManager.php(593): Zend\ServiceManager\ServiceManager->doCreate('navigation', 'navigation')
#12 I:\htdocs\szyk\vendor\zendframework\zendframework\library\Zend\ServiceManager\ServiceManager.php(525): Zend\ServiceManager\ServiceManager->create(Array)
#13 I:\htdocs\szyk\vendor\zendframework\zendframework\library\Zend\View\Helper\Navigation\AbstractHelper.php(281): Zend\ServiceManager\ServiceManager->get('navigation')
#14 I:\htdocs\szyk\vendor\zendframework\zendframework\library\Zend\View\Helper\Navigation\AbstractHelper.php(550): Zend\View\Helper\Navigation\AbstractHelper->parseContainer('navigation')
#15 I:\htdocs\szyk\vendor\zendframework\zendframework\library\Zend\View\Helper\Navigation.php(80): Zend\View\Helper\Navigation\AbstractHelper->setContainer('navigation')
#16 [internal function]: Zend\View\Helper\Navigation->__invoke('navigation')
#17 I:\htdocs\szyk\vendor\zendframework\zendframework\library\Zend\View\Renderer\PhpRenderer.php(399): call_user_func_array(Object(Zend\View\Helper\Navigation), Array)
#18 I:\htdocs\szyk\vendor\cms-ir\cms-ir\src\CmsIr\Dashboard\view\layout\dashboard.phtml(44): Zend\View\Renderer\PhpRenderer->__call('navigation', Array)
#19 I:\htdocs\szyk\vendor\cms-ir\cms-ir\src\CmsIr\Dashboard\view\layout\dashboard.phtml(44): Zend\View\Renderer\PhpRenderer->navigation('navigation')
#20 I:\htdocs\szyk\vendor\zendframework\zendframework\library\Zend\View\Renderer\PhpRenderer.php(506): include('I:\\htdocs\\szyk\\...')
#21 I:\htdocs\szyk\vendor\zendframework\zendframework\library\Zend\View\View.php(205): Zend\View\Renderer\PhpRenderer->render(Object(Zend\View\Model\ViewModel))
#22 I:\htdocs\szyk\vendor\zendframework\zendframework\library\Zend\Mvc\View\Http\DefaultRenderingStrategy.php(103): Zend\View\View->render(Object(Zend\View\Model\ViewModel))
#23 [internal function]: Zend\Mvc\View\Http\DefaultRenderingStrategy->render(Object(Zend\Mvc\MvcEvent))
#24 I:\htdocs\szyk\vendor\zendframework\zendframework\library\Zend\EventManager\EventManager.php(468): call_user_func(Array, Object(Zend\Mvc\MvcEvent))
#25 I:\htdocs\szyk\vendor\zendframework\zendframework\library\Zend\EventManager\EventManager.php(207): Zend\EventManager\EventManager->triggerListeners('render', Object(Zend\Mvc\MvcEvent), Array)
#26 I:\htdocs\szyk\vendor\zendframework\zendframework\library\Zend\Mvc\Application.php(352): Zend\EventManager\EventManager->trigger('render', Object(Zend\Mvc\MvcEvent))
#27 I:\htdocs\szyk\vendor\zendframework\zendframework\library\Zend\Mvc\Application.php(327): Zend\Mvc\Application->completeRequest(Object(Zend\Mvc\MvcEvent))
#28 I:\htdocs\szyk\public\index.php(17): Zend\Mvc\Application->run()
#29 {main}

Next exception 'Zend\ServiceManager\Exception\ServiceNotCreatedException' with message 'An exception was raised while creating "navigation"; no instance returned' in I:\htdocs\szyk\vendor\zendframework\zendframework\library\Zend\ServiceManager\ServiceManager.php:930
Stack trace:
#0 I:\htdocs\szyk\vendor\zendframework\zendframework\library\Zend\ServiceManager\ServiceManager.php(1055): Zend\ServiceManager\ServiceManager->createServiceViaCallback(Array, 'navigation', 'navigation')
#1 I:\htdocs\szyk\vendor\zendframework\zendframework\library\Zend\ServiceManager\ServiceManager.php(633): Zend\ServiceManager\ServiceManager->createFromFactory('navigation', 'navigation')
#2 I:\htdocs\szyk\vendor\zendframework\zendframework\library\Zend\ServiceManager\ServiceManager.php(593): Zend\ServiceManager\ServiceManager->doCreate('navigation', 'navigation')
#3 I:\htdocs\szyk\vendor\zendframework\zendframework\library\Zend\ServiceManager\ServiceManager.php(525): Zend\ServiceManager\ServiceManager->create(Array)
#4 I:\htdocs\szyk\vendor\zendframework\zendframework\library\Zend\View\Helper\Navigation\AbstractHelper.php(281): Zend\ServiceManager\ServiceManager->get('navigation')
#5 I:\htdocs\szyk\vendor\zendframework\zendframework\library\Zend\View\Helper\Navigation\AbstractHelper.php(550): Zend\View\Helper\Navigation\AbstractHelper->parseContainer('navigation')
#6 I:\htdocs\szyk\vendor\zendframework\zendframework\library\Zend\View\Helper\Navigation.php(80): Zend\View\Helper\Navigation\AbstractHelper->setContainer('navigation')
#7 [internal function]: Zend\View\Helper\Navigation->__invoke('navigation')
#8 I:\htdocs\szyk\vendor\zendframework\zendframework\library\Zend\View\Renderer\PhpRenderer.php(399): call_user_func_array(Object(Zend\View\Helper\Navigation), Array)
#9 I:\htdocs\szyk\vendor\cms-ir\cms-ir\src\CmsIr\Dashboard\view\layout\dashboard.phtml(44): Zend\View\Renderer\PhpRenderer->__call('navigation', Array)
#10 I:\htdocs\szyk\vendor\cms-ir\cms-ir\src\CmsIr\Dashboard\view\layout\dashboard.phtml(44): Zend\View\Renderer\PhpRenderer->navigation('navigation')
#11 I:\htdocs\szyk\vendor\zendframework\zendframework\library\Zend\View\Renderer\PhpRenderer.php(506): include('I:\\htdocs\\szyk\\...')
#12 I:\htdocs\szyk\vendor\zendframework\zendframework\library\Zend\View\View.php(205): Zend\View\Renderer\PhpRenderer->render(Object(Zend\View\Model\ViewModel))
#13 I:\htdocs\szyk\vendor\zendframework\zendframework\library\Zend\Mvc\View\Http\DefaultRenderingStrategy.php(103): Zend\View\View->render(Object(Zend\View\Model\ViewModel))
#14 [internal function]: Zend\Mvc\View\Http\DefaultRenderingStrategy->render(Object(Zend\Mvc\MvcEvent))
#15 I:\htdocs\szyk\vendor\zendframework\zendframework\library\Zend\EventManager\EventManager.php(468): call_user_func(Array, Object(Zend\Mvc\MvcEvent))
#16 I:\htdocs\szyk\vendor\zendframework\zendframework\library\Zend\EventManager\EventManager.php(207): Zend\EventManager\EventManager->triggerListeners('render', Object(Zend\Mvc\MvcEvent), Array)
#17 I:\htdocs\szyk\vendor\zendframework\zendframework\library\Zend\Mvc\Application.php(352): Zend\EventManager\EventManager->trigger('render', Object(Zend\Mvc\MvcEvent))
#18 I:\htdocs\szyk\vendor\zendframework\zendframework\library\Zend\Mvc\Application.php(327): Zend\Mvc\Application->completeRequest(Object(Zend\Mvc\MvcEvent))
#19 I:\htdocs\szyk\public\index.php(17): Zend\Mvc\Application->run()
#20 {main}
