2015-04-07T20:42:14+02:00 CRIT (2): exception 'Zend\Mvc\Router\Exception\InvalidArgumentException' with message 'Missing parameter "category"' in I:\htdocs\cms-ir\vendor\zendframework\zendframework\library\Zend\Mvc\Router\Http\Segment.php:298
Stack trace:
#0 I:\htdocs\cms-ir\vendor\zendframework\zendframework\library\Zend\Mvc\Router\Http\Segment.php(409): Zend\Mvc\Router\Http\Segment->buildPath(Array, Array, false, false, Array)
#1 I:\htdocs\cms-ir\vendor\zendframework\zendframework\library\Zend\Mvc\Router\Http\Part.php(197): Zend\Mvc\Router\Http\Segment->assemble(Array, Array)
#2 I:\htdocs\cms-ir\vendor\zendframework\zendframework\library\Zend\Mvc\Router\Http\TreeRouteStack.php(351): Zend\Mvc\Router\Http\Part->assemble(Array, Array)
#3 I:\htdocs\cms-ir\vendor\zendframework\zendframework\library\Zend\Navigation\Page\Mvc.php(260): Zend\Mvc\Router\Http\TreeRouteStack->assemble(Array, Array)
#4 I:\htdocs\cms-ir\vendor\cms-ir\cms-ir\src\CmsIr\Dashboard\view\partial\dashboard-sidebar-nav.phtml(71): Zend\Navigation\Page\Mvc->getHref()
#5 I:\htdocs\cms-ir\vendor\zendframework\zendframework\library\Zend\View\Renderer\PhpRenderer.php(506): include('I:\\htdocs\\cms-i...')
#6 I:\htdocs\cms-ir\vendor\zendframework\zendframework\library\Zend\View\Helper\Partial.php(61): Zend\View\Renderer\PhpRenderer->render('partial/sidebar...', Array)
#7 I:\htdocs\cms-ir\vendor\zendframework\zendframework\library\Zend\View\Helper\Navigation\Menu.php(433): Zend\View\Helper\Partial->__invoke('partial/sidebar...', Array)
#8 I:\htdocs\cms-ir\vendor\zendframework\zendframework\library\Zend\View\Helper\Navigation\Menu.php(107): Zend\View\Helper\Navigation\Menu->renderPartial(NULL, 'partial/sidebar...')
#9 I:\htdocs\cms-ir\vendor\cms-ir\cms-ir\src\CmsIr\Dashboard\view\layout\dashboard.phtml(47): Zend\View\Helper\Navigation\Menu->render()
#10 I:\htdocs\cms-ir\vendor\zendframework\zendframework\library\Zend\View\Renderer\PhpRenderer.php(506): include('I:\\htdocs\\cms-i...')
#11 I:\htdocs\cms-ir\vendor\zendframework\zendframework\library\Zend\View\View.php(205): Zend\View\Renderer\PhpRenderer->render(Object(Zend\View\Model\ViewModel))
#12 I:\htdocs\cms-ir\vendor\zendframework\zendframework\library\Zend\Mvc\View\Http\DefaultRenderingStrategy.php(103): Zend\View\View->render(Object(Zend\View\Model\ViewModel))
#13 [internal function]: Zend\Mvc\View\Http\DefaultRenderingStrategy->render(Object(Zend\Mvc\MvcEvent))
#14 I:\htdocs\cms-ir\vendor\zendframework\zendframework\library\Zend\EventManager\EventManager.php(468): call_user_func(Array, Object(Zend\Mvc\MvcEvent))
#15 I:\htdocs\cms-ir\vendor\zendframework\zendframework\library\Zend\EventManager\EventManager.php(207): Zend\EventManager\EventManager->triggerListeners('render', Object(Zend\Mvc\MvcEvent), Array)
#16 I:\htdocs\cms-ir\vendor\zendframework\zendframework\library\Zend\Mvc\Application.php(352): Zend\EventManager\EventManager->trigger('render', Object(Zend\Mvc\MvcEvent))
#17 I:\htdocs\cms-ir\vendor\zendframework\zendframework\library\Zend\Mvc\Application.php(327): Zend\Mvc\Application->completeRequest(Object(Zend\Mvc\MvcEvent))
#18 I:\htdocs\cms-ir\public\index.php(17): Zend\Mvc\Application->run()
#19 {main}
2015-04-07T20:45:52+02:00 CRIT (2): exception 'Zend\Mvc\Router\Exception\InvalidArgumentException' with message 'Missing parameter "category"' in I:\htdocs\cms-ir\vendor\zendframework\zendframework\library\Zend\Mvc\Router\Http\Segment.php:298
Stack trace:
#0 I:\htdocs\cms-ir\vendor\zendframework\zendframework\library\Zend\Mvc\Router\Http\Segment.php(409): Zend\Mvc\Router\Http\Segment->buildPath(Array, Array, false, false, Array)
#1 I:\htdocs\cms-ir\vendor\zendframework\zendframework\library\Zend\Mvc\Router\Http\Part.php(197): Zend\Mvc\Router\Http\Segment->assemble(Array, Array)
#2 I:\htdocs\cms-ir\vendor\zendframework\zendframework\library\Zend\Mvc\Router\Http\TreeRouteStack.php(351): Zend\Mvc\Router\Http\Part->assemble(Array, Array)
#3 I:\htdocs\cms-ir\vendor\zendframework\zendframework\library\Zend\Navigation\Page\Mvc.php(260): Zend\Mvc\Router\Http\TreeRouteStack->assemble(Array, Array)
#4 I:\htdocs\cms-ir\vendor\cms-ir\cms-ir\src\CmsIr\Dashboard\view\partial\dashboard-sidebar-nav.phtml(71): Zend\Navigation\Page\Mvc->getHref()
#5 I:\htdocs\cms-ir\vendor\zendframework\zendframework\library\Zend\View\Renderer\PhpRenderer.php(506): include('I:\\htdocs\\cms-i...')
#6 I:\htdocs\cms-ir\vendor\zendframework\zendframework\library\Zend\View\Helper\Partial.php(61): Zend\View\Renderer\PhpRenderer->render('partial/sidebar...', Array)
#7 I:\htdocs\cms-ir\vendor\zendframework\zendframework\library\Zend\View\Helper\Navigation\Menu.php(433): Zend\View\Helper\Partial->__invoke('partial/sidebar...', Array)
#8 I:\htdocs\cms-ir\vendor\zendframework\zendframework\library\Zend\View\Helper\Navigation\Menu.php(107): Zend\View\Helper\Navigation\Menu->renderPartial(NULL, 'partial/sidebar...')
#9 I:\htdocs\cms-ir\vendor\cms-ir\cms-ir\src\CmsIr\Dashboard\view\layout\dashboard.phtml(47): Zend\View\Helper\Navigation\Menu->render()
#10 I:\htdocs\cms-ir\vendor\zendframework\zendframework\library\Zend\View\Renderer\PhpRenderer.php(506): include('I:\\htdocs\\cms-i...')
#11 I:\htdocs\cms-ir\vendor\zendframework\zendframework\library\Zend\View\View.php(205): Zend\View\Renderer\PhpRenderer->render(Object(Zend\View\Model\ViewModel))
#12 I:\htdocs\cms-ir\vendor\zendframework\zendframework\library\Zend\Mvc\View\Http\DefaultRenderingStrategy.php(103): Zend\View\View->render(Object(Zend\View\Model\ViewModel))
#13 [internal function]: Zend\Mvc\View\Http\DefaultRenderingStrategy->render(Object(Zend\Mvc\MvcEvent))
#14 I:\htdocs\cms-ir\vendor\zendframework\zendframework\library\Zend\EventManager\EventManager.php(468): call_user_func(Array, Object(Zend\Mvc\MvcEvent))
#15 I:\htdocs\cms-ir\vendor\zendframework\zendframework\library\Zend\EventManager\EventManager.php(207): Zend\EventManager\EventManager->triggerListeners('render', Object(Zend\Mvc\MvcEvent), Array)
#16 I:\htdocs\cms-ir\vendor\zendframework\zendframework\library\Zend\Mvc\Application.php(352): Zend\EventManager\EventManager->trigger('render', Object(Zend\Mvc\MvcEvent))
#17 I:\htdocs\cms-ir\vendor\zendframework\zendframework\library\Zend\Mvc\Application.php(327): Zend\Mvc\Application->completeRequest(Object(Zend\Mvc\MvcEvent))
#18 I:\htdocs\cms-ir\public\index.php(17): Zend\Mvc\Application->run()
#19 {main}
2015-04-07T20:46:33+02:00 CRIT (2): exception 'Zend\Mvc\Router\Exception\InvalidArgumentException' with message 'Missing parameter "category"' in I:\htdocs\cms-ir\vendor\zendframework\zendframework\library\Zend\Mvc\Router\Http\Segment.php:298
Stack trace:
#0 I:\htdocs\cms-ir\vendor\zendframework\zendframework\library\Zend\Mvc\Router\Http\Segment.php(409): Zend\Mvc\Router\Http\Segment->buildPath(Array, Array, false, false, Array)
#1 I:\htdocs\cms-ir\vendor\zendframework\zendframework\library\Zend\Mvc\Router\Http\Part.php(197): Zend\Mvc\Router\Http\Segment->assemble(Array, Array)
#2 I:\htdocs\cms-ir\vendor\zendframework\zendframework\library\Zend\Mvc\Router\Http\TreeRouteStack.php(351): Zend\Mvc\Router\Http\Part->assemble(Array, Array)
#3 I:\htdocs\cms-ir\vendor\zendframework\zendframework\library\Zend\Navigation\Page\Mvc.php(260): Zend\Mvc\Router\Http\TreeRouteStack->assemble(Array, Array)
#4 I:\htdocs\cms-ir\vendor\cms-ir\cms-ir\src\CmsIr\Dashboard\view\partial\dashboard-sidebar-nav.phtml(71): Zend\Navigation\Page\Mvc->getHref()
#5 I:\htdocs\cms-ir\vendor\zendframework\zendframework\library\Zend\View\Renderer\PhpRenderer.php(506): include('I:\\htdocs\\cms-i...')
#6 I:\htdocs\cms-ir\vendor\zendframework\zendframework\library\Zend\View\Helper\Partial.php(61): Zend\View\Renderer\PhpRenderer->render('partial/sidebar...', Array)
#7 I:\htdocs\cms-ir\vendor\zendframework\zendframework\library\Zend\View\Helper\Navigation\Menu.php(433): Zend\View\Helper\Partial->__invoke('partial/sidebar...', Array)
#8 I:\htdocs\cms-ir\vendor\zendframework\zendframework\library\Zend\View\Helper\Navigation\Menu.php(107): Zend\View\Helper\Navigation\Menu->renderPartial(NULL, 'partial/sidebar...')
#9 I:\htdocs\cms-ir\vendor\cms-ir\cms-ir\src\CmsIr\Dashboard\view\layout\dashboard.phtml(47): Zend\View\Helper\Navigation\Menu->render()
#10 I:\htdocs\cms-ir\vendor\zendframework\zendframework\library\Zend\View\Renderer\PhpRenderer.php(506): include('I:\\htdocs\\cms-i...')
#11 I:\htdocs\cms-ir\vendor\zendframework\zendframework\library\Zend\View\View.php(205): Zend\View\Renderer\PhpRenderer->render(Object(Zend\View\Model\ViewModel))
#12 I:\htdocs\cms-ir\vendor\zendframework\zendframework\library\Zend\Mvc\View\Http\DefaultRenderingStrategy.php(103): Zend\View\View->render(Object(Zend\View\Model\ViewModel))
#13 [internal function]: Zend\Mvc\View\Http\DefaultRenderingStrategy->render(Object(Zend\Mvc\MvcEvent))
#14 I:\htdocs\cms-ir\vendor\zendframework\zendframework\library\Zend\EventManager\EventManager.php(468): call_user_func(Array, Object(Zend\Mvc\MvcEvent))
#15 I:\htdocs\cms-ir\vendor\zendframework\zendframework\library\Zend\EventManager\EventManager.php(207): Zend\EventManager\EventManager->triggerListeners('render', Object(Zend\Mvc\MvcEvent), Array)
#16 I:\htdocs\cms-ir\vendor\zendframework\zendframework\library\Zend\Mvc\Application.php(352): Zend\EventManager\EventManager->trigger('render', Object(Zend\Mvc\MvcEvent))
#17 I:\htdocs\cms-ir\vendor\zendframework\zendframework\library\Zend\Mvc\Application.php(327): Zend\Mvc\Application->completeRequest(Object(Zend\Mvc\MvcEvent))
#18 I:\htdocs\cms-ir\public\index.php(17): Zend\Mvc\Application->run()
#19 {main}
2015-04-07T20:50:29+02:00 CRIT (2): exception 'Zend\Mvc\Router\Exception\InvalidArgumentException' with message 'Missing parameter "category"' in I:\htdocs\cms-ir\vendor\zendframework\zendframework\library\Zend\Mvc\Router\Http\Segment.php:298
Stack trace:
#0 I:\htdocs\cms-ir\vendor\zendframework\zendframework\library\Zend\Mvc\Router\Http\Segment.php(409): Zend\Mvc\Router\Http\Segment->buildPath(Array, Array, false, false, Array)
#1 I:\htdocs\cms-ir\vendor\zendframework\zendframework\library\Zend\Mvc\Router\Http\Part.php(197): Zend\Mvc\Router\Http\Segment->assemble(Array, Array)
#2 I:\htdocs\cms-ir\vendor\zendframework\zendframework\library\Zend\Mvc\Router\Http\TreeRouteStack.php(351): Zend\Mvc\Router\Http\Part->assemble(Array, Array)
#3 I:\htdocs\cms-ir\vendor\zendframework\zendframework\library\Zend\Navigation\Page\Mvc.php(260): Zend\Mvc\Router\Http\TreeRouteStack->assemble(Array, Array)
#4 I:\htdocs\cms-ir\vendor\cms-ir\cms-ir\src\CmsIr\Dashboard\view\partial\dashboard-sidebar-nav.phtml(71): Zend\Navigation\Page\Mvc->getHref()
#5 I:\htdocs\cms-ir\vendor\zendframework\zendframework\library\Zend\View\Renderer\PhpRenderer.php(506): include('I:\\htdocs\\cms-i...')
#6 I:\htdocs\cms-ir\vendor\zendframework\zendframework\library\Zend\View\Helper\Partial.php(61): Zend\View\Renderer\PhpRenderer->render('partial/sidebar...', Array)
#7 I:\htdocs\cms-ir\vendor\zendframework\zendframework\library\Zend\View\Helper\Navigation\Menu.php(433): Zend\View\Helper\Partial->__invoke('partial/sidebar...', Array)
#8 I:\htdocs\cms-ir\vendor\zendframework\zendframework\library\Zend\View\Helper\Navigation\Menu.php(107): Zend\View\Helper\Navigation\Menu->renderPartial(NULL, 'partial/sidebar...')
#9 I:\htdocs\cms-ir\vendor\cms-ir\cms-ir\src\CmsIr\Dashboard\view\layout\dashboard.phtml(47): Zend\View\Helper\Navigation\Menu->render()
#10 I:\htdocs\cms-ir\vendor\zendframework\zendframework\library\Zend\View\Renderer\PhpRenderer.php(506): include('I:\\htdocs\\cms-i...')
#11 I:\htdocs\cms-ir\vendor\zendframework\zendframework\library\Zend\View\View.php(205): Zend\View\Renderer\PhpRenderer->render(Object(Zend\View\Model\ViewModel))
#12 I:\htdocs\cms-ir\vendor\zendframework\zendframework\library\Zend\Mvc\View\Http\DefaultRenderingStrategy.php(103): Zend\View\View->render(Object(Zend\View\Model\ViewModel))
#13 [internal function]: Zend\Mvc\View\Http\DefaultRenderingStrategy->render(Object(Zend\Mvc\MvcEvent))
#14 I:\htdocs\cms-ir\vendor\zendframework\zendframework\library\Zend\EventManager\EventManager.php(468): call_user_func(Array, Object(Zend\Mvc\MvcEvent))
#15 I:\htdocs\cms-ir\vendor\zendframework\zendframework\library\Zend\EventManager\EventManager.php(207): Zend\EventManager\EventManager->triggerListeners('render', Object(Zend\Mvc\MvcEvent), Array)
#16 I:\htdocs\cms-ir\vendor\zendframework\zendframework\library\Zend\Mvc\Application.php(352): Zend\EventManager\EventManager->trigger('render', Object(Zend\Mvc\MvcEvent))
#17 I:\htdocs\cms-ir\vendor\zendframework\zendframework\library\Zend\Mvc\Application.php(327): Zend\Mvc\Application->completeRequest(Object(Zend\Mvc\MvcEvent))
#18 I:\htdocs\cms-ir\public\index.php(17): Zend\Mvc\Application->run()
#19 {main}
2015-04-07T20:51:15+02:00 CRIT (2): exception 'Zend\Mvc\Router\Exception\InvalidArgumentException' with message 'Missing parameter "category"' in I:\htdocs\cms-ir\vendor\zendframework\zendframework\library\Zend\Mvc\Router\Http\Segment.php:298
Stack trace:
#0 I:\htdocs\cms-ir\vendor\zendframework\zendframework\library\Zend\Mvc\Router\Http\Segment.php(409): Zend\Mvc\Router\Http\Segment->buildPath(Array, Array, false, false, Array)
#1 I:\htdocs\cms-ir\vendor\zendframework\zendframework\library\Zend\Mvc\Router\Http\Part.php(197): Zend\Mvc\Router\Http\Segment->assemble(Array, Array)
#2 I:\htdocs\cms-ir\vendor\zendframework\zendframework\library\Zend\Mvc\Router\Http\TreeRouteStack.php(351): Zend\Mvc\Router\Http\Part->assemble(Array, Array)
#3 I:\htdocs\cms-ir\vendor\zendframework\zendframework\library\Zend\Navigation\Page\Mvc.php(260): Zend\Mvc\Router\Http\TreeRouteStack->assemble(Array, Array)
#4 I:\htdocs\cms-ir\vendor\cms-ir\cms-ir\src\CmsIr\Dashboard\view\partial\dashboard-sidebar-nav.phtml(71): Zend\Navigation\Page\Mvc->getHref()
#5 I:\htdocs\cms-ir\vendor\zendframework\zendframework\library\Zend\View\Renderer\PhpRenderer.php(506): include('I:\\htdocs\\cms-i...')
#6 I:\htdocs\cms-ir\vendor\zendframework\zendframework\library\Zend\View\Helper\Partial.php(61): Zend\View\Renderer\PhpRenderer->render('partial/sidebar...', Array)
#7 I:\htdocs\cms-ir\vendor\zendframework\zendframework\library\Zend\View\Helper\Navigation\Menu.php(433): Zend\View\Helper\Partial->__invoke('partial/sidebar...', Array)
#8 I:\htdocs\cms-ir\vendor\zendframework\zendframework\library\Zend\View\Helper\Navigation\Menu.php(107): Zend\View\Helper\Navigation\Menu->renderPartial(NULL, 'partial/sidebar...')
#9 I:\htdocs\cms-ir\vendor\cms-ir\cms-ir\src\CmsIr\Dashboard\view\layout\dashboard.phtml(47): Zend\View\Helper\Navigation\Menu->render()
#10 I:\htdocs\cms-ir\vendor\zendframework\zendframework\library\Zend\View\Renderer\PhpRenderer.php(506): include('I:\\htdocs\\cms-i...')
#11 I:\htdocs\cms-ir\vendor\zendframework\zendframework\library\Zend\View\View.php(205): Zend\View\Renderer\PhpRenderer->render(Object(Zend\View\Model\ViewModel))
#12 I:\htdocs\cms-ir\vendor\zendframework\zendframework\library\Zend\Mvc\View\Http\DefaultRenderingStrategy.php(103): Zend\View\View->render(Object(Zend\View\Model\ViewModel))
#13 [internal function]: Zend\Mvc\View\Http\DefaultRenderingStrategy->render(Object(Zend\Mvc\MvcEvent))
#14 I:\htdocs\cms-ir\vendor\zendframework\zendframework\library\Zend\EventManager\EventManager.php(468): call_user_func(Array, Object(Zend\Mvc\MvcEvent))
#15 I:\htdocs\cms-ir\vendor\zendframework\zendframework\library\Zend\EventManager\EventManager.php(207): Zend\EventManager\EventManager->triggerListeners('render', Object(Zend\Mvc\MvcEvent), Array)
#16 I:\htdocs\cms-ir\vendor\zendframework\zendframework\library\Zend\Mvc\Application.php(352): Zend\EventManager\EventManager->trigger('render', Object(Zend\Mvc\MvcEvent))
#17 I:\htdocs\cms-ir\vendor\zendframework\zendframework\library\Zend\Mvc\Application.php(327): Zend\Mvc\Application->completeRequest(Object(Zend\Mvc\MvcEvent))
#18 I:\htdocs\cms-ir\public\index.php(17): Zend\Mvc\Application->run()
#19 {main}
2015-04-07T20:56:11+02:00 CRIT (2): exception 'Zend\Mvc\Router\Exception\InvalidArgumentException' with message 'Missing parameter "category"' in I:\htdocs\cms-ir\vendor\zendframework\zendframework\library\Zend\Mvc\Router\Http\Segment.php:298
Stack trace:
#0 I:\htdocs\cms-ir\vendor\zendframework\zendframework\library\Zend\Mvc\Router\Http\Segment.php(409): Zend\Mvc\Router\Http\Segment->buildPath(Array, Array, false, false, Array)
#1 I:\htdocs\cms-ir\vendor\zendframework\zendframework\library\Zend\Mvc\Router\Http\Part.php(197): Zend\Mvc\Router\Http\Segment->assemble(Array, Array)
#2 I:\htdocs\cms-ir\vendor\zendframework\zendframework\library\Zend\Mvc\Router\Http\TreeRouteStack.php(351): Zend\Mvc\Router\Http\Part->assemble(Array, Array)
#3 I:\htdocs\cms-ir\vendor\zendframework\zendframework\library\Zend\Navigation\Page\Mvc.php(260): Zend\Mvc\Router\Http\TreeRouteStack->assemble(Array, Array)
#4 I:\htdocs\cms-ir\vendor\cms-ir\cms-ir\src\CmsIr\Dashboard\view\partial\dashboard-sidebar-nav.phtml(71): Zend\Navigation\Page\Mvc->getHref()
#5 I:\htdocs\cms-ir\vendor\zendframework\zendframework\library\Zend\View\Renderer\PhpRenderer.php(506): include('I:\\htdocs\\cms-i...')
#6 I:\htdocs\cms-ir\vendor\zendframework\zendframework\library\Zend\View\Helper\Partial.php(61): Zend\View\Renderer\PhpRenderer->render('partial/sidebar...', Array)
#7 I:\htdocs\cms-ir\vendor\zendframework\zendframework\library\Zend\View\Helper\Navigation\Menu.php(433): Zend\View\Helper\Partial->__invoke('partial/sidebar...', Array)
#8 I:\htdocs\cms-ir\vendor\zendframework\zendframework\library\Zend\View\Helper\Navigation\Menu.php(107): Zend\View\Helper\Navigation\Menu->renderPartial(NULL, 'partial/sidebar...')
#9 I:\htdocs\cms-ir\vendor\cms-ir\cms-ir\src\CmsIr\Dashboard\view\layout\dashboard.phtml(47): Zend\View\Helper\Navigation\Menu->render()
#10 I:\htdocs\cms-ir\vendor\zendframework\zendframework\library\Zend\View\Renderer\PhpRenderer.php(506): include('I:\\htdocs\\cms-i...')
#11 I:\htdocs\cms-ir\vendor\zendframework\zendframework\library\Zend\View\View.php(205): Zend\View\Renderer\PhpRenderer->render(Object(Zend\View\Model\ViewModel))
#12 I:\htdocs\cms-ir\vendor\zendframework\zendframework\library\Zend\Mvc\View\Http\DefaultRenderingStrategy.php(103): Zend\View\View->render(Object(Zend\View\Model\ViewModel))
#13 [internal function]: Zend\Mvc\View\Http\DefaultRenderingStrategy->render(Object(Zend\Mvc\MvcEvent))
#14 I:\htdocs\cms-ir\vendor\zendframework\zendframework\library\Zend\EventManager\EventManager.php(468): call_user_func(Array, Object(Zend\Mvc\MvcEvent))
#15 I:\htdocs\cms-ir\vendor\zendframework\zendframework\library\Zend\EventManager\EventManager.php(207): Zend\EventManager\EventManager->triggerListeners('render', Object(Zend\Mvc\MvcEvent), Array)
#16 I:\htdocs\cms-ir\vendor\zendframework\zendframework\library\Zend\Mvc\Application.php(352): Zend\EventManager\EventManager->trigger('render', Object(Zend\Mvc\MvcEvent))
#17 I:\htdocs\cms-ir\vendor\zendframework\zendframework\library\Zend\Mvc\Application.php(327): Zend\Mvc\Application->completeRequest(Object(Zend\Mvc\MvcEvent))
#18 I:\htdocs\cms-ir\public\index.php(17): Zend\Mvc\Application->run()
#19 {main}
2015-04-07T20:56:46+02:00 CRIT (2): exception 'Zend\Mvc\Router\Exception\InvalidArgumentException' with message 'Missing parameter "category"' in I:\htdocs\cms-ir\vendor\zendframework\zendframework\library\Zend\Mvc\Router\Http\Segment.php:298
Stack trace:
#0 I:\htdocs\cms-ir\vendor\zendframework\zendframework\library\Zend\Mvc\Router\Http\Segment.php(409): Zend\Mvc\Router\Http\Segment->buildPath(Array, Array, false, false, Array)
#1 I:\htdocs\cms-ir\vendor\zendframework\zendframework\library\Zend\Mvc\Router\Http\Part.php(197): Zend\Mvc\Router\Http\Segment->assemble(Array, Array)
#2 I:\htdocs\cms-ir\vendor\zendframework\zendframework\library\Zend\Mvc\Router\Http\TreeRouteStack.php(351): Zend\Mvc\Router\Http\Part->assemble(Array, Array)
#3 I:\htdocs\cms-ir\vendor\zendframework\zendframework\library\Zend\Navigation\Page\Mvc.php(260): Zend\Mvc\Router\Http\TreeRouteStack->assemble(Array, Array)
#4 I:\htdocs\cms-ir\vendor\cms-ir\cms-ir\src\CmsIr\Dashboard\view\partial\dashboard-sidebar-nav.phtml(71): Zend\Navigation\Page\Mvc->getHref()
#5 I:\htdocs\cms-ir\vendor\zendframework\zendframework\library\Zend\View\Renderer\PhpRenderer.php(506): include('I:\\htdocs\\cms-i...')
#6 I:\htdocs\cms-ir\vendor\zendframework\zendframework\library\Zend\View\Helper\Partial.php(61): Zend\View\Renderer\PhpRenderer->render('partial/sidebar...', Array)
#7 I:\htdocs\cms-ir\vendor\zendframework\zendframework\library\Zend\View\Helper\Navigation\Menu.php(433): Zend\View\Helper\Partial->__invoke('partial/sidebar...', Array)
#8 I:\htdocs\cms-ir\vendor\zendframework\zendframework\library\Zend\View\Helper\Navigation\Menu.php(107): Zend\View\Helper\Navigation\Menu->renderPartial(NULL, 'partial/sidebar...')
#9 I:\htdocs\cms-ir\vendor\cms-ir\cms-ir\src\CmsIr\Dashboard\view\layout\dashboard.phtml(47): Zend\View\Helper\Navigation\Menu->render()
#10 I:\htdocs\cms-ir\vendor\zendframework\zendframework\library\Zend\View\Renderer\PhpRenderer.php(506): include('I:\\htdocs\\cms-i...')
#11 I:\htdocs\cms-ir\vendor\zendframework\zendframework\library\Zend\View\View.php(205): Zend\View\Renderer\PhpRenderer->render(Object(Zend\View\Model\ViewModel))
#12 I:\htdocs\cms-ir\vendor\zendframework\zendframework\library\Zend\Mvc\View\Http\DefaultRenderingStrategy.php(103): Zend\View\View->render(Object(Zend\View\Model\ViewModel))
#13 [internal function]: Zend\Mvc\View\Http\DefaultRenderingStrategy->render(Object(Zend\Mvc\MvcEvent))
#14 I:\htdocs\cms-ir\vendor\zendframework\zendframework\library\Zend\EventManager\EventManager.php(468): call_user_func(Array, Object(Zend\Mvc\MvcEvent))
#15 I:\htdocs\cms-ir\vendor\zendframework\zendframework\library\Zend\EventManager\EventManager.php(207): Zend\EventManager\EventManager->triggerListeners('render', Object(Zend\Mvc\MvcEvent), Array)
#16 I:\htdocs\cms-ir\vendor\zendframework\zendframework\library\Zend\Mvc\Application.php(352): Zend\EventManager\EventManager->trigger('render', Object(Zend\Mvc\MvcEvent))
#17 I:\htdocs\cms-ir\vendor\zendframework\zendframework\library\Zend\Mvc\Application.php(327): Zend\Mvc\Application->completeRequest(Object(Zend\Mvc\MvcEvent))
#18 I:\htdocs\cms-ir\public\index.php(17): Zend\Mvc\Application->run()
#19 {main}
