2015-04-13T18:05:21+02:00 CRIT (2): exception 'PDOException' with message 'SQLSTATE[42S22]: Column not found: 1054 Unknown column 'status`-`id' in 'where clause'' in I:\htdocs\szyk\vendor\zendframework\zendframework\library\Zend\Db\Adapter\Driver\Pdo\Statement.php:239
Stack trace:
#0 I:\htdocs\szyk\vendor\zendframework\zendframework\library\Zend\Db\Adapter\Driver\Pdo\Statement.php(239): PDOStatement->execute()
#1 I:\htdocs\szyk\vendor\zendframework\zendframework\library\Zend\Db\TableGateway\AbstractTableGateway.php(233): Zend\Db\Adapter\Driver\Pdo\Statement->execute()
#2 I:\htdocs\szyk\vendor\zendframework\zendframework\library\Zend\Db\TableGateway\AbstractTableGateway.php(208): Zend\Db\TableGateway\AbstractTableGateway->executeSelect(Object(Zend\Db\Sql\Select))
#3 I:\htdocs\szyk\vendor\cms-ir\cms-ir\src\CmsIr\System\src\System\Model\ModelTable.php(54): Zend\Db\TableGateway\AbstractTableGateway->selectWith(Object(Zend\Db\Sql\Select))
#4 I:\htdocs\szyk\module\Page\src\Page\Controller\PageController.php(27): CmsIr\System\Model\ModelTable->getBy(Array)
#5 I:\htdocs\szyk\vendor\zendframework\zendframework\library\Zend\Mvc\Controller\AbstractActionController.php(83): Page\Controller\PageController->homeAction()
#6 [internal function]: Zend\Mvc\Controller\AbstractActionController->onDispatch(Object(Zend\Mvc\MvcEvent))
#7 I:\htdocs\szyk\vendor\zendframework\zendframework\library\Zend\EventManager\EventManager.php(468): call_user_func(Array, Object(Zend\Mvc\MvcEvent))
#8 I:\htdocs\szyk\vendor\zendframework\zendframework\library\Zend\EventManager\EventManager.php(207): Zend\EventManager\EventManager->triggerListeners('dispatch', Object(Zend\Mvc\MvcEvent), Object(Closure))
#9 I:\htdocs\szyk\vendor\zendframework\zendframework\library\Zend\Mvc\Controller\AbstractController.php(116): Zend\EventManager\EventManager->trigger('dispatch', Object(Zend\Mvc\MvcEvent), Object(Closure))
#10 I:\htdocs\szyk\vendor\zendframework\zendframework\library\Zend\Mvc\DispatchListener.php(113): Zend\Mvc\Controller\AbstractController->dispatch(Object(Zend\Http\PhpEnvironment\Request), Object(Zend\Http\PhpEnvironment\Response))
#11 [internal function]: Zend\Mvc\DispatchListener->onDispatch(Object(Zend\Mvc\MvcEvent))
#12 I:\htdocs\szyk\vendor\zendframework\zendframework\library\Zend\EventManager\EventManager.php(468): call_user_func(Array, Object(Zend\Mvc\MvcEvent))
#13 I:\htdocs\szyk\vendor\zendframework\zendframework\library\Zend\EventManager\EventManager.php(207): Zend\EventManager\EventManager->triggerListeners('dispatch', Object(Zend\Mvc\MvcEvent), Object(Closure))
#14 I:\htdocs\szyk\vendor\zendframework\zendframework\library\Zend\Mvc\Application.php(313): Zend\EventManager\EventManager->trigger('dispatch', Object(Zend\Mvc\MvcEvent), Object(Closure))
#15 I:\htdocs\szyk\public\index.php(17): Zend\Mvc\Application->run()
#16 {main}

Next exception 'Zend\Db\Adapter\Exception\InvalidQueryException' with message 'Statement could not be executed (42S22 - 1054 - Unknown column 'status`-`id' in 'where clause')' in I:\htdocs\szyk\vendor\zendframework\zendframework\library\Zend\Db\Adapter\Driver\Pdo\Statement.php:244
Stack trace:
#0 I:\htdocs\szyk\vendor\zendframework\zendframework\library\Zend\Db\TableGateway\AbstractTableGateway.php(233): Zend\Db\Adapter\Driver\Pdo\Statement->execute()
#1 I:\htdocs\szyk\vendor\zendframework\zendframework\library\Zend\Db\TableGateway\AbstractTableGateway.php(208): Zend\Db\TableGateway\AbstractTableGateway->executeSelect(Object(Zend\Db\Sql\Select))
#2 I:\htdocs\szyk\vendor\cms-ir\cms-ir\src\CmsIr\System\src\System\Model\ModelTable.php(54): Zend\Db\TableGateway\AbstractTableGateway->selectWith(Object(Zend\Db\Sql\Select))
#3 I:\htdocs\szyk\module\Page\src\Page\Controller\PageController.php(27): CmsIr\System\Model\ModelTable->getBy(Array)
#4 I:\htdocs\szyk\vendor\zendframework\zendframework\library\Zend\Mvc\Controller\AbstractActionController.php(83): Page\Controller\PageController->homeAction()
#5 [internal function]: Zend\Mvc\Controller\AbstractActionController->onDispatch(Object(Zend\Mvc\MvcEvent))
#6 I:\htdocs\szyk\vendor\zendframework\zendframework\library\Zend\EventManager\EventManager.php(468): call_user_func(Array, Object(Zend\Mvc\MvcEvent))
#7 I:\htdocs\szyk\vendor\zendframework\zendframework\library\Zend\EventManager\EventManager.php(207): Zend\EventManager\EventManager->triggerListeners('dispatch', Object(Zend\Mvc\MvcEvent), Object(Closure))
#8 I:\htdocs\szyk\vendor\zendframework\zendframework\library\Zend\Mvc\Controller\AbstractController.php(116): Zend\EventManager\EventManager->trigger('dispatch', Object(Zend\Mvc\MvcEvent), Object(Closure))
#9 I:\htdocs\szyk\vendor\zendframework\zendframework\library\Zend\Mvc\DispatchListener.php(113): Zend\Mvc\Controller\AbstractController->dispatch(Object(Zend\Http\PhpEnvironment\Request), Object(Zend\Http\PhpEnvironment\Response))
#10 [internal function]: Zend\Mvc\DispatchListener->onDispatch(Object(Zend\Mvc\MvcEvent))
#11 I:\htdocs\szyk\vendor\zendframework\zendframework\library\Zend\EventManager\EventManager.php(468): call_user_func(Array, Object(Zend\Mvc\MvcEvent))
#12 I:\htdocs\szyk\vendor\zendframework\zendframework\library\Zend\EventManager\EventManager.php(207): Zend\EventManager\EventManager->triggerListeners('dispatch', Object(Zend\Mvc\MvcEvent), Object(Closure))
#13 I:\htdocs\szyk\vendor\zendframework\zendframework\library\Zend\Mvc\Application.php(313): Zend\EventManager\EventManager->trigger('dispatch', Object(Zend\Mvc\MvcEvent), Object(Closure))
#14 I:\htdocs\szyk\public\index.php(17): Zend\Mvc\Application->run()
#15 {main}
2015-04-13T18:23:59+02:00 CRIT (2): exception 'Zend\View\Exception\RuntimeException' with message 'Zend\View\Renderer\PhpRenderer::render: Unable to render template "cms-ir/system/create-thumb"; resolver could not resolve to a file' in I:\htdocs\szyk\vendor\zendframework\zendframework\library\Zend\View\Renderer\PhpRenderer.php:498
Stack trace:
#0 I:\htdocs\szyk\vendor\zendframework\zendframework\library\Zend\View\View.php(205): Zend\View\Renderer\PhpRenderer->render(Object(Zend\View\Model\ViewModel))
#1 I:\htdocs\szyk\vendor\zendframework\zendframework\library\Zend\View\View.php(233): Zend\View\View->render(Object(Zend\View\Model\ViewModel))
#2 I:\htdocs\szyk\vendor\zendframework\zendframework\library\Zend\View\View.php(198): Zend\View\View->renderChildren(Object(Zend\View\Model\ViewModel))
#3 I:\htdocs\szyk\vendor\zendframework\zendframework\library\Zend\Mvc\View\Http\DefaultRenderingStrategy.php(103): Zend\View\View->render(Object(Zend\View\Model\ViewModel))
#4 [internal function]: Zend\Mvc\View\Http\DefaultRenderingStrategy->render(Object(Zend\Mvc\MvcEvent))
#5 I:\htdocs\szyk\vendor\zendframework\zendframework\library\Zend\EventManager\EventManager.php(468): call_user_func(Array, Object(Zend\Mvc\MvcEvent))
#6 I:\htdocs\szyk\vendor\zendframework\zendframework\library\Zend\EventManager\EventManager.php(207): Zend\EventManager\EventManager->triggerListeners('render', Object(Zend\Mvc\MvcEvent), Array)
#7 I:\htdocs\szyk\vendor\zendframework\zendframework\library\Zend\Mvc\Application.php(352): Zend\EventManager\EventManager->trigger('render', Object(Zend\Mvc\MvcEvent))
#8 I:\htdocs\szyk\vendor\zendframework\zendframework\library\Zend\Mvc\Application.php(327): Zend\Mvc\Application->completeRequest(Object(Zend\Mvc\MvcEvent))
#9 I:\htdocs\szyk\public\index.php(17): Zend\Mvc\Application->run()
#10 {main}
2015-04-13T18:24:00+02:00 CRIT (2): exception 'Zend\View\Exception\RuntimeException' with message 'Zend\View\Renderer\PhpRenderer::render: Unable to render template "cms-ir/system/create-thumb"; resolver could not resolve to a file' in I:\htdocs\szyk\vendor\zendframework\zendframework\library\Zend\View\Renderer\PhpRenderer.php:498
Stack trace:
#0 I:\htdocs\szyk\vendor\zendframework\zendframework\library\Zend\View\View.php(205): Zend\View\Renderer\PhpRenderer->render(Object(Zend\View\Model\ViewModel))
#1 I:\htdocs\szyk\vendor\zendframework\zendframework\library\Zend\View\View.php(233): Zend\View\View->render(Object(Zend\View\Model\ViewModel))
#2 I:\htdocs\szyk\vendor\zendframework\zendframework\library\Zend\View\View.php(198): Zend\View\View->renderChildren(Object(Zend\View\Model\ViewModel))
#3 I:\htdocs\szyk\vendor\zendframework\zendframework\library\Zend\Mvc\View\Http\DefaultRenderingStrategy.php(103): Zend\View\View->render(Object(Zend\View\Model\ViewModel))
#4 [internal function]: Zend\Mvc\View\Http\DefaultRenderingStrategy->render(Object(Zend\Mvc\MvcEvent))
#5 I:\htdocs\szyk\vendor\zendframework\zendframework\library\Zend\EventManager\EventManager.php(468): call_user_func(Array, Object(Zend\Mvc\MvcEvent))
#6 I:\htdocs\szyk\vendor\zendframework\zendframework\library\Zend\EventManager\EventManager.php(207): Zend\EventManager\EventManager->triggerListeners('render', Object(Zend\Mvc\MvcEvent), Array)
#7 I:\htdocs\szyk\vendor\zendframework\zendframework\library\Zend\Mvc\Application.php(352): Zend\EventManager\EventManager->trigger('render', Object(Zend\Mvc\MvcEvent))
#8 I:\htdocs\szyk\vendor\zendframework\zendframework\library\Zend\Mvc\Application.php(327): Zend\Mvc\Application->completeRequest(Object(Zend\Mvc\MvcEvent))
#9 I:\htdocs\szyk\public\index.php(17): Zend\Mvc\Application->run()
#10 {main}
2015-04-13T18:24:18+02:00 CRIT (2): exception 'Zend\View\Exception\RuntimeException' with message 'Zend\View\Renderer\PhpRenderer::render: Unable to render template "cms-ir/system/create-thumb"; resolver could not resolve to a file' in I:\htdocs\szyk\vendor\zendframework\zendframework\library\Zend\View\Renderer\PhpRenderer.php:498
Stack trace:
#0 I:\htdocs\szyk\vendor\zendframework\zendframework\library\Zend\View\View.php(205): Zend\View\Renderer\PhpRenderer->render(Object(Zend\View\Model\ViewModel))
#1 I:\htdocs\szyk\vendor\zendframework\zendframework\library\Zend\View\View.php(233): Zend\View\View->render(Object(Zend\View\Model\ViewModel))
#2 I:\htdocs\szyk\vendor\zendframework\zendframework\library\Zend\View\View.php(198): Zend\View\View->renderChildren(Object(Zend\View\Model\ViewModel))
#3 I:\htdocs\szyk\vendor\zendframework\zendframework\library\Zend\Mvc\View\Http\DefaultRenderingStrategy.php(103): Zend\View\View->render(Object(Zend\View\Model\ViewModel))
#4 [internal function]: Zend\Mvc\View\Http\DefaultRenderingStrategy->render(Object(Zend\Mvc\MvcEvent))
#5 I:\htdocs\szyk\vendor\zendframework\zendframework\library\Zend\EventManager\EventManager.php(468): call_user_func(Array, Object(Zend\Mvc\MvcEvent))
#6 I:\htdocs\szyk\vendor\zendframework\zendframework\library\Zend\EventManager\EventManager.php(207): Zend\EventManager\EventManager->triggerListeners('render', Object(Zend\Mvc\MvcEvent), Array)
#7 I:\htdocs\szyk\vendor\zendframework\zendframework\library\Zend\Mvc\Application.php(352): Zend\EventManager\EventManager->trigger('render', Object(Zend\Mvc\MvcEvent))
#8 I:\htdocs\szyk\vendor\zendframework\zendframework\library\Zend\Mvc\Application.php(327): Zend\Mvc\Application->completeRequest(Object(Zend\Mvc\MvcEvent))
#9 I:\htdocs\szyk\public\index.php(17): Zend\Mvc\Application->run()
#10 {main}
2015-04-13T18:24:19+02:00 CRIT (2): exception 'Zend\View\Exception\RuntimeException' with message 'Zend\View\Renderer\PhpRenderer::render: Unable to render template "cms-ir/system/create-thumb"; resolver could not resolve to a file' in I:\htdocs\szyk\vendor\zendframework\zendframework\library\Zend\View\Renderer\PhpRenderer.php:498
Stack trace:
#0 I:\htdocs\szyk\vendor\zendframework\zendframework\library\Zend\View\View.php(205): Zend\View\Renderer\PhpRenderer->render(Object(Zend\View\Model\ViewModel))
#1 I:\htdocs\szyk\vendor\zendframework\zendframework\library\Zend\View\View.php(233): Zend\View\View->render(Object(Zend\View\Model\ViewModel))
#2 I:\htdocs\szyk\vendor\zendframework\zendframework\library\Zend\View\View.php(198): Zend\View\View->renderChildren(Object(Zend\View\Model\ViewModel))
#3 I:\htdocs\szyk\vendor\zendframework\zendframework\library\Zend\Mvc\View\Http\DefaultRenderingStrategy.php(103): Zend\View\View->render(Object(Zend\View\Model\ViewModel))
#4 [internal function]: Zend\Mvc\View\Http\DefaultRenderingStrategy->render(Object(Zend\Mvc\MvcEvent))
#5 I:\htdocs\szyk\vendor\zendframework\zendframework\library\Zend\EventManager\EventManager.php(468): call_user_func(Array, Object(Zend\Mvc\MvcEvent))
#6 I:\htdocs\szyk\vendor\zendframework\zendframework\library\Zend\EventManager\EventManager.php(207): Zend\EventManager\EventManager->triggerListeners('render', Object(Zend\Mvc\MvcEvent), Array)
#7 I:\htdocs\szyk\vendor\zendframework\zendframework\library\Zend\Mvc\Application.php(352): Zend\EventManager\EventManager->trigger('render', Object(Zend\Mvc\MvcEvent))
#8 I:\htdocs\szyk\vendor\zendframework\zendframework\library\Zend\Mvc\Application.php(327): Zend\Mvc\Application->completeRequest(Object(Zend\Mvc\MvcEvent))
#9 I:\htdocs\szyk\public\index.php(17): Zend\Mvc\Application->run()
#10 {main}
2015-04-13T18:42:55+02:00 CRIT (2): exception 'Zend\View\Exception\RuntimeException' with message 'Zend\View\Renderer\PhpRenderer::render: Unable to render template "cms-ir/system/create-thumb"; resolver could not resolve to a file' in I:\htdocs\szyk\vendor\zendframework\zendframework\library\Zend\View\Renderer\PhpRenderer.php:498
Stack trace:
#0 I:\htdocs\szyk\vendor\zendframework\zendframework\library\Zend\View\View.php(205): Zend\View\Renderer\PhpRenderer->render(Object(Zend\View\Model\ViewModel))
#1 I:\htdocs\szyk\vendor\zendframework\zendframework\library\Zend\View\View.php(233): Zend\View\View->render(Object(Zend\View\Model\ViewModel))
#2 I:\htdocs\szyk\vendor\zendframework\zendframework\library\Zend\View\View.php(198): Zend\View\View->renderChildren(Object(Zend\View\Model\ViewModel))
#3 I:\htdocs\szyk\vendor\zendframework\zendframework\library\Zend\Mvc\View\Http\DefaultRenderingStrategy.php(103): Zend\View\View->render(Object(Zend\View\Model\ViewModel))
#4 [internal function]: Zend\Mvc\View\Http\DefaultRenderingStrategy->render(Object(Zend\Mvc\MvcEvent))
#5 I:\htdocs\szyk\vendor\zendframework\zendframework\library\Zend\EventManager\EventManager.php(468): call_user_func(Array, Object(Zend\Mvc\MvcEvent))
#6 I:\htdocs\szyk\vendor\zendframework\zendframework\library\Zend\EventManager\EventManager.php(207): Zend\EventManager\EventManager->triggerListeners('render', Object(Zend\Mvc\MvcEvent), Array)
#7 I:\htdocs\szyk\vendor\zendframework\zendframework\library\Zend\Mvc\Application.php(352): Zend\EventManager\EventManager->trigger('render', Object(Zend\Mvc\MvcEvent))
#8 I:\htdocs\szyk\vendor\zendframework\zendframework\library\Zend\Mvc\Application.php(327): Zend\Mvc\Application->completeRequest(Object(Zend\Mvc\MvcEvent))
#9 I:\htdocs\szyk\public\index.php(17): Zend\Mvc\Application->run()
#10 {main}
2015-04-13T18:42:56+02:00 CRIT (2): exception 'Zend\View\Exception\RuntimeException' with message 'Zend\View\Renderer\PhpRenderer::render: Unable to render template "cms-ir/system/create-thumb"; resolver could not resolve to a file' in I:\htdocs\szyk\vendor\zendframework\zendframework\library\Zend\View\Renderer\PhpRenderer.php:498
Stack trace:
#0 I:\htdocs\szyk\vendor\zendframework\zendframework\library\Zend\View\View.php(205): Zend\View\Renderer\PhpRenderer->render(Object(Zend\View\Model\ViewModel))
#1 I:\htdocs\szyk\vendor\zendframework\zendframework\library\Zend\View\View.php(233): Zend\View\View->render(Object(Zend\View\Model\ViewModel))
#2 I:\htdocs\szyk\vendor\zendframework\zendframework\library\Zend\View\View.php(198): Zend\View\View->renderChildren(Object(Zend\View\Model\ViewModel))
#3 I:\htdocs\szyk\vendor\zendframework\zendframework\library\Zend\Mvc\View\Http\DefaultRenderingStrategy.php(103): Zend\View\View->render(Object(Zend\View\Model\ViewModel))
#4 [internal function]: Zend\Mvc\View\Http\DefaultRenderingStrategy->render(Object(Zend\Mvc\MvcEvent))
#5 I:\htdocs\szyk\vendor\zendframework\zendframework\library\Zend\EventManager\EventManager.php(468): call_user_func(Array, Object(Zend\Mvc\MvcEvent))
#6 I:\htdocs\szyk\vendor\zendframework\zendframework\library\Zend\EventManager\EventManager.php(207): Zend\EventManager\EventManager->triggerListeners('render', Object(Zend\Mvc\MvcEvent), Array)
#7 I:\htdocs\szyk\vendor\zendframework\zendframework\library\Zend\Mvc\Application.php(352): Zend\EventManager\EventManager->trigger('render', Object(Zend\Mvc\MvcEvent))
#8 I:\htdocs\szyk\vendor\zendframework\zendframework\library\Zend\Mvc\Application.php(327): Zend\Mvc\Application->completeRequest(Object(Zend\Mvc\MvcEvent))
#9 I:\htdocs\szyk\public\index.php(17): Zend\Mvc\Application->run()
#10 {main}
2015-04-13T18:52:28+02:00 CRIT (2): exception 'Zend\View\Exception\RuntimeException' with message 'Zend\View\Renderer\PhpRenderer::render: Unable to render template "cms-ir/system/create-thumb"; resolver could not resolve to a file' in I:\htdocs\szyk\vendor\zendframework\zendframework\library\Zend\View\Renderer\PhpRenderer.php:498
Stack trace:
#0 I:\htdocs\szyk\vendor\zendframework\zendframework\library\Zend\View\View.php(205): Zend\View\Renderer\PhpRenderer->render(Object(Zend\View\Model\ViewModel))
#1 I:\htdocs\szyk\vendor\zendframework\zendframework\library\Zend\View\View.php(233): Zend\View\View->render(Object(Zend\View\Model\ViewModel))
#2 I:\htdocs\szyk\vendor\zendframework\zendframework\library\Zend\View\View.php(198): Zend\View\View->renderChildren(Object(Zend\View\Model\ViewModel))
#3 I:\htdocs\szyk\vendor\zendframework\zendframework\library\Zend\Mvc\View\Http\DefaultRenderingStrategy.php(103): Zend\View\View->render(Object(Zend\View\Model\ViewModel))
#4 [internal function]: Zend\Mvc\View\Http\DefaultRenderingStrategy->render(Object(Zend\Mvc\MvcEvent))
#5 I:\htdocs\szyk\vendor\zendframework\zendframework\library\Zend\EventManager\EventManager.php(468): call_user_func(Array, Object(Zend\Mvc\MvcEvent))
#6 I:\htdocs\szyk\vendor\zendframework\zendframework\library\Zend\EventManager\EventManager.php(207): Zend\EventManager\EventManager->triggerListeners('render', Object(Zend\Mvc\MvcEvent), Array)
#7 I:\htdocs\szyk\vendor\zendframework\zendframework\library\Zend\Mvc\Application.php(352): Zend\EventManager\EventManager->trigger('render', Object(Zend\Mvc\MvcEvent))
#8 I:\htdocs\szyk\vendor\zendframework\zendframework\library\Zend\Mvc\Application.php(327): Zend\Mvc\Application->completeRequest(Object(Zend\Mvc\MvcEvent))
#9 I:\htdocs\szyk\public\index.php(17): Zend\Mvc\Application->run()
#10 {main}
2015-04-13T18:52:29+02:00 CRIT (2): exception 'Zend\View\Exception\RuntimeException' with message 'Zend\View\Renderer\PhpRenderer::render: Unable to render template "cms-ir/system/create-thumb"; resolver could not resolve to a file' in I:\htdocs\szyk\vendor\zendframework\zendframework\library\Zend\View\Renderer\PhpRenderer.php:498
Stack trace:
#0 I:\htdocs\szyk\vendor\zendframework\zendframework\library\Zend\View\View.php(205): Zend\View\Renderer\PhpRenderer->render(Object(Zend\View\Model\ViewModel))
#1 I:\htdocs\szyk\vendor\zendframework\zendframework\library\Zend\View\View.php(233): Zend\View\View->render(Object(Zend\View\Model\ViewModel))
#2 I:\htdocs\szyk\vendor\zendframework\zendframework\library\Zend\View\View.php(198): Zend\View\View->renderChildren(Object(Zend\View\Model\ViewModel))
#3 I:\htdocs\szyk\vendor\zendframework\zendframework\library\Zend\Mvc\View\Http\DefaultRenderingStrategy.php(103): Zend\View\View->render(Object(Zend\View\Model\ViewModel))
#4 [internal function]: Zend\Mvc\View\Http\DefaultRenderingStrategy->render(Object(Zend\Mvc\MvcEvent))
#5 I:\htdocs\szyk\vendor\zendframework\zendframework\library\Zend\EventManager\EventManager.php(468): call_user_func(Array, Object(Zend\Mvc\MvcEvent))
#6 I:\htdocs\szyk\vendor\zendframework\zendframework\library\Zend\EventManager\EventManager.php(207): Zend\EventManager\EventManager->triggerListeners('render', Object(Zend\Mvc\MvcEvent), Array)
#7 I:\htdocs\szyk\vendor\zendframework\zendframework\library\Zend\Mvc\Application.php(352): Zend\EventManager\EventManager->trigger('render', Object(Zend\Mvc\MvcEvent))
#8 I:\htdocs\szyk\vendor\zendframework\zendframework\library\Zend\Mvc\Application.php(327): Zend\Mvc\Application->completeRequest(Object(Zend\Mvc\MvcEvent))
#9 I:\htdocs\szyk\public\index.php(17): Zend\Mvc\Application->run()
#10 {main}
2015-04-13T18:52:57+02:00 CRIT (2): exception 'Zend\View\Exception\RuntimeException' with message 'Zend\View\Renderer\PhpRenderer::render: Unable to render template "cms-ir/system/create-thumb"; resolver could not resolve to a file' in I:\htdocs\szyk\vendor\zendframework\zendframework\library\Zend\View\Renderer\PhpRenderer.php:498
Stack trace:
#0 I:\htdocs\szyk\vendor\zendframework\zendframework\library\Zend\View\View.php(205): Zend\View\Renderer\PhpRenderer->render(Object(Zend\View\Model\ViewModel))
#1 I:\htdocs\szyk\vendor\zendframework\zendframework\library\Zend\View\View.php(233): Zend\View\View->render(Object(Zend\View\Model\ViewModel))
#2 I:\htdocs\szyk\vendor\zendframework\zendframework\library\Zend\View\View.php(198): Zend\View\View->renderChildren(Object(Zend\View\Model\ViewModel))
#3 I:\htdocs\szyk\vendor\zendframework\zendframework\library\Zend\Mvc\View\Http\DefaultRenderingStrategy.php(103): Zend\View\View->render(Object(Zend\View\Model\ViewModel))
#4 [internal function]: Zend\Mvc\View\Http\DefaultRenderingStrategy->render(Object(Zend\Mvc\MvcEvent))
#5 I:\htdocs\szyk\vendor\zendframework\zendframework\library\Zend\EventManager\EventManager.php(468): call_user_func(Array, Object(Zend\Mvc\MvcEvent))
#6 I:\htdocs\szyk\vendor\zendframework\zendframework\library\Zend\EventManager\EventManager.php(207): Zend\EventManager\EventManager->triggerListeners('render', Object(Zend\Mvc\MvcEvent), Array)
#7 I:\htdocs\szyk\vendor\zendframework\zendframework\library\Zend\Mvc\Application.php(352): Zend\EventManager\EventManager->trigger('render', Object(Zend\Mvc\MvcEvent))
#8 I:\htdocs\szyk\vendor\zendframework\zendframework\library\Zend\Mvc\Application.php(327): Zend\Mvc\Application->completeRequest(Object(Zend\Mvc\MvcEvent))
#9 I:\htdocs\szyk\public\index.php(17): Zend\Mvc\Application->run()
#10 {main}
2015-04-13T18:52:57+02:00 CRIT (2): exception 'Zend\View\Exception\RuntimeException' with message 'Zend\View\Renderer\PhpRenderer::render: Unable to render template "cms-ir/system/create-thumb"; resolver could not resolve to a file' in I:\htdocs\szyk\vendor\zendframework\zendframework\library\Zend\View\Renderer\PhpRenderer.php:498
Stack trace:
#0 I:\htdocs\szyk\vendor\zendframework\zendframework\library\Zend\View\View.php(205): Zend\View\Renderer\PhpRenderer->render(Object(Zend\View\Model\ViewModel))
#1 I:\htdocs\szyk\vendor\zendframework\zendframework\library\Zend\View\View.php(233): Zend\View\View->render(Object(Zend\View\Model\ViewModel))
#2 I:\htdocs\szyk\vendor\zendframework\zendframework\library\Zend\View\View.php(198): Zend\View\View->renderChildren(Object(Zend\View\Model\ViewModel))
#3 I:\htdocs\szyk\vendor\zendframework\zendframework\library\Zend\Mvc\View\Http\DefaultRenderingStrategy.php(103): Zend\View\View->render(Object(Zend\View\Model\ViewModel))
#4 [internal function]: Zend\Mvc\View\Http\DefaultRenderingStrategy->render(Object(Zend\Mvc\MvcEvent))
#5 I:\htdocs\szyk\vendor\zendframework\zendframework\library\Zend\EventManager\EventManager.php(468): call_user_func(Array, Object(Zend\Mvc\MvcEvent))
#6 I:\htdocs\szyk\vendor\zendframework\zendframework\library\Zend\EventManager\EventManager.php(207): Zend\EventManager\EventManager->triggerListeners('render', Object(Zend\Mvc\MvcEvent), Array)
#7 I:\htdocs\szyk\vendor\zendframework\zendframework\library\Zend\Mvc\Application.php(352): Zend\EventManager\EventManager->trigger('render', Object(Zend\Mvc\MvcEvent))
#8 I:\htdocs\szyk\vendor\zendframework\zendframework\library\Zend\Mvc\Application.php(327): Zend\Mvc\Application->completeRequest(Object(Zend\Mvc\MvcEvent))
#9 I:\htdocs\szyk\public\index.php(17): Zend\Mvc\Application->run()
#10 {main}
2015-04-13T18:56:03+02:00 CRIT (2): exception 'Zend\View\Exception\RuntimeException' with message 'Zend\View\Renderer\PhpRenderer::render: Unable to render template "cms-ir/system/create-thumb"; resolver could not resolve to a file' in I:\htdocs\szyk\vendor\zendframework\zendframework\library\Zend\View\Renderer\PhpRenderer.php:498
Stack trace:
#0 I:\htdocs\szyk\vendor\zendframework\zendframework\library\Zend\View\View.php(205): Zend\View\Renderer\PhpRenderer->render(Object(Zend\View\Model\ViewModel))
#1 I:\htdocs\szyk\vendor\zendframework\zendframework\library\Zend\View\View.php(233): Zend\View\View->render(Object(Zend\View\Model\ViewModel))
#2 I:\htdocs\szyk\vendor\zendframework\zendframework\library\Zend\View\View.php(198): Zend\View\View->renderChildren(Object(Zend\View\Model\ViewModel))
#3 I:\htdocs\szyk\vendor\zendframework\zendframework\library\Zend\Mvc\View\Http\DefaultRenderingStrategy.php(103): Zend\View\View->render(Object(Zend\View\Model\ViewModel))
#4 [internal function]: Zend\Mvc\View\Http\DefaultRenderingStrategy->render(Object(Zend\Mvc\MvcEvent))
#5 I:\htdocs\szyk\vendor\zendframework\zendframework\library\Zend\EventManager\EventManager.php(468): call_user_func(Array, Object(Zend\Mvc\MvcEvent))
#6 I:\htdocs\szyk\vendor\zendframework\zendframework\library\Zend\EventManager\EventManager.php(207): Zend\EventManager\EventManager->triggerListeners('render', Object(Zend\Mvc\MvcEvent), Array)
#7 I:\htdocs\szyk\vendor\zendframework\zendframework\library\Zend\Mvc\Application.php(352): Zend\EventManager\EventManager->trigger('render', Object(Zend\Mvc\MvcEvent))
#8 I:\htdocs\szyk\vendor\zendframework\zendframework\library\Zend\Mvc\Application.php(327): Zend\Mvc\Application->completeRequest(Object(Zend\Mvc\MvcEvent))
#9 I:\htdocs\szyk\public\index.php(17): Zend\Mvc\Application->run()
#10 {main}
2015-04-13T18:56:04+02:00 CRIT (2): exception 'Zend\View\Exception\RuntimeException' with message 'Zend\View\Renderer\PhpRenderer::render: Unable to render template "cms-ir/system/create-thumb"; resolver could not resolve to a file' in I:\htdocs\szyk\vendor\zendframework\zendframework\library\Zend\View\Renderer\PhpRenderer.php:498
Stack trace:
#0 I:\htdocs\szyk\vendor\zendframework\zendframework\library\Zend\View\View.php(205): Zend\View\Renderer\PhpRenderer->render(Object(Zend\View\Model\ViewModel))
#1 I:\htdocs\szyk\vendor\zendframework\zendframework\library\Zend\View\View.php(233): Zend\View\View->render(Object(Zend\View\Model\ViewModel))
#2 I:\htdocs\szyk\vendor\zendframework\zendframework\library\Zend\View\View.php(198): Zend\View\View->renderChildren(Object(Zend\View\Model\ViewModel))
#3 I:\htdocs\szyk\vendor\zendframework\zendframework\library\Zend\Mvc\View\Http\DefaultRenderingStrategy.php(103): Zend\View\View->render(Object(Zend\View\Model\ViewModel))
#4 [internal function]: Zend\Mvc\View\Http\DefaultRenderingStrategy->render(Object(Zend\Mvc\MvcEvent))
#5 I:\htdocs\szyk\vendor\zendframework\zendframework\library\Zend\EventManager\EventManager.php(468): call_user_func(Array, Object(Zend\Mvc\MvcEvent))
#6 I:\htdocs\szyk\vendor\zendframework\zendframework\library\Zend\EventManager\EventManager.php(207): Zend\EventManager\EventManager->triggerListeners('render', Object(Zend\Mvc\MvcEvent), Array)
#7 I:\htdocs\szyk\vendor\zendframework\zendframework\library\Zend\Mvc\Application.php(352): Zend\EventManager\EventManager->trigger('render', Object(Zend\Mvc\MvcEvent))
#8 I:\htdocs\szyk\vendor\zendframework\zendframework\library\Zend\Mvc\Application.php(327): Zend\Mvc\Application->completeRequest(Object(Zend\Mvc\MvcEvent))
#9 I:\htdocs\szyk\public\index.php(17): Zend\Mvc\Application->run()
#10 {main}
2015-04-13T18:58:00+02:00 CRIT (2): exception 'Zend\View\Exception\RuntimeException' with message 'Zend\View\Renderer\PhpRenderer::render: Unable to render template "cms-ir/system/create-thumb"; resolver could not resolve to a file' in I:\htdocs\szyk\vendor\zendframework\zendframework\library\Zend\View\Renderer\PhpRenderer.php:498
Stack trace:
#0 I:\htdocs\szyk\vendor\zendframework\zendframework\library\Zend\View\View.php(205): Zend\View\Renderer\PhpRenderer->render(Object(Zend\View\Model\ViewModel))
#1 I:\htdocs\szyk\vendor\zendframework\zendframework\library\Zend\View\View.php(233): Zend\View\View->render(Object(Zend\View\Model\ViewModel))
#2 I:\htdocs\szyk\vendor\zendframework\zendframework\library\Zend\View\View.php(198): Zend\View\View->renderChildren(Object(Zend\View\Model\ViewModel))
#3 I:\htdocs\szyk\vendor\zendframework\zendframework\library\Zend\Mvc\View\Http\DefaultRenderingStrategy.php(103): Zend\View\View->render(Object(Zend\View\Model\ViewModel))
#4 [internal function]: Zend\Mvc\View\Http\DefaultRenderingStrategy->render(Object(Zend\Mvc\MvcEvent))
#5 I:\htdocs\szyk\vendor\zendframework\zendframework\library\Zend\EventManager\EventManager.php(468): call_user_func(Array, Object(Zend\Mvc\MvcEvent))
#6 I:\htdocs\szyk\vendor\zendframework\zendframework\library\Zend\EventManager\EventManager.php(207): Zend\EventManager\EventManager->triggerListeners('render', Object(Zend\Mvc\MvcEvent), Array)
#7 I:\htdocs\szyk\vendor\zendframework\zendframework\library\Zend\Mvc\Application.php(352): Zend\EventManager\EventManager->trigger('render', Object(Zend\Mvc\MvcEvent))
#8 I:\htdocs\szyk\vendor\zendframework\zendframework\library\Zend\Mvc\Application.php(327): Zend\Mvc\Application->completeRequest(Object(Zend\Mvc\MvcEvent))
#9 I:\htdocs\szyk\public\index.php(17): Zend\Mvc\Application->run()
#10 {main}
2015-04-13T18:58:01+02:00 CRIT (2): exception 'Zend\View\Exception\RuntimeException' with message 'Zend\View\Renderer\PhpRenderer::render: Unable to render template "cms-ir/system/create-thumb"; resolver could not resolve to a file' in I:\htdocs\szyk\vendor\zendframework\zendframework\library\Zend\View\Renderer\PhpRenderer.php:498
Stack trace:
#0 I:\htdocs\szyk\vendor\zendframework\zendframework\library\Zend\View\View.php(205): Zend\View\Renderer\PhpRenderer->render(Object(Zend\View\Model\ViewModel))
#1 I:\htdocs\szyk\vendor\zendframework\zendframework\library\Zend\View\View.php(233): Zend\View\View->render(Object(Zend\View\Model\ViewModel))
#2 I:\htdocs\szyk\vendor\zendframework\zendframework\library\Zend\View\View.php(198): Zend\View\View->renderChildren(Object(Zend\View\Model\ViewModel))
#3 I:\htdocs\szyk\vendor\zendframework\zendframework\library\Zend\Mvc\View\Http\DefaultRenderingStrategy.php(103): Zend\View\View->render(Object(Zend\View\Model\ViewModel))
#4 [internal function]: Zend\Mvc\View\Http\DefaultRenderingStrategy->render(Object(Zend\Mvc\MvcEvent))
#5 I:\htdocs\szyk\vendor\zendframework\zendframework\library\Zend\EventManager\EventManager.php(468): call_user_func(Array, Object(Zend\Mvc\MvcEvent))
#6 I:\htdocs\szyk\vendor\zendframework\zendframework\library\Zend\EventManager\EventManager.php(207): Zend\EventManager\EventManager->triggerListeners('render', Object(Zend\Mvc\MvcEvent), Array)
#7 I:\htdocs\szyk\vendor\zendframework\zendframework\library\Zend\Mvc\Application.php(352): Zend\EventManager\EventManager->trigger('render', Object(Zend\Mvc\MvcEvent))
#8 I:\htdocs\szyk\vendor\zendframework\zendframework\library\Zend\Mvc\Application.php(327): Zend\Mvc\Application->completeRequest(Object(Zend\Mvc\MvcEvent))
#9 I:\htdocs\szyk\public\index.php(17): Zend\Mvc\Application->run()
#10 {main}
2015-04-13T19:12:20+02:00 CRIT (2): exception 'Zend\View\Exception\RuntimeException' with message 'Zend\View\Renderer\PhpRenderer::render: Unable to render template "cms-ir/system/create-thumb"; resolver could not resolve to a file' in I:\htdocs\szyk\vendor\zendframework\zendframework\library\Zend\View\Renderer\PhpRenderer.php:498
Stack trace:
#0 I:\htdocs\szyk\vendor\zendframework\zendframework\library\Zend\View\View.php(205): Zend\View\Renderer\PhpRenderer->render(Object(Zend\View\Model\ViewModel))
#1 I:\htdocs\szyk\vendor\zendframework\zendframework\library\Zend\View\View.php(233): Zend\View\View->render(Object(Zend\View\Model\ViewModel))
#2 I:\htdocs\szyk\vendor\zendframework\zendframework\library\Zend\View\View.php(198): Zend\View\View->renderChildren(Object(Zend\View\Model\ViewModel))
#3 I:\htdocs\szyk\vendor\zendframework\zendframework\library\Zend\Mvc\View\Http\DefaultRenderingStrategy.php(103): Zend\View\View->render(Object(Zend\View\Model\ViewModel))
#4 [internal function]: Zend\Mvc\View\Http\DefaultRenderingStrategy->render(Object(Zend\Mvc\MvcEvent))
#5 I:\htdocs\szyk\vendor\zendframework\zendframework\library\Zend\EventManager\EventManager.php(468): call_user_func(Array, Object(Zend\Mvc\MvcEvent))
#6 I:\htdocs\szyk\vendor\zendframework\zendframework\library\Zend\EventManager\EventManager.php(207): Zend\EventManager\EventManager->triggerListeners('render', Object(Zend\Mvc\MvcEvent), Array)
#7 I:\htdocs\szyk\vendor\zendframework\zendframework\library\Zend\Mvc\Application.php(352): Zend\EventManager\EventManager->trigger('render', Object(Zend\Mvc\MvcEvent))
#8 I:\htdocs\szyk\vendor\zendframework\zendframework\library\Zend\Mvc\Application.php(327): Zend\Mvc\Application->completeRequest(Object(Zend\Mvc\MvcEvent))
#9 I:\htdocs\szyk\public\index.php(17): Zend\Mvc\Application->run()
#10 {main}
2015-04-13T19:12:21+02:00 CRIT (2): exception 'Zend\View\Exception\RuntimeException' with message 'Zend\View\Renderer\PhpRenderer::render: Unable to render template "cms-ir/system/create-thumb"; resolver could not resolve to a file' in I:\htdocs\szyk\vendor\zendframework\zendframework\library\Zend\View\Renderer\PhpRenderer.php:498
Stack trace:
#0 I:\htdocs\szyk\vendor\zendframework\zendframework\library\Zend\View\View.php(205): Zend\View\Renderer\PhpRenderer->render(Object(Zend\View\Model\ViewModel))
#1 I:\htdocs\szyk\vendor\zendframework\zendframework\library\Zend\View\View.php(233): Zend\View\View->render(Object(Zend\View\Model\ViewModel))
#2 I:\htdocs\szyk\vendor\zendframework\zendframework\library\Zend\View\View.php(198): Zend\View\View->renderChildren(Object(Zend\View\Model\ViewModel))
#3 I:\htdocs\szyk\vendor\zendframework\zendframework\library\Zend\Mvc\View\Http\DefaultRenderingStrategy.php(103): Zend\View\View->render(Object(Zend\View\Model\ViewModel))
#4 [internal function]: Zend\Mvc\View\Http\DefaultRenderingStrategy->render(Object(Zend\Mvc\MvcEvent))
#5 I:\htdocs\szyk\vendor\zendframework\zendframework\library\Zend\EventManager\EventManager.php(468): call_user_func(Array, Object(Zend\Mvc\MvcEvent))
#6 I:\htdocs\szyk\vendor\zendframework\zendframework\library\Zend\EventManager\EventManager.php(207): Zend\EventManager\EventManager->triggerListeners('render', Object(Zend\Mvc\MvcEvent), Array)
#7 I:\htdocs\szyk\vendor\zendframework\zendframework\library\Zend\Mvc\Application.php(352): Zend\EventManager\EventManager->trigger('render', Object(Zend\Mvc\MvcEvent))
#8 I:\htdocs\szyk\vendor\zendframework\zendframework\library\Zend\Mvc\Application.php(327): Zend\Mvc\Application->completeRequest(Object(Zend\Mvc\MvcEvent))
#9 I:\htdocs\szyk\public\index.php(17): Zend\Mvc\Application->run()
#10 {main}
2015-04-13T19:12:59+02:00 CRIT (2): exception 'Zend\View\Exception\RuntimeException' with message 'Zend\View\Renderer\PhpRenderer::render: Unable to render template "cms-ir/system/create-thumb"; resolver could not resolve to a file' in I:\htdocs\szyk\vendor\zendframework\zendframework\library\Zend\View\Renderer\PhpRenderer.php:498
Stack trace:
#0 I:\htdocs\szyk\vendor\zendframework\zendframework\library\Zend\View\View.php(205): Zend\View\Renderer\PhpRenderer->render(Object(Zend\View\Model\ViewModel))
#1 I:\htdocs\szyk\vendor\zendframework\zendframework\library\Zend\View\View.php(233): Zend\View\View->render(Object(Zend\View\Model\ViewModel))
#2 I:\htdocs\szyk\vendor\zendframework\zendframework\library\Zend\View\View.php(198): Zend\View\View->renderChildren(Object(Zend\View\Model\ViewModel))
#3 I:\htdocs\szyk\vendor\zendframework\zendframework\library\Zend\Mvc\View\Http\DefaultRenderingStrategy.php(103): Zend\View\View->render(Object(Zend\View\Model\ViewModel))
#4 [internal function]: Zend\Mvc\View\Http\DefaultRenderingStrategy->render(Object(Zend\Mvc\MvcEvent))
#5 I:\htdocs\szyk\vendor\zendframework\zendframework\library\Zend\EventManager\EventManager.php(468): call_user_func(Array, Object(Zend\Mvc\MvcEvent))
#6 I:\htdocs\szyk\vendor\zendframework\zendframework\library\Zend\EventManager\EventManager.php(207): Zend\EventManager\EventManager->triggerListeners('render', Object(Zend\Mvc\MvcEvent), Array)
#7 I:\htdocs\szyk\vendor\zendframework\zendframework\library\Zend\Mvc\Application.php(352): Zend\EventManager\EventManager->trigger('render', Object(Zend\Mvc\MvcEvent))
#8 I:\htdocs\szyk\vendor\zendframework\zendframework\library\Zend\Mvc\Application.php(327): Zend\Mvc\Application->completeRequest(Object(Zend\Mvc\MvcEvent))
#9 I:\htdocs\szyk\public\index.php(17): Zend\Mvc\Application->run()
#10 {main}
2015-04-13T19:13:00+02:00 CRIT (2): exception 'Zend\View\Exception\RuntimeException' with message 'Zend\View\Renderer\PhpRenderer::render: Unable to render template "cms-ir/system/create-thumb"; resolver could not resolve to a file' in I:\htdocs\szyk\vendor\zendframework\zendframework\library\Zend\View\Renderer\PhpRenderer.php:498
Stack trace:
#0 I:\htdocs\szyk\vendor\zendframework\zendframework\library\Zend\View\View.php(205): Zend\View\Renderer\PhpRenderer->render(Object(Zend\View\Model\ViewModel))
#1 I:\htdocs\szyk\vendor\zendframework\zendframework\library\Zend\View\View.php(233): Zend\View\View->render(Object(Zend\View\Model\ViewModel))
#2 I:\htdocs\szyk\vendor\zendframework\zendframework\library\Zend\View\View.php(198): Zend\View\View->renderChildren(Object(Zend\View\Model\ViewModel))
#3 I:\htdocs\szyk\vendor\zendframework\zendframework\library\Zend\Mvc\View\Http\DefaultRenderingStrategy.php(103): Zend\View\View->render(Object(Zend\View\Model\ViewModel))
#4 [internal function]: Zend\Mvc\View\Http\DefaultRenderingStrategy->render(Object(Zend\Mvc\MvcEvent))
#5 I:\htdocs\szyk\vendor\zendframework\zendframework\library\Zend\EventManager\EventManager.php(468): call_user_func(Array, Object(Zend\Mvc\MvcEvent))
#6 I:\htdocs\szyk\vendor\zendframework\zendframework\library\Zend\EventManager\EventManager.php(207): Zend\EventManager\EventManager->triggerListeners('render', Object(Zend\Mvc\MvcEvent), Array)
#7 I:\htdocs\szyk\vendor\zendframework\zendframework\library\Zend\Mvc\Application.php(352): Zend\EventManager\EventManager->trigger('render', Object(Zend\Mvc\MvcEvent))
#8 I:\htdocs\szyk\vendor\zendframework\zendframework\library\Zend\Mvc\Application.php(327): Zend\Mvc\Application->completeRequest(Object(Zend\Mvc\MvcEvent))
#9 I:\htdocs\szyk\public\index.php(17): Zend\Mvc\Application->run()
#10 {main}
2015-04-13T19:13:18+02:00 CRIT (2): exception 'Zend\View\Exception\RuntimeException' with message 'Zend\View\Renderer\PhpRenderer::render: Unable to render template "cms-ir/system/create-thumb"; resolver could not resolve to a file' in I:\htdocs\szyk\vendor\zendframework\zendframework\library\Zend\View\Renderer\PhpRenderer.php:498
Stack trace:
#0 I:\htdocs\szyk\vendor\zendframework\zendframework\library\Zend\View\View.php(205): Zend\View\Renderer\PhpRenderer->render(Object(Zend\View\Model\ViewModel))
#1 I:\htdocs\szyk\vendor\zendframework\zendframework\library\Zend\View\View.php(233): Zend\View\View->render(Object(Zend\View\Model\ViewModel))
#2 I:\htdocs\szyk\vendor\zendframework\zendframework\library\Zend\View\View.php(198): Zend\View\View->renderChildren(Object(Zend\View\Model\ViewModel))
#3 I:\htdocs\szyk\vendor\zendframework\zendframework\library\Zend\Mvc\View\Http\DefaultRenderingStrategy.php(103): Zend\View\View->render(Object(Zend\View\Model\ViewModel))
#4 [internal function]: Zend\Mvc\View\Http\DefaultRenderingStrategy->render(Object(Zend\Mvc\MvcEvent))
#5 I:\htdocs\szyk\vendor\zendframework\zendframework\library\Zend\EventManager\EventManager.php(468): call_user_func(Array, Object(Zend\Mvc\MvcEvent))
#6 I:\htdocs\szyk\vendor\zendframework\zendframework\library\Zend\EventManager\EventManager.php(207): Zend\EventManager\EventManager->triggerListeners('render', Object(Zend\Mvc\MvcEvent), Array)
#7 I:\htdocs\szyk\vendor\zendframework\zendframework\library\Zend\Mvc\Application.php(352): Zend\EventManager\EventManager->trigger('render', Object(Zend\Mvc\MvcEvent))
#8 I:\htdocs\szyk\vendor\zendframework\zendframework\library\Zend\Mvc\Application.php(327): Zend\Mvc\Application->completeRequest(Object(Zend\Mvc\MvcEvent))
#9 I:\htdocs\szyk\public\index.php(17): Zend\Mvc\Application->run()
#10 {main}
2015-04-13T19:13:18+02:00 CRIT (2): exception 'Zend\View\Exception\RuntimeException' with message 'Zend\View\Renderer\PhpRenderer::render: Unable to render template "cms-ir/system/create-thumb"; resolver could not resolve to a file' in I:\htdocs\szyk\vendor\zendframework\zendframework\library\Zend\View\Renderer\PhpRenderer.php:498
Stack trace:
#0 I:\htdocs\szyk\vendor\zendframework\zendframework\library\Zend\View\View.php(205): Zend\View\Renderer\PhpRenderer->render(Object(Zend\View\Model\ViewModel))
#1 I:\htdocs\szyk\vendor\zendframework\zendframework\library\Zend\View\View.php(233): Zend\View\View->render(Object(Zend\View\Model\ViewModel))
#2 I:\htdocs\szyk\vendor\zendframework\zendframework\library\Zend\View\View.php(198): Zend\View\View->renderChildren(Object(Zend\View\Model\ViewModel))
#3 I:\htdocs\szyk\vendor\zendframework\zendframework\library\Zend\Mvc\View\Http\DefaultRenderingStrategy.php(103): Zend\View\View->render(Object(Zend\View\Model\ViewModel))
#4 [internal function]: Zend\Mvc\View\Http\DefaultRenderingStrategy->render(Object(Zend\Mvc\MvcEvent))
#5 I:\htdocs\szyk\vendor\zendframework\zendframework\library\Zend\EventManager\EventManager.php(468): call_user_func(Array, Object(Zend\Mvc\MvcEvent))
#6 I:\htdocs\szyk\vendor\zendframework\zendframework\library\Zend\EventManager\EventManager.php(207): Zend\EventManager\EventManager->triggerListeners('render', Object(Zend\Mvc\MvcEvent), Array)
#7 I:\htdocs\szyk\vendor\zendframework\zendframework\library\Zend\Mvc\Application.php(352): Zend\EventManager\EventManager->trigger('render', Object(Zend\Mvc\MvcEvent))
#8 I:\htdocs\szyk\vendor\zendframework\zendframework\library\Zend\Mvc\Application.php(327): Zend\Mvc\Application->completeRequest(Object(Zend\Mvc\MvcEvent))
#9 I:\htdocs\szyk\public\index.php(17): Zend\Mvc\Application->run()
#10 {main}
2015-04-13T19:46:03+02:00 CRIT (2): exception 'Zend\View\Exception\RuntimeException' with message 'Zend\View\Renderer\PhpRenderer::render: Unable to render template "page/page/view-news"; resolver could not resolve to a file' in I:\htdocs\szyk\vendor\zendframework\zendframework\library\Zend\View\Renderer\PhpRenderer.php:498
Stack trace:
#0 I:\htdocs\szyk\vendor\zendframework\zendframework\library\Zend\View\View.php(205): Zend\View\Renderer\PhpRenderer->render(Object(Zend\View\Model\ViewModel))
#1 I:\htdocs\szyk\vendor\zendframework\zendframework\library\Zend\View\View.php(233): Zend\View\View->render(Object(Zend\View\Model\ViewModel))
#2 I:\htdocs\szyk\vendor\zendframework\zendframework\library\Zend\View\View.php(198): Zend\View\View->renderChildren(Object(Zend\View\Model\ViewModel))
#3 I:\htdocs\szyk\vendor\zendframework\zendframework\library\Zend\Mvc\View\Http\DefaultRenderingStrategy.php(103): Zend\View\View->render(Object(Zend\View\Model\ViewModel))
#4 [internal function]: Zend\Mvc\View\Http\DefaultRenderingStrategy->render(Object(Zend\Mvc\MvcEvent))
#5 I:\htdocs\szyk\vendor\zendframework\zendframework\library\Zend\EventManager\EventManager.php(468): call_user_func(Array, Object(Zend\Mvc\MvcEvent))
#6 I:\htdocs\szyk\vendor\zendframework\zendframework\library\Zend\EventManager\EventManager.php(207): Zend\EventManager\EventManager->triggerListeners('render', Object(Zend\Mvc\MvcEvent), Array)
#7 I:\htdocs\szyk\vendor\zendframework\zendframework\library\Zend\Mvc\Application.php(352): Zend\EventManager\EventManager->trigger('render', Object(Zend\Mvc\MvcEvent))
#8 I:\htdocs\szyk\vendor\zendframework\zendframework\library\Zend\Mvc\Application.php(327): Zend\Mvc\Application->completeRequest(Object(Zend\Mvc\MvcEvent))
#9 I:\htdocs\szyk\public\index.php(17): Zend\Mvc\Application->run()
#10 {main}
2015-04-13T19:51:27+02:00 CRIT (2): exception 'Zend\Mvc\Router\Exception\RuntimeException' with message 'Route with name "view-news" not found' in I:\htdocs\szyk\vendor\zendframework\zendframework\library\Zend\Mvc\Router\Http\TreeRouteStack.php:317
Stack trace:
#0 I:\htdocs\szyk\vendor\zendframework\zendframework\library\Zend\View\Helper\Url.php(100): Zend\Mvc\Router\Http\TreeRouteStack->assemble(Array, Array)
#1 [internal function]: Zend\View\Helper\Url->__invoke('view-news', Array)
#2 I:\htdocs\szyk\vendor\zendframework\zendframework\library\Zend\View\Renderer\PhpRenderer.php(399): call_user_func_array(Object(Zend\View\Helper\Url), Array)
#3 I:\htdocs\szyk\module\Page\view\page\page\view-news.phtml(35): Zend\View\Renderer\PhpRenderer->__call('url', Array)
#4 I:\htdocs\szyk\module\Page\view\page\page\view-news.phtml(35): Zend\View\Renderer\PhpRenderer->url('view-news', Array)
#5 I:\htdocs\szyk\vendor\zendframework\zendframework\library\Zend\View\Renderer\PhpRenderer.php(506): include('I:\\htdocs\\szyk\\...')
#6 I:\htdocs\szyk\vendor\zendframework\zendframework\library\Zend\View\View.php(205): Zend\View\Renderer\PhpRenderer->render(Object(Zend\View\Model\ViewModel))
#7 I:\htdocs\szyk\vendor\zendframework\zendframework\library\Zend\View\View.php(233): Zend\View\View->render(Object(Zend\View\Model\ViewModel))
#8 I:\htdocs\szyk\vendor\zendframework\zendframework\library\Zend\View\View.php(198): Zend\View\View->renderChildren(Object(Zend\View\Model\ViewModel))
#9 I:\htdocs\szyk\vendor\zendframework\zendframework\library\Zend\Mvc\View\Http\DefaultRenderingStrategy.php(103): Zend\View\View->render(Object(Zend\View\Model\ViewModel))
#10 [internal function]: Zend\Mvc\View\Http\DefaultRenderingStrategy->render(Object(Zend\Mvc\MvcEvent))
#11 I:\htdocs\szyk\vendor\zendframework\zendframework\library\Zend\EventManager\EventManager.php(468): call_user_func(Array, Object(Zend\Mvc\MvcEvent))
#12 I:\htdocs\szyk\vendor\zendframework\zendframework\library\Zend\EventManager\EventManager.php(207): Zend\EventManager\EventManager->triggerListeners('render', Object(Zend\Mvc\MvcEvent), Array)
#13 I:\htdocs\szyk\vendor\zendframework\zendframework\library\Zend\Mvc\Application.php(352): Zend\EventManager\EventManager->trigger('render', Object(Zend\Mvc\MvcEvent))
#14 I:\htdocs\szyk\vendor\zendframework\zendframework\library\Zend\Mvc\Application.php(327): Zend\Mvc\Application->completeRequest(Object(Zend\Mvc\MvcEvent))
#15 I:\htdocs\szyk\public\index.php(17): Zend\Mvc\Application->run()
#16 {main}
2015-04-13T20:50:18+02:00 CRIT (2): exception 'Zend\View\Exception\RuntimeException' with message 'Zend\View\Renderer\PhpRenderer::render: Unable to render template "cms-ir/system/create-thumb"; resolver could not resolve to a file' in I:\htdocs\szyk\vendor\zendframework\zendframework\library\Zend\View\Renderer\PhpRenderer.php:498
Stack trace:
#0 I:\htdocs\szyk\vendor\zendframework\zendframework\library\Zend\View\View.php(205): Zend\View\Renderer\PhpRenderer->render(Object(Zend\View\Model\ViewModel))
#1 I:\htdocs\szyk\vendor\zendframework\zendframework\library\Zend\View\View.php(233): Zend\View\View->render(Object(Zend\View\Model\ViewModel))
#2 I:\htdocs\szyk\vendor\zendframework\zendframework\library\Zend\View\View.php(198): Zend\View\View->renderChildren(Object(Zend\View\Model\ViewModel))
#3 I:\htdocs\szyk\vendor\zendframework\zendframework\library\Zend\Mvc\View\Http\DefaultRenderingStrategy.php(103): Zend\View\View->render(Object(Zend\View\Model\ViewModel))
#4 [internal function]: Zend\Mvc\View\Http\DefaultRenderingStrategy->render(Object(Zend\Mvc\MvcEvent))
#5 I:\htdocs\szyk\vendor\zendframework\zendframework\library\Zend\EventManager\EventManager.php(468): call_user_func(Array, Object(Zend\Mvc\MvcEvent))
#6 I:\htdocs\szyk\vendor\zendframework\zendframework\library\Zend\EventManager\EventManager.php(207): Zend\EventManager\EventManager->triggerListeners('render', Object(Zend\Mvc\MvcEvent), Array)
#7 I:\htdocs\szyk\vendor\zendframework\zendframework\library\Zend\Mvc\Application.php(352): Zend\EventManager\EventManager->trigger('render', Object(Zend\Mvc\MvcEvent))
#8 I:\htdocs\szyk\vendor\zendframework\zendframework\library\Zend\Mvc\Application.php(327): Zend\Mvc\Application->completeRequest(Object(Zend\Mvc\MvcEvent))
#9 I:\htdocs\szyk\public\index.php(17): Zend\Mvc\Application->run()
#10 {main}
2015-04-13T20:50:18+02:00 CRIT (2): exception 'Zend\View\Exception\RuntimeException' with message 'Zend\View\Renderer\PhpRenderer::render: Unable to render template "cms-ir/system/create-thumb"; resolver could not resolve to a file' in I:\htdocs\szyk\vendor\zendframework\zendframework\library\Zend\View\Renderer\PhpRenderer.php:498
Stack trace:
#0 I:\htdocs\szyk\vendor\zendframework\zendframework\library\Zend\View\View.php(205): Zend\View\Renderer\PhpRenderer->render(Object(Zend\View\Model\ViewModel))
#1 I:\htdocs\szyk\vendor\zendframework\zendframework\library\Zend\View\View.php(233): Zend\View\View->render(Object(Zend\View\Model\ViewModel))
#2 I:\htdocs\szyk\vendor\zendframework\zendframework\library\Zend\View\View.php(198): Zend\View\View->renderChildren(Object(Zend\View\Model\ViewModel))
#3 I:\htdocs\szyk\vendor\zendframework\zendframework\library\Zend\Mvc\View\Http\DefaultRenderingStrategy.php(103): Zend\View\View->render(Object(Zend\View\Model\ViewModel))
#4 [internal function]: Zend\Mvc\View\Http\DefaultRenderingStrategy->render(Object(Zend\Mvc\MvcEvent))
#5 I:\htdocs\szyk\vendor\zendframework\zendframework\library\Zend\EventManager\EventManager.php(468): call_user_func(Array, Object(Zend\Mvc\MvcEvent))
#6 I:\htdocs\szyk\vendor\zendframework\zendframework\library\Zend\EventManager\EventManager.php(207): Zend\EventManager\EventManager->triggerListeners('render', Object(Zend\Mvc\MvcEvent), Array)
#7 I:\htdocs\szyk\vendor\zendframework\zendframework\library\Zend\Mvc\Application.php(352): Zend\EventManager\EventManager->trigger('render', Object(Zend\Mvc\MvcEvent))
#8 I:\htdocs\szyk\vendor\zendframework\zendframework\library\Zend\Mvc\Application.php(327): Zend\Mvc\Application->completeRequest(Object(Zend\Mvc\MvcEvent))
#9 I:\htdocs\szyk\public\index.php(17): Zend\Mvc\Application->run()
#10 {main}
2015-04-13T20:51:14+02:00 CRIT (2): exception 'Zend\View\Exception\RuntimeException' with message 'Zend\View\Renderer\PhpRenderer::render: Unable to render template "cms-ir/system/create-thumb"; resolver could not resolve to a file' in I:\htdocs\szyk\vendor\zendframework\zendframework\library\Zend\View\Renderer\PhpRenderer.php:498
Stack trace:
#0 I:\htdocs\szyk\vendor\zendframework\zendframework\library\Zend\View\View.php(205): Zend\View\Renderer\PhpRenderer->render(Object(Zend\View\Model\ViewModel))
#1 I:\htdocs\szyk\vendor\zendframework\zendframework\library\Zend\View\View.php(233): Zend\View\View->render(Object(Zend\View\Model\ViewModel))
#2 I:\htdocs\szyk\vendor\zendframework\zendframework\library\Zend\View\View.php(198): Zend\View\View->renderChildren(Object(Zend\View\Model\ViewModel))
#3 I:\htdocs\szyk\vendor\zendframework\zendframework\library\Zend\Mvc\View\Http\DefaultRenderingStrategy.php(103): Zend\View\View->render(Object(Zend\View\Model\ViewModel))
#4 [internal function]: Zend\Mvc\View\Http\DefaultRenderingStrategy->render(Object(Zend\Mvc\MvcEvent))
#5 I:\htdocs\szyk\vendor\zendframework\zendframework\library\Zend\EventManager\EventManager.php(468): call_user_func(Array, Object(Zend\Mvc\MvcEvent))
#6 I:\htdocs\szyk\vendor\zendframework\zendframework\library\Zend\EventManager\EventManager.php(207): Zend\EventManager\EventManager->triggerListeners('render', Object(Zend\Mvc\MvcEvent), Array)
#7 I:\htdocs\szyk\vendor\zendframework\zendframework\library\Zend\Mvc\Application.php(352): Zend\EventManager\EventManager->trigger('render', Object(Zend\Mvc\MvcEvent))
#8 I:\htdocs\szyk\vendor\zendframework\zendframework\library\Zend\Mvc\Application.php(327): Zend\Mvc\Application->completeRequest(Object(Zend\Mvc\MvcEvent))
#9 I:\htdocs\szyk\public\index.php(17): Zend\Mvc\Application->run()
#10 {main}
2015-04-13T20:51:14+02:00 CRIT (2): exception 'Zend\View\Exception\RuntimeException' with message 'Zend\View\Renderer\PhpRenderer::render: Unable to render template "cms-ir/system/create-thumb"; resolver could not resolve to a file' in I:\htdocs\szyk\vendor\zendframework\zendframework\library\Zend\View\Renderer\PhpRenderer.php:498
Stack trace:
#0 I:\htdocs\szyk\vendor\zendframework\zendframework\library\Zend\View\View.php(205): Zend\View\Renderer\PhpRenderer->render(Object(Zend\View\Model\ViewModel))
#1 I:\htdocs\szyk\vendor\zendframework\zendframework\library\Zend\View\View.php(233): Zend\View\View->render(Object(Zend\View\Model\ViewModel))
#2 I:\htdocs\szyk\vendor\zendframework\zendframework\library\Zend\View\View.php(198): Zend\View\View->renderChildren(Object(Zend\View\Model\ViewModel))
#3 I:\htdocs\szyk\vendor\zendframework\zendframework\library\Zend\Mvc\View\Http\DefaultRenderingStrategy.php(103): Zend\View\View->render(Object(Zend\View\Model\ViewModel))
#4 [internal function]: Zend\Mvc\View\Http\DefaultRenderingStrategy->render(Object(Zend\Mvc\MvcEvent))
#5 I:\htdocs\szyk\vendor\zendframework\zendframework\library\Zend\EventManager\EventManager.php(468): call_user_func(Array, Object(Zend\Mvc\MvcEvent))
#6 I:\htdocs\szyk\vendor\zendframework\zendframework\library\Zend\EventManager\EventManager.php(207): Zend\EventManager\EventManager->triggerListeners('render', Object(Zend\Mvc\MvcEvent), Array)
#7 I:\htdocs\szyk\vendor\zendframework\zendframework\library\Zend\Mvc\Application.php(352): Zend\EventManager\EventManager->trigger('render', Object(Zend\Mvc\MvcEvent))
#8 I:\htdocs\szyk\vendor\zendframework\zendframework\library\Zend\Mvc\Application.php(327): Zend\Mvc\Application->completeRequest(Object(Zend\Mvc\MvcEvent))
#9 I:\htdocs\szyk\public\index.php(17): Zend\Mvc\Application->run()
#10 {main}
2015-04-13T20:53:29+02:00 CRIT (2): exception 'Zend\View\Exception\RuntimeException' with message 'Zend\View\Renderer\PhpRenderer::render: Unable to render template "cms-ir/system/create-thumb"; resolver could not resolve to a file' in I:\htdocs\szyk\vendor\zendframework\zendframework\library\Zend\View\Renderer\PhpRenderer.php:498
Stack trace:
#0 I:\htdocs\szyk\vendor\zendframework\zendframework\library\Zend\View\View.php(205): Zend\View\Renderer\PhpRenderer->render(Object(Zend\View\Model\ViewModel))
#1 I:\htdocs\szyk\vendor\zendframework\zendframework\library\Zend\View\View.php(233): Zend\View\View->render(Object(Zend\View\Model\ViewModel))
#2 I:\htdocs\szyk\vendor\zendframework\zendframework\library\Zend\View\View.php(198): Zend\View\View->renderChildren(Object(Zend\View\Model\ViewModel))
#3 I:\htdocs\szyk\vendor\zendframework\zendframework\library\Zend\Mvc\View\Http\DefaultRenderingStrategy.php(103): Zend\View\View->render(Object(Zend\View\Model\ViewModel))
#4 [internal function]: Zend\Mvc\View\Http\DefaultRenderingStrategy->render(Object(Zend\Mvc\MvcEvent))
#5 I:\htdocs\szyk\vendor\zendframework\zendframework\library\Zend\EventManager\EventManager.php(468): call_user_func(Array, Object(Zend\Mvc\MvcEvent))
#6 I:\htdocs\szyk\vendor\zendframework\zendframework\library\Zend\EventManager\EventManager.php(207): Zend\EventManager\EventManager->triggerListeners('render', Object(Zend\Mvc\MvcEvent), Array)
#7 I:\htdocs\szyk\vendor\zendframework\zendframework\library\Zend\Mvc\Application.php(352): Zend\EventManager\EventManager->trigger('render', Object(Zend\Mvc\MvcEvent))
#8 I:\htdocs\szyk\vendor\zendframework\zendframework\library\Zend\Mvc\Application.php(327): Zend\Mvc\Application->completeRequest(Object(Zend\Mvc\MvcEvent))
#9 I:\htdocs\szyk\public\index.php(17): Zend\Mvc\Application->run()
#10 {main}
2015-04-13T20:53:29+02:00 CRIT (2): exception 'Zend\View\Exception\RuntimeException' with message 'Zend\View\Renderer\PhpRenderer::render: Unable to render template "cms-ir/system/create-thumb"; resolver could not resolve to a file' in I:\htdocs\szyk\vendor\zendframework\zendframework\library\Zend\View\Renderer\PhpRenderer.php:498
Stack trace:
#0 I:\htdocs\szyk\vendor\zendframework\zendframework\library\Zend\View\View.php(205): Zend\View\Renderer\PhpRenderer->render(Object(Zend\View\Model\ViewModel))
#1 I:\htdocs\szyk\vendor\zendframework\zendframework\library\Zend\View\View.php(233): Zend\View\View->render(Object(Zend\View\Model\ViewModel))
#2 I:\htdocs\szyk\vendor\zendframework\zendframework\library\Zend\View\View.php(198): Zend\View\View->renderChildren(Object(Zend\View\Model\ViewModel))
#3 I:\htdocs\szyk\vendor\zendframework\zendframework\library\Zend\Mvc\View\Http\DefaultRenderingStrategy.php(103): Zend\View\View->render(Object(Zend\View\Model\ViewModel))
#4 [internal function]: Zend\Mvc\View\Http\DefaultRenderingStrategy->render(Object(Zend\Mvc\MvcEvent))
#5 I:\htdocs\szyk\vendor\zendframework\zendframework\library\Zend\EventManager\EventManager.php(468): call_user_func(Array, Object(Zend\Mvc\MvcEvent))
#6 I:\htdocs\szyk\vendor\zendframework\zendframework\library\Zend\EventManager\EventManager.php(207): Zend\EventManager\EventManager->triggerListeners('render', Object(Zend\Mvc\MvcEvent), Array)
#7 I:\htdocs\szyk\vendor\zendframework\zendframework\library\Zend\Mvc\Application.php(352): Zend\EventManager\EventManager->trigger('render', Object(Zend\Mvc\MvcEvent))
#8 I:\htdocs\szyk\vendor\zendframework\zendframework\library\Zend\Mvc\Application.php(327): Zend\Mvc\Application->completeRequest(Object(Zend\Mvc\MvcEvent))
#9 I:\htdocs\szyk\public\index.php(17): Zend\Mvc\Application->run()
#10 {main}
2015-04-13T21:02:27+02:00 CRIT (2): exception 'Zend\View\Exception\RuntimeException' with message 'Zend\View\Renderer\PhpRenderer::render: Unable to render template "cms-ir/system/create-thumb"; resolver could not resolve to a file' in I:\htdocs\szyk\vendor\zendframework\zendframework\library\Zend\View\Renderer\PhpRenderer.php:498
Stack trace:
#0 I:\htdocs\szyk\vendor\zendframework\zendframework\library\Zend\View\View.php(205): Zend\View\Renderer\PhpRenderer->render(Object(Zend\View\Model\ViewModel))
#1 I:\htdocs\szyk\vendor\zendframework\zendframework\library\Zend\View\View.php(233): Zend\View\View->render(Object(Zend\View\Model\ViewModel))
#2 I:\htdocs\szyk\vendor\zendframework\zendframework\library\Zend\View\View.php(198): Zend\View\View->renderChildren(Object(Zend\View\Model\ViewModel))
#3 I:\htdocs\szyk\vendor\zendframework\zendframework\library\Zend\Mvc\View\Http\DefaultRenderingStrategy.php(103): Zend\View\View->render(Object(Zend\View\Model\ViewModel))
#4 [internal function]: Zend\Mvc\View\Http\DefaultRenderingStrategy->render(Object(Zend\Mvc\MvcEvent))
#5 I:\htdocs\szyk\vendor\zendframework\zendframework\library\Zend\EventManager\EventManager.php(468): call_user_func(Array, Object(Zend\Mvc\MvcEvent))
#6 I:\htdocs\szyk\vendor\zendframework\zendframework\library\Zend\EventManager\EventManager.php(207): Zend\EventManager\EventManager->triggerListeners('render', Object(Zend\Mvc\MvcEvent), Array)
#7 I:\htdocs\szyk\vendor\zendframework\zendframework\library\Zend\Mvc\Application.php(352): Zend\EventManager\EventManager->trigger('render', Object(Zend\Mvc\MvcEvent))
#8 I:\htdocs\szyk\vendor\zendframework\zendframework\library\Zend\Mvc\Application.php(327): Zend\Mvc\Application->completeRequest(Object(Zend\Mvc\MvcEvent))
#9 I:\htdocs\szyk\public\index.php(17): Zend\Mvc\Application->run()
#10 {main}
2015-04-13T21:02:28+02:00 CRIT (2): exception 'Zend\View\Exception\RuntimeException' with message 'Zend\View\Renderer\PhpRenderer::render: Unable to render template "cms-ir/system/create-thumb"; resolver could not resolve to a file' in I:\htdocs\szyk\vendor\zendframework\zendframework\library\Zend\View\Renderer\PhpRenderer.php:498
Stack trace:
#0 I:\htdocs\szyk\vendor\zendframework\zendframework\library\Zend\View\View.php(205): Zend\View\Renderer\PhpRenderer->render(Object(Zend\View\Model\ViewModel))
#1 I:\htdocs\szyk\vendor\zendframework\zendframework\library\Zend\View\View.php(233): Zend\View\View->render(Object(Zend\View\Model\ViewModel))
#2 I:\htdocs\szyk\vendor\zendframework\zendframework\library\Zend\View\View.php(198): Zend\View\View->renderChildren(Object(Zend\View\Model\ViewModel))
#3 I:\htdocs\szyk\vendor\zendframework\zendframework\library\Zend\Mvc\View\Http\DefaultRenderingStrategy.php(103): Zend\View\View->render(Object(Zend\View\Model\ViewModel))
#4 [internal function]: Zend\Mvc\View\Http\DefaultRenderingStrategy->render(Object(Zend\Mvc\MvcEvent))
#5 I:\htdocs\szyk\vendor\zendframework\zendframework\library\Zend\EventManager\EventManager.php(468): call_user_func(Array, Object(Zend\Mvc\MvcEvent))
#6 I:\htdocs\szyk\vendor\zendframework\zendframework\library\Zend\EventManager\EventManager.php(207): Zend\EventManager\EventManager->triggerListeners('render', Object(Zend\Mvc\MvcEvent), Array)
#7 I:\htdocs\szyk\vendor\zendframework\zendframework\library\Zend\Mvc\Application.php(352): Zend\EventManager\EventManager->trigger('render', Object(Zend\Mvc\MvcEvent))
#8 I:\htdocs\szyk\vendor\zendframework\zendframework\library\Zend\Mvc\Application.php(327): Zend\Mvc\Application->completeRequest(Object(Zend\Mvc\MvcEvent))
#9 I:\htdocs\szyk\public\index.php(17): Zend\Mvc\Application->run()
#10 {main}
