2015-04-10T18:47:00+02:00 CRIT (2): exception 'PDOException' with message 'SQLSTATE[42S02]: Base table or view not found: 1146 Table 'cms-ir.cms_dictionary' doesn't exist' in I:\htdocs\cms-ir\vendor\zendframework\zendframework\library\Zend\Db\Adapter\Driver\Pdo\Statement.php:239
Stack trace:
#0 I:\htdocs\cms-ir\vendor\zendframework\zendframework\library\Zend\Db\Adapter\Driver\Pdo\Statement.php(239): PDOStatement->execute()
#1 I:\htdocs\cms-ir\vendor\zendframework\zendframework\library\Zend\Db\TableGateway\AbstractTableGateway.php(233): Zend\Db\Adapter\Driver\Pdo\Statement->execute()
#2 I:\htdocs\cms-ir\vendor\zendframework\zendframework\library\Zend\Db\TableGateway\AbstractTableGateway.php(208): Zend\Db\TableGateway\AbstractTableGateway->executeSelect(Object(Zend\Db\Sql\Select))
#3 I:\htdocs\cms-ir\vendor\cms-ir\cms-ir\src\CmsIr\System\src\System\Model\ModelTable.php(54): Zend\Db\TableGateway\AbstractTableGateway->selectWith(Object(Zend\Db\Sql\Select))
#4 I:\htdocs\cms-ir\vendor\cms-ir\cms-ir\src\CmsIr\Dictionary\src\Dictionary\Model\DictionaryTable.php(61): CmsIr\System\Model\ModelTable->getBy(Array)
#5 I:\htdocs\cms-ir\vendor\cms-ir\cms-ir\src\CmsIr\Dictionary\src\Dictionary\Controller\DictionaryController.php(26): CmsIr\Dictionary\Model\DictionaryTable->getDictionaryDatatables(Array, Object(Zend\Stdlib\Parameters), 'position', NULL)
#6 I:\htdocs\cms-ir\vendor\zendframework\zendframework\library\Zend\Mvc\Controller\AbstractActionController.php(83): CmsIr\Dictionary\Controller\DictionaryController->listAction()
#7 [internal function]: Zend\Mvc\Controller\AbstractActionController->onDispatch(Object(Zend\Mvc\MvcEvent))
#8 I:\htdocs\cms-ir\vendor\zendframework\zendframework\library\Zend\EventManager\EventManager.php(468): call_user_func(Array, Object(Zend\Mvc\MvcEvent))
#9 I:\htdocs\cms-ir\vendor\zendframework\zendframework\library\Zend\EventManager\EventManager.php(207): Zend\EventManager\EventManager->triggerListeners('dispatch', Object(Zend\Mvc\MvcEvent), Object(Closure))
#10 I:\htdocs\cms-ir\vendor\zendframework\zendframework\library\Zend\Mvc\Controller\AbstractController.php(116): Zend\EventManager\EventManager->trigger('dispatch', Object(Zend\Mvc\MvcEvent), Object(Closure))
#11 I:\htdocs\cms-ir\vendor\zendframework\zendframework\library\Zend\Mvc\DispatchListener.php(113): Zend\Mvc\Controller\AbstractController->dispatch(Object(Zend\Http\PhpEnvironment\Request), Object(Zend\Http\PhpEnvironment\Response))
#12 [internal function]: Zend\Mvc\DispatchListener->onDispatch(Object(Zend\Mvc\MvcEvent))
#13 I:\htdocs\cms-ir\vendor\zendframework\zendframework\library\Zend\EventManager\EventManager.php(468): call_user_func(Array, Object(Zend\Mvc\MvcEvent))
#14 I:\htdocs\cms-ir\vendor\zendframework\zendframework\library\Zend\EventManager\EventManager.php(207): Zend\EventManager\EventManager->triggerListeners('dispatch', Object(Zend\Mvc\MvcEvent), Object(Closure))
#15 I:\htdocs\cms-ir\vendor\zendframework\zendframework\library\Zend\Mvc\Application.php(313): Zend\EventManager\EventManager->trigger('dispatch', Object(Zend\Mvc\MvcEvent), Object(Closure))
#16 I:\htdocs\cms-ir\public\index.php(17): Zend\Mvc\Application->run()
#17 {main}

Next exception 'Zend\Db\Adapter\Exception\InvalidQueryException' with message 'Statement could not be executed (42S02 - 1146 - Table 'cms-ir.cms_dictionary' doesn't exist)' in I:\htdocs\cms-ir\vendor\zendframework\zendframework\library\Zend\Db\Adapter\Driver\Pdo\Statement.php:244
Stack trace:
#0 I:\htdocs\cms-ir\vendor\zendframework\zendframework\library\Zend\Db\TableGateway\AbstractTableGateway.php(233): Zend\Db\Adapter\Driver\Pdo\Statement->execute()
#1 I:\htdocs\cms-ir\vendor\zendframework\zendframework\library\Zend\Db\TableGateway\AbstractTableGateway.php(208): Zend\Db\TableGateway\AbstractTableGateway->executeSelect(Object(Zend\Db\Sql\Select))
#2 I:\htdocs\cms-ir\vendor\cms-ir\cms-ir\src\CmsIr\System\src\System\Model\ModelTable.php(54): Zend\Db\TableGateway\AbstractTableGateway->selectWith(Object(Zend\Db\Sql\Select))
#3 I:\htdocs\cms-ir\vendor\cms-ir\cms-ir\src\CmsIr\Dictionary\src\Dictionary\Model\DictionaryTable.php(61): CmsIr\System\Model\ModelTable->getBy(Array)
#4 I:\htdocs\cms-ir\vendor\cms-ir\cms-ir\src\CmsIr\Dictionary\src\Dictionary\Controller\DictionaryController.php(26): CmsIr\Dictionary\Model\DictionaryTable->getDictionaryDatatables(Array, Object(Zend\Stdlib\Parameters), 'position', NULL)
#5 I:\htdocs\cms-ir\vendor\zendframework\zendframework\library\Zend\Mvc\Controller\AbstractActionController.php(83): CmsIr\Dictionary\Controller\DictionaryController->listAction()
#6 [internal function]: Zend\Mvc\Controller\AbstractActionController->onDispatch(Object(Zend\Mvc\MvcEvent))
#7 I:\htdocs\cms-ir\vendor\zendframework\zendframework\library\Zend\EventManager\EventManager.php(468): call_user_func(Array, Object(Zend\Mvc\MvcEvent))
#8 I:\htdocs\cms-ir\vendor\zendframework\zendframework\library\Zend\EventManager\EventManager.php(207): Zend\EventManager\EventManager->triggerListeners('dispatch', Object(Zend\Mvc\MvcEvent), Object(Closure))
#9 I:\htdocs\cms-ir\vendor\zendframework\zendframework\library\Zend\Mvc\Controller\AbstractController.php(116): Zend\EventManager\EventManager->trigger('dispatch', Object(Zend\Mvc\MvcEvent), Object(Closure))
#10 I:\htdocs\cms-ir\vendor\zendframework\zendframework\library\Zend\Mvc\DispatchListener.php(113): Zend\Mvc\Controller\AbstractController->dispatch(Object(Zend\Http\PhpEnvironment\Request), Object(Zend\Http\PhpEnvironment\Response))
#11 [internal function]: Zend\Mvc\DispatchListener->onDispatch(Object(Zend\Mvc\MvcEvent))
#12 I:\htdocs\cms-ir\vendor\zendframework\zendframework\library\Zend\EventManager\EventManager.php(468): call_user_func(Array, Object(Zend\Mvc\MvcEvent))
#13 I:\htdocs\cms-ir\vendor\zendframework\zendframework\library\Zend\EventManager\EventManager.php(207): Zend\EventManager\EventManager->triggerListeners('dispatch', Object(Zend\Mvc\MvcEvent), Object(Closure))
#14 I:\htdocs\cms-ir\vendor\zendframework\zendframework\library\Zend\Mvc\Application.php(313): Zend\EventManager\EventManager->trigger('dispatch', Object(Zend\Mvc\MvcEvent), Object(Closure))
#15 I:\htdocs\cms-ir\public\index.php(17): Zend\Mvc\Application->run()
#16 {main}
2015-04-10T18:47:43+02:00 CRIT (2): exception 'PDOException' with message 'SQLSTATE[42S02]: Base table or view not found: 1146 Table 'cms-ir.cms_dictionary' doesn't exist' in I:\htdocs\cms-ir\vendor\zendframework\zendframework\library\Zend\Db\Adapter\Driver\Pdo\Statement.php:239
Stack trace:
#0 I:\htdocs\cms-ir\vendor\zendframework\zendframework\library\Zend\Db\Adapter\Driver\Pdo\Statement.php(239): PDOStatement->execute()
#1 I:\htdocs\cms-ir\vendor\zendframework\zendframework\library\Zend\Db\TableGateway\AbstractTableGateway.php(233): Zend\Db\Adapter\Driver\Pdo\Statement->execute()
#2 I:\htdocs\cms-ir\vendor\zendframework\zendframework\library\Zend\Db\TableGateway\AbstractTableGateway.php(208): Zend\Db\TableGateway\AbstractTableGateway->executeSelect(Object(Zend\Db\Sql\Select))
#3 I:\htdocs\cms-ir\vendor\cms-ir\cms-ir\src\CmsIr\System\src\System\Model\ModelTable.php(54): Zend\Db\TableGateway\AbstractTableGateway->selectWith(Object(Zend\Db\Sql\Select))
#4 I:\htdocs\cms-ir\vendor\cms-ir\cms-ir\src\CmsIr\Dictionary\src\Dictionary\Model\DictionaryTable.php(61): CmsIr\System\Model\ModelTable->getBy(Array)
#5 I:\htdocs\cms-ir\vendor\cms-ir\cms-ir\src\CmsIr\Dictionary\src\Dictionary\Controller\DictionaryController.php(24): CmsIr\Dictionary\Model\DictionaryTable->getDictionaryDatatables(Array, Object(Zend\Stdlib\Parameters), 'position', NULL)
#6 I:\htdocs\cms-ir\vendor\zendframework\zendframework\library\Zend\Mvc\Controller\AbstractActionController.php(83): CmsIr\Dictionary\Controller\DictionaryController->listAction()
#7 [internal function]: Zend\Mvc\Controller\AbstractActionController->onDispatch(Object(Zend\Mvc\MvcEvent))
#8 I:\htdocs\cms-ir\vendor\zendframework\zendframework\library\Zend\EventManager\EventManager.php(468): call_user_func(Array, Object(Zend\Mvc\MvcEvent))
#9 I:\htdocs\cms-ir\vendor\zendframework\zendframework\library\Zend\EventManager\EventManager.php(207): Zend\EventManager\EventManager->triggerListeners('dispatch', Object(Zend\Mvc\MvcEvent), Object(Closure))
#10 I:\htdocs\cms-ir\vendor\zendframework\zendframework\library\Zend\Mvc\Controller\AbstractController.php(116): Zend\EventManager\EventManager->trigger('dispatch', Object(Zend\Mvc\MvcEvent), Object(Closure))
#11 I:\htdocs\cms-ir\vendor\zendframework\zendframework\library\Zend\Mvc\DispatchListener.php(113): Zend\Mvc\Controller\AbstractController->dispatch(Object(Zend\Http\PhpEnvironment\Request), Object(Zend\Http\PhpEnvironment\Response))
#12 [internal function]: Zend\Mvc\DispatchListener->onDispatch(Object(Zend\Mvc\MvcEvent))
#13 I:\htdocs\cms-ir\vendor\zendframework\zendframework\library\Zend\EventManager\EventManager.php(468): call_user_func(Array, Object(Zend\Mvc\MvcEvent))
#14 I:\htdocs\cms-ir\vendor\zendframework\zendframework\library\Zend\EventManager\EventManager.php(207): Zend\EventManager\EventManager->triggerListeners('dispatch', Object(Zend\Mvc\MvcEvent), Object(Closure))
#15 I:\htdocs\cms-ir\vendor\zendframework\zendframework\library\Zend\Mvc\Application.php(313): Zend\EventManager\EventManager->trigger('dispatch', Object(Zend\Mvc\MvcEvent), Object(Closure))
#16 I:\htdocs\cms-ir\public\index.php(17): Zend\Mvc\Application->run()
#17 {main}

Next exception 'Zend\Db\Adapter\Exception\InvalidQueryException' with message 'Statement could not be executed (42S02 - 1146 - Table 'cms-ir.cms_dictionary' doesn't exist)' in I:\htdocs\cms-ir\vendor\zendframework\zendframework\library\Zend\Db\Adapter\Driver\Pdo\Statement.php:244
Stack trace:
#0 I:\htdocs\cms-ir\vendor\zendframework\zendframework\library\Zend\Db\TableGateway\AbstractTableGateway.php(233): Zend\Db\Adapter\Driver\Pdo\Statement->execute()
#1 I:\htdocs\cms-ir\vendor\zendframework\zendframework\library\Zend\Db\TableGateway\AbstractTableGateway.php(208): Zend\Db\TableGateway\AbstractTableGateway->executeSelect(Object(Zend\Db\Sql\Select))
#2 I:\htdocs\cms-ir\vendor\cms-ir\cms-ir\src\CmsIr\System\src\System\Model\ModelTable.php(54): Zend\Db\TableGateway\AbstractTableGateway->selectWith(Object(Zend\Db\Sql\Select))
#3 I:\htdocs\cms-ir\vendor\cms-ir\cms-ir\src\CmsIr\Dictionary\src\Dictionary\Model\DictionaryTable.php(61): CmsIr\System\Model\ModelTable->getBy(Array)
#4 I:\htdocs\cms-ir\vendor\cms-ir\cms-ir\src\CmsIr\Dictionary\src\Dictionary\Controller\DictionaryController.php(24): CmsIr\Dictionary\Model\DictionaryTable->getDictionaryDatatables(Array, Object(Zend\Stdlib\Parameters), 'position', NULL)
#5 I:\htdocs\cms-ir\vendor\zendframework\zendframework\library\Zend\Mvc\Controller\AbstractActionController.php(83): CmsIr\Dictionary\Controller\DictionaryController->listAction()
#6 [internal function]: Zend\Mvc\Controller\AbstractActionController->onDispatch(Object(Zend\Mvc\MvcEvent))
#7 I:\htdocs\cms-ir\vendor\zendframework\zendframework\library\Zend\EventManager\EventManager.php(468): call_user_func(Array, Object(Zend\Mvc\MvcEvent))
#8 I:\htdocs\cms-ir\vendor\zendframework\zendframework\library\Zend\EventManager\EventManager.php(207): Zend\EventManager\EventManager->triggerListeners('dispatch', Object(Zend\Mvc\MvcEvent), Object(Closure))
#9 I:\htdocs\cms-ir\vendor\zendframework\zendframework\library\Zend\Mvc\Controller\AbstractController.php(116): Zend\EventManager\EventManager->trigger('dispatch', Object(Zend\Mvc\MvcEvent), Object(Closure))
#10 I:\htdocs\cms-ir\vendor\zendframework\zendframework\library\Zend\Mvc\DispatchListener.php(113): Zend\Mvc\Controller\AbstractController->dispatch(Object(Zend\Http\PhpEnvironment\Request), Object(Zend\Http\PhpEnvironment\Response))
#11 [internal function]: Zend\Mvc\DispatchListener->onDispatch(Object(Zend\Mvc\MvcEvent))
#12 I:\htdocs\cms-ir\vendor\zendframework\zendframework\library\Zend\EventManager\EventManager.php(468): call_user_func(Array, Object(Zend\Mvc\MvcEvent))
#13 I:\htdocs\cms-ir\vendor\zendframework\zendframework\library\Zend\EventManager\EventManager.php(207): Zend\EventManager\EventManager->triggerListeners('dispatch', Object(Zend\Mvc\MvcEvent), Object(Closure))
#14 I:\htdocs\cms-ir\vendor\zendframework\zendframework\library\Zend\Mvc\Application.php(313): Zend\EventManager\EventManager->trigger('dispatch', Object(Zend\Mvc\MvcEvent), Object(Closure))
#15 I:\htdocs\cms-ir\public\index.php(17): Zend\Mvc\Application->run()
#16 {main}
2015-04-10T18:47:51+02:00 CRIT (2): exception 'PDOException' with message 'SQLSTATE[42S02]: Base table or view not found: 1146 Table 'cms-ir.cms_dictionary' doesn't exist' in I:\htdocs\cms-ir\vendor\zendframework\zendframework\library\Zend\Db\Adapter\Driver\Pdo\Statement.php:239
Stack trace:
#0 I:\htdocs\cms-ir\vendor\zendframework\zendframework\library\Zend\Db\Adapter\Driver\Pdo\Statement.php(239): PDOStatement->execute()
#1 I:\htdocs\cms-ir\vendor\zendframework\zendframework\library\Zend\Db\TableGateway\AbstractTableGateway.php(233): Zend\Db\Adapter\Driver\Pdo\Statement->execute()
#2 I:\htdocs\cms-ir\vendor\zendframework\zendframework\library\Zend\Db\TableGateway\AbstractTableGateway.php(208): Zend\Db\TableGateway\AbstractTableGateway->executeSelect(Object(Zend\Db\Sql\Select))
#3 I:\htdocs\cms-ir\vendor\cms-ir\cms-ir\src\CmsIr\System\src\System\Model\ModelTable.php(54): Zend\Db\TableGateway\AbstractTableGateway->selectWith(Object(Zend\Db\Sql\Select))
#4 I:\htdocs\cms-ir\vendor\cms-ir\cms-ir\src\CmsIr\Dictionary\src\Dictionary\Model\DictionaryTable.php(61): CmsIr\System\Model\ModelTable->getBy(Array)
#5 I:\htdocs\cms-ir\vendor\cms-ir\cms-ir\src\CmsIr\Dictionary\src\Dictionary\Controller\DictionaryController.php(24): CmsIr\Dictionary\Model\DictionaryTable->getDictionaryDatatables(Array, Object(Zend\Stdlib\Parameters), 'position', NULL)
#6 I:\htdocs\cms-ir\vendor\zendframework\zendframework\library\Zend\Mvc\Controller\AbstractActionController.php(83): CmsIr\Dictionary\Controller\DictionaryController->listAction()
#7 [internal function]: Zend\Mvc\Controller\AbstractActionController->onDispatch(Object(Zend\Mvc\MvcEvent))
#8 I:\htdocs\cms-ir\vendor\zendframework\zendframework\library\Zend\EventManager\EventManager.php(468): call_user_func(Array, Object(Zend\Mvc\MvcEvent))
#9 I:\htdocs\cms-ir\vendor\zendframework\zendframework\library\Zend\EventManager\EventManager.php(207): Zend\EventManager\EventManager->triggerListeners('dispatch', Object(Zend\Mvc\MvcEvent), Object(Closure))
#10 I:\htdocs\cms-ir\vendor\zendframework\zendframework\library\Zend\Mvc\Controller\AbstractController.php(116): Zend\EventManager\EventManager->trigger('dispatch', Object(Zend\Mvc\MvcEvent), Object(Closure))
#11 I:\htdocs\cms-ir\vendor\zendframework\zendframework\library\Zend\Mvc\DispatchListener.php(113): Zend\Mvc\Controller\AbstractController->dispatch(Object(Zend\Http\PhpEnvironment\Request), Object(Zend\Http\PhpEnvironment\Response))
#12 [internal function]: Zend\Mvc\DispatchListener->onDispatch(Object(Zend\Mvc\MvcEvent))
#13 I:\htdocs\cms-ir\vendor\zendframework\zendframework\library\Zend\EventManager\EventManager.php(468): call_user_func(Array, Object(Zend\Mvc\MvcEvent))
#14 I:\htdocs\cms-ir\vendor\zendframework\zendframework\library\Zend\EventManager\EventManager.php(207): Zend\EventManager\EventManager->triggerListeners('dispatch', Object(Zend\Mvc\MvcEvent), Object(Closure))
#15 I:\htdocs\cms-ir\vendor\zendframework\zendframework\library\Zend\Mvc\Application.php(313): Zend\EventManager\EventManager->trigger('dispatch', Object(Zend\Mvc\MvcEvent), Object(Closure))
#16 I:\htdocs\cms-ir\public\index.php(17): Zend\Mvc\Application->run()
#17 {main}

Next exception 'Zend\Db\Adapter\Exception\InvalidQueryException' with message 'Statement could not be executed (42S02 - 1146 - Table 'cms-ir.cms_dictionary' doesn't exist)' in I:\htdocs\cms-ir\vendor\zendframework\zendframework\library\Zend\Db\Adapter\Driver\Pdo\Statement.php:244
Stack trace:
#0 I:\htdocs\cms-ir\vendor\zendframework\zendframework\library\Zend\Db\TableGateway\AbstractTableGateway.php(233): Zend\Db\Adapter\Driver\Pdo\Statement->execute()
#1 I:\htdocs\cms-ir\vendor\zendframework\zendframework\library\Zend\Db\TableGateway\AbstractTableGateway.php(208): Zend\Db\TableGateway\AbstractTableGateway->executeSelect(Object(Zend\Db\Sql\Select))
#2 I:\htdocs\cms-ir\vendor\cms-ir\cms-ir\src\CmsIr\System\src\System\Model\ModelTable.php(54): Zend\Db\TableGateway\AbstractTableGateway->selectWith(Object(Zend\Db\Sql\Select))
#3 I:\htdocs\cms-ir\vendor\cms-ir\cms-ir\src\CmsIr\Dictionary\src\Dictionary\Model\DictionaryTable.php(61): CmsIr\System\Model\ModelTable->getBy(Array)
#4 I:\htdocs\cms-ir\vendor\cms-ir\cms-ir\src\CmsIr\Dictionary\src\Dictionary\Controller\DictionaryController.php(24): CmsIr\Dictionary\Model\DictionaryTable->getDictionaryDatatables(Array, Object(Zend\Stdlib\Parameters), 'position', NULL)
#5 I:\htdocs\cms-ir\vendor\zendframework\zendframework\library\Zend\Mvc\Controller\AbstractActionController.php(83): CmsIr\Dictionary\Controller\DictionaryController->listAction()
#6 [internal function]: Zend\Mvc\Controller\AbstractActionController->onDispatch(Object(Zend\Mvc\MvcEvent))
#7 I:\htdocs\cms-ir\vendor\zendframework\zendframework\library\Zend\EventManager\EventManager.php(468): call_user_func(Array, Object(Zend\Mvc\MvcEvent))
#8 I:\htdocs\cms-ir\vendor\zendframework\zendframework\library\Zend\EventManager\EventManager.php(207): Zend\EventManager\EventManager->triggerListeners('dispatch', Object(Zend\Mvc\MvcEvent), Object(Closure))
#9 I:\htdocs\cms-ir\vendor\zendframework\zendframework\library\Zend\Mvc\Controller\AbstractController.php(116): Zend\EventManager\EventManager->trigger('dispatch', Object(Zend\Mvc\MvcEvent), Object(Closure))
#10 I:\htdocs\cms-ir\vendor\zendframework\zendframework\library\Zend\Mvc\DispatchListener.php(113): Zend\Mvc\Controller\AbstractController->dispatch(Object(Zend\Http\PhpEnvironment\Request), Object(Zend\Http\PhpEnvironment\Response))
#11 [internal function]: Zend\Mvc\DispatchListener->onDispatch(Object(Zend\Mvc\MvcEvent))
#12 I:\htdocs\cms-ir\vendor\zendframework\zendframework\library\Zend\EventManager\EventManager.php(468): call_user_func(Array, Object(Zend\Mvc\MvcEvent))
#13 I:\htdocs\cms-ir\vendor\zendframework\zendframework\library\Zend\EventManager\EventManager.php(207): Zend\EventManager\EventManager->triggerListeners('dispatch', Object(Zend\Mvc\MvcEvent), Object(Closure))
#14 I:\htdocs\cms-ir\vendor\zendframework\zendframework\library\Zend\Mvc\Application.php(313): Zend\EventManager\EventManager->trigger('dispatch', Object(Zend\Mvc\MvcEvent), Object(Closure))
#15 I:\htdocs\cms-ir\public\index.php(17): Zend\Mvc\Application->run()
#16 {main}
2015-04-10T18:48:21+02:00 CRIT (2): exception 'PDOException' with message 'SQLSTATE[42S02]: Base table or view not found: 1146 Table 'cms-ir.cms_dictionary' doesn't exist' in I:\htdocs\cms-ir\vendor\zendframework\zendframework\library\Zend\Db\Adapter\Driver\Pdo\Statement.php:239
Stack trace:
#0 I:\htdocs\cms-ir\vendor\zendframework\zendframework\library\Zend\Db\Adapter\Driver\Pdo\Statement.php(239): PDOStatement->execute()
#1 I:\htdocs\cms-ir\vendor\zendframework\zendframework\library\Zend\Db\TableGateway\AbstractTableGateway.php(233): Zend\Db\Adapter\Driver\Pdo\Statement->execute()
#2 I:\htdocs\cms-ir\vendor\zendframework\zendframework\library\Zend\Db\TableGateway\AbstractTableGateway.php(208): Zend\Db\TableGateway\AbstractTableGateway->executeSelect(Object(Zend\Db\Sql\Select))
#3 I:\htdocs\cms-ir\vendor\cms-ir\cms-ir\src\CmsIr\System\src\System\Model\ModelTable.php(54): Zend\Db\TableGateway\AbstractTableGateway->selectWith(Object(Zend\Db\Sql\Select))
#4 I:\htdocs\cms-ir\vendor\cms-ir\cms-ir\src\CmsIr\Dictionary\src\Dictionary\Model\DictionaryTable.php(61): CmsIr\System\Model\ModelTable->getBy(Array)
#5 I:\htdocs\cms-ir\vendor\cms-ir\cms-ir\src\CmsIr\Dictionary\src\Dictionary\Controller\DictionaryController.php(24): CmsIr\Dictionary\Model\DictionaryTable->getDictionaryDatatables(Array, Object(Zend\Stdlib\Parameters), 'position', NULL)
#6 I:\htdocs\cms-ir\vendor\zendframework\zendframework\library\Zend\Mvc\Controller\AbstractActionController.php(83): CmsIr\Dictionary\Controller\DictionaryController->listAction()
#7 [internal function]: Zend\Mvc\Controller\AbstractActionController->onDispatch(Object(Zend\Mvc\MvcEvent))
#8 I:\htdocs\cms-ir\vendor\zendframework\zendframework\library\Zend\EventManager\EventManager.php(468): call_user_func(Array, Object(Zend\Mvc\MvcEvent))
#9 I:\htdocs\cms-ir\vendor\zendframework\zendframework\library\Zend\EventManager\EventManager.php(207): Zend\EventManager\EventManager->triggerListeners('dispatch', Object(Zend\Mvc\MvcEvent), Object(Closure))
#10 I:\htdocs\cms-ir\vendor\zendframework\zendframework\library\Zend\Mvc\Controller\AbstractController.php(116): Zend\EventManager\EventManager->trigger('dispatch', Object(Zend\Mvc\MvcEvent), Object(Closure))
#11 I:\htdocs\cms-ir\vendor\zendframework\zendframework\library\Zend\Mvc\DispatchListener.php(113): Zend\Mvc\Controller\AbstractController->dispatch(Object(Zend\Http\PhpEnvironment\Request), Object(Zend\Http\PhpEnvironment\Response))
#12 [internal function]: Zend\Mvc\DispatchListener->onDispatch(Object(Zend\Mvc\MvcEvent))
#13 I:\htdocs\cms-ir\vendor\zendframework\zendframework\library\Zend\EventManager\EventManager.php(468): call_user_func(Array, Object(Zend\Mvc\MvcEvent))
#14 I:\htdocs\cms-ir\vendor\zendframework\zendframework\library\Zend\EventManager\EventManager.php(207): Zend\EventManager\EventManager->triggerListeners('dispatch', Object(Zend\Mvc\MvcEvent), Object(Closure))
#15 I:\htdocs\cms-ir\vendor\zendframework\zendframework\library\Zend\Mvc\Application.php(313): Zend\EventManager\EventManager->trigger('dispatch', Object(Zend\Mvc\MvcEvent), Object(Closure))
#16 I:\htdocs\cms-ir\public\index.php(17): Zend\Mvc\Application->run()
#17 {main}

Next exception 'Zend\Db\Adapter\Exception\InvalidQueryException' with message 'Statement could not be executed (42S02 - 1146 - Table 'cms-ir.cms_dictionary' doesn't exist)' in I:\htdocs\cms-ir\vendor\zendframework\zendframework\library\Zend\Db\Adapter\Driver\Pdo\Statement.php:244
Stack trace:
#0 I:\htdocs\cms-ir\vendor\zendframework\zendframework\library\Zend\Db\TableGateway\AbstractTableGateway.php(233): Zend\Db\Adapter\Driver\Pdo\Statement->execute()
#1 I:\htdocs\cms-ir\vendor\zendframework\zendframework\library\Zend\Db\TableGateway\AbstractTableGateway.php(208): Zend\Db\TableGateway\AbstractTableGateway->executeSelect(Object(Zend\Db\Sql\Select))
#2 I:\htdocs\cms-ir\vendor\cms-ir\cms-ir\src\CmsIr\System\src\System\Model\ModelTable.php(54): Zend\Db\TableGateway\AbstractTableGateway->selectWith(Object(Zend\Db\Sql\Select))
#3 I:\htdocs\cms-ir\vendor\cms-ir\cms-ir\src\CmsIr\Dictionary\src\Dictionary\Model\DictionaryTable.php(61): CmsIr\System\Model\ModelTable->getBy(Array)
#4 I:\htdocs\cms-ir\vendor\cms-ir\cms-ir\src\CmsIr\Dictionary\src\Dictionary\Controller\DictionaryController.php(24): CmsIr\Dictionary\Model\DictionaryTable->getDictionaryDatatables(Array, Object(Zend\Stdlib\Parameters), 'position', NULL)
#5 I:\htdocs\cms-ir\vendor\zendframework\zendframework\library\Zend\Mvc\Controller\AbstractActionController.php(83): CmsIr\Dictionary\Controller\DictionaryController->listAction()
#6 [internal function]: Zend\Mvc\Controller\AbstractActionController->onDispatch(Object(Zend\Mvc\MvcEvent))
#7 I:\htdocs\cms-ir\vendor\zendframework\zendframework\library\Zend\EventManager\EventManager.php(468): call_user_func(Array, Object(Zend\Mvc\MvcEvent))
#8 I:\htdocs\cms-ir\vendor\zendframework\zendframework\library\Zend\EventManager\EventManager.php(207): Zend\EventManager\EventManager->triggerListeners('dispatch', Object(Zend\Mvc\MvcEvent), Object(Closure))
#9 I:\htdocs\cms-ir\vendor\zendframework\zendframework\library\Zend\Mvc\Controller\AbstractController.php(116): Zend\EventManager\EventManager->trigger('dispatch', Object(Zend\Mvc\MvcEvent), Object(Closure))
#10 I:\htdocs\cms-ir\vendor\zendframework\zendframework\library\Zend\Mvc\DispatchListener.php(113): Zend\Mvc\Controller\AbstractController->dispatch(Object(Zend\Http\PhpEnvironment\Request), Object(Zend\Http\PhpEnvironment\Response))
#11 [internal function]: Zend\Mvc\DispatchListener->onDispatch(Object(Zend\Mvc\MvcEvent))
#12 I:\htdocs\cms-ir\vendor\zendframework\zendframework\library\Zend\EventManager\EventManager.php(468): call_user_func(Array, Object(Zend\Mvc\MvcEvent))
#13 I:\htdocs\cms-ir\vendor\zendframework\zendframework\library\Zend\EventManager\EventManager.php(207): Zend\EventManager\EventManager->triggerListeners('dispatch', Object(Zend\Mvc\MvcEvent), Object(Closure))
#14 I:\htdocs\cms-ir\vendor\zendframework\zendframework\library\Zend\Mvc\Application.php(313): Zend\EventManager\EventManager->trigger('dispatch', Object(Zend\Mvc\MvcEvent), Object(Closure))
#15 I:\htdocs\cms-ir\public\index.php(17): Zend\Mvc\Application->run()
#16 {main}
2015-04-10T18:48:38+02:00 CRIT (2): exception 'PDOException' with message 'SQLSTATE[42S02]: Base table or view not found: 1146 Table 'cms-ir.cms_dictionary' doesn't exist' in I:\htdocs\cms-ir\vendor\zendframework\zendframework\library\Zend\Db\Adapter\Driver\Pdo\Statement.php:239
Stack trace:
#0 I:\htdocs\cms-ir\vendor\zendframework\zendframework\library\Zend\Db\Adapter\Driver\Pdo\Statement.php(239): PDOStatement->execute()
#1 I:\htdocs\cms-ir\vendor\zendframework\zendframework\library\Zend\Db\TableGateway\AbstractTableGateway.php(233): Zend\Db\Adapter\Driver\Pdo\Statement->execute()
#2 I:\htdocs\cms-ir\vendor\zendframework\zendframework\library\Zend\Db\TableGateway\AbstractTableGateway.php(208): Zend\Db\TableGateway\AbstractTableGateway->executeSelect(Object(Zend\Db\Sql\Select))
#3 I:\htdocs\cms-ir\vendor\cms-ir\cms-ir\src\CmsIr\System\src\System\Model\ModelTable.php(54): Zend\Db\TableGateway\AbstractTableGateway->selectWith(Object(Zend\Db\Sql\Select))
#4 I:\htdocs\cms-ir\vendor\cms-ir\cms-ir\src\CmsIr\Dictionary\src\Dictionary\Model\DictionaryTable.php(61): CmsIr\System\Model\ModelTable->getBy(Array)
#5 I:\htdocs\cms-ir\vendor\cms-ir\cms-ir\src\CmsIr\Dictionary\src\Dictionary\Controller\DictionaryController.php(24): CmsIr\Dictionary\Model\DictionaryTable->getDictionaryDatatables(Array, Object(Zend\Stdlib\Parameters), 'position', NULL)
#6 I:\htdocs\cms-ir\vendor\zendframework\zendframework\library\Zend\Mvc\Controller\AbstractActionController.php(83): CmsIr\Dictionary\Controller\DictionaryController->listAction()
#7 [internal function]: Zend\Mvc\Controller\AbstractActionController->onDispatch(Object(Zend\Mvc\MvcEvent))
#8 I:\htdocs\cms-ir\vendor\zendframework\zendframework\library\Zend\EventManager\EventManager.php(468): call_user_func(Array, Object(Zend\Mvc\MvcEvent))
#9 I:\htdocs\cms-ir\vendor\zendframework\zendframework\library\Zend\EventManager\EventManager.php(207): Zend\EventManager\EventManager->triggerListeners('dispatch', Object(Zend\Mvc\MvcEvent), Object(Closure))
#10 I:\htdocs\cms-ir\vendor\zendframework\zendframework\library\Zend\Mvc\Controller\AbstractController.php(116): Zend\EventManager\EventManager->trigger('dispatch', Object(Zend\Mvc\MvcEvent), Object(Closure))
#11 I:\htdocs\cms-ir\vendor\zendframework\zendframework\library\Zend\Mvc\DispatchListener.php(113): Zend\Mvc\Controller\AbstractController->dispatch(Object(Zend\Http\PhpEnvironment\Request), Object(Zend\Http\PhpEnvironment\Response))
#12 [internal function]: Zend\Mvc\DispatchListener->onDispatch(Object(Zend\Mvc\MvcEvent))
#13 I:\htdocs\cms-ir\vendor\zendframework\zendframework\library\Zend\EventManager\EventManager.php(468): call_user_func(Array, Object(Zend\Mvc\MvcEvent))
#14 I:\htdocs\cms-ir\vendor\zendframework\zendframework\library\Zend\EventManager\EventManager.php(207): Zend\EventManager\EventManager->triggerListeners('dispatch', Object(Zend\Mvc\MvcEvent), Object(Closure))
#15 I:\htdocs\cms-ir\vendor\zendframework\zendframework\library\Zend\Mvc\Application.php(313): Zend\EventManager\EventManager->trigger('dispatch', Object(Zend\Mvc\MvcEvent), Object(Closure))
#16 I:\htdocs\cms-ir\public\index.php(17): Zend\Mvc\Application->run()
#17 {main}

Next exception 'Zend\Db\Adapter\Exception\InvalidQueryException' with message 'Statement could not be executed (42S02 - 1146 - Table 'cms-ir.cms_dictionary' doesn't exist)' in I:\htdocs\cms-ir\vendor\zendframework\zendframework\library\Zend\Db\Adapter\Driver\Pdo\Statement.php:244
Stack trace:
#0 I:\htdocs\cms-ir\vendor\zendframework\zendframework\library\Zend\Db\TableGateway\AbstractTableGateway.php(233): Zend\Db\Adapter\Driver\Pdo\Statement->execute()
#1 I:\htdocs\cms-ir\vendor\zendframework\zendframework\library\Zend\Db\TableGateway\AbstractTableGateway.php(208): Zend\Db\TableGateway\AbstractTableGateway->executeSelect(Object(Zend\Db\Sql\Select))
#2 I:\htdocs\cms-ir\vendor\cms-ir\cms-ir\src\CmsIr\System\src\System\Model\ModelTable.php(54): Zend\Db\TableGateway\AbstractTableGateway->selectWith(Object(Zend\Db\Sql\Select))
#3 I:\htdocs\cms-ir\vendor\cms-ir\cms-ir\src\CmsIr\Dictionary\src\Dictionary\Model\DictionaryTable.php(61): CmsIr\System\Model\ModelTable->getBy(Array)
#4 I:\htdocs\cms-ir\vendor\cms-ir\cms-ir\src\CmsIr\Dictionary\src\Dictionary\Controller\DictionaryController.php(24): CmsIr\Dictionary\Model\DictionaryTable->getDictionaryDatatables(Array, Object(Zend\Stdlib\Parameters), 'position', NULL)
#5 I:\htdocs\cms-ir\vendor\zendframework\zendframework\library\Zend\Mvc\Controller\AbstractActionController.php(83): CmsIr\Dictionary\Controller\DictionaryController->listAction()
#6 [internal function]: Zend\Mvc\Controller\AbstractActionController->onDispatch(Object(Zend\Mvc\MvcEvent))
#7 I:\htdocs\cms-ir\vendor\zendframework\zendframework\library\Zend\EventManager\EventManager.php(468): call_user_func(Array, Object(Zend\Mvc\MvcEvent))
#8 I:\htdocs\cms-ir\vendor\zendframework\zendframework\library\Zend\EventManager\EventManager.php(207): Zend\EventManager\EventManager->triggerListeners('dispatch', Object(Zend\Mvc\MvcEvent), Object(Closure))
#9 I:\htdocs\cms-ir\vendor\zendframework\zendframework\library\Zend\Mvc\Controller\AbstractController.php(116): Zend\EventManager\EventManager->trigger('dispatch', Object(Zend\Mvc\MvcEvent), Object(Closure))
#10 I:\htdocs\cms-ir\vendor\zendframework\zendframework\library\Zend\Mvc\DispatchListener.php(113): Zend\Mvc\Controller\AbstractController->dispatch(Object(Zend\Http\PhpEnvironment\Request), Object(Zend\Http\PhpEnvironment\Response))
#11 [internal function]: Zend\Mvc\DispatchListener->onDispatch(Object(Zend\Mvc\MvcEvent))
#12 I:\htdocs\cms-ir\vendor\zendframework\zendframework\library\Zend\EventManager\EventManager.php(468): call_user_func(Array, Object(Zend\Mvc\MvcEvent))
#13 I:\htdocs\cms-ir\vendor\zendframework\zendframework\library\Zend\EventManager\EventManager.php(207): Zend\EventManager\EventManager->triggerListeners('dispatch', Object(Zend\Mvc\MvcEvent), Object(Closure))
#14 I:\htdocs\cms-ir\vendor\zendframework\zendframework\library\Zend\Mvc\Application.php(313): Zend\EventManager\EventManager->trigger('dispatch', Object(Zend\Mvc\MvcEvent), Object(Closure))
#15 I:\htdocs\cms-ir\public\index.php(17): Zend\Mvc\Application->run()
#16 {main}
2015-04-10T18:54:47+02:00 CRIT (2): exception 'PDOException' with message 'SQLSTATE[42S02]: Base table or view not found: 1146 Table 'cms-ir.cms_dictionary' doesn't exist' in I:\htdocs\cms-ir\vendor\zendframework\zendframework\library\Zend\Db\Adapter\Driver\Pdo\Statement.php:239
Stack trace:
#0 I:\htdocs\cms-ir\vendor\zendframework\zendframework\library\Zend\Db\Adapter\Driver\Pdo\Statement.php(239): PDOStatement->execute()
#1 I:\htdocs\cms-ir\vendor\zendframework\zendframework\library\Zend\Db\TableGateway\AbstractTableGateway.php(233): Zend\Db\Adapter\Driver\Pdo\Statement->execute()
#2 I:\htdocs\cms-ir\vendor\zendframework\zendframework\library\Zend\Db\TableGateway\AbstractTableGateway.php(208): Zend\Db\TableGateway\AbstractTableGateway->executeSelect(Object(Zend\Db\Sql\Select))
#3 I:\htdocs\cms-ir\vendor\cms-ir\cms-ir\src\CmsIr\System\src\System\Model\ModelTable.php(54): Zend\Db\TableGateway\AbstractTableGateway->selectWith(Object(Zend\Db\Sql\Select))
#4 I:\htdocs\cms-ir\vendor\cms-ir\cms-ir\src\CmsIr\Dictionary\src\Dictionary\Model\DictionaryTable.php(61): CmsIr\System\Model\ModelTable->getBy(Array)
#5 I:\htdocs\cms-ir\vendor\cms-ir\cms-ir\src\CmsIr\Dictionary\src\Dictionary\Controller\DictionaryController.php(24): CmsIr\Dictionary\Model\DictionaryTable->getDictionaryDatatables(Array, Object(Zend\Stdlib\Parameters), 'position', NULL)
#6 I:\htdocs\cms-ir\vendor\zendframework\zendframework\library\Zend\Mvc\Controller\AbstractActionController.php(83): CmsIr\Dictionary\Controller\DictionaryController->listAction()
#7 [internal function]: Zend\Mvc\Controller\AbstractActionController->onDispatch(Object(Zend\Mvc\MvcEvent))
#8 I:\htdocs\cms-ir\vendor\zendframework\zendframework\library\Zend\EventManager\EventManager.php(468): call_user_func(Array, Object(Zend\Mvc\MvcEvent))
#9 I:\htdocs\cms-ir\vendor\zendframework\zendframework\library\Zend\EventManager\EventManager.php(207): Zend\EventManager\EventManager->triggerListeners('dispatch', Object(Zend\Mvc\MvcEvent), Object(Closure))
#10 I:\htdocs\cms-ir\vendor\zendframework\zendframework\library\Zend\Mvc\Controller\AbstractController.php(116): Zend\EventManager\EventManager->trigger('dispatch', Object(Zend\Mvc\MvcEvent), Object(Closure))
#11 I:\htdocs\cms-ir\vendor\zendframework\zendframework\library\Zend\Mvc\DispatchListener.php(113): Zend\Mvc\Controller\AbstractController->dispatch(Object(Zend\Http\PhpEnvironment\Request), Object(Zend\Http\PhpEnvironment\Response))
#12 [internal function]: Zend\Mvc\DispatchListener->onDispatch(Object(Zend\Mvc\MvcEvent))
#13 I:\htdocs\cms-ir\vendor\zendframework\zendframework\library\Zend\EventManager\EventManager.php(468): call_user_func(Array, Object(Zend\Mvc\MvcEvent))
#14 I:\htdocs\cms-ir\vendor\zendframework\zendframework\library\Zend\EventManager\EventManager.php(207): Zend\EventManager\EventManager->triggerListeners('dispatch', Object(Zend\Mvc\MvcEvent), Object(Closure))
#15 I:\htdocs\cms-ir\vendor\zendframework\zendframework\library\Zend\Mvc\Application.php(313): Zend\EventManager\EventManager->trigger('dispatch', Object(Zend\Mvc\MvcEvent), Object(Closure))
#16 I:\htdocs\cms-ir\public\index.php(17): Zend\Mvc\Application->run()
#17 {main}

Next exception 'Zend\Db\Adapter\Exception\InvalidQueryException' with message 'Statement could not be executed (42S02 - 1146 - Table 'cms-ir.cms_dictionary' doesn't exist)' in I:\htdocs\cms-ir\vendor\zendframework\zendframework\library\Zend\Db\Adapter\Driver\Pdo\Statement.php:244
Stack trace:
#0 I:\htdocs\cms-ir\vendor\zendframework\zendframework\library\Zend\Db\TableGateway\AbstractTableGateway.php(233): Zend\Db\Adapter\Driver\Pdo\Statement->execute()
#1 I:\htdocs\cms-ir\vendor\zendframework\zendframework\library\Zend\Db\TableGateway\AbstractTableGateway.php(208): Zend\Db\TableGateway\AbstractTableGateway->executeSelect(Object(Zend\Db\Sql\Select))
#2 I:\htdocs\cms-ir\vendor\cms-ir\cms-ir\src\CmsIr\System\src\System\Model\ModelTable.php(54): Zend\Db\TableGateway\AbstractTableGateway->selectWith(Object(Zend\Db\Sql\Select))
#3 I:\htdocs\cms-ir\vendor\cms-ir\cms-ir\src\CmsIr\Dictionary\src\Dictionary\Model\DictionaryTable.php(61): CmsIr\System\Model\ModelTable->getBy(Array)
#4 I:\htdocs\cms-ir\vendor\cms-ir\cms-ir\src\CmsIr\Dictionary\src\Dictionary\Controller\DictionaryController.php(24): CmsIr\Dictionary\Model\DictionaryTable->getDictionaryDatatables(Array, Object(Zend\Stdlib\Parameters), 'position', NULL)
#5 I:\htdocs\cms-ir\vendor\zendframework\zendframework\library\Zend\Mvc\Controller\AbstractActionController.php(83): CmsIr\Dictionary\Controller\DictionaryController->listAction()
#6 [internal function]: Zend\Mvc\Controller\AbstractActionController->onDispatch(Object(Zend\Mvc\MvcEvent))
#7 I:\htdocs\cms-ir\vendor\zendframework\zendframework\library\Zend\EventManager\EventManager.php(468): call_user_func(Array, Object(Zend\Mvc\MvcEvent))
#8 I:\htdocs\cms-ir\vendor\zendframework\zendframework\library\Zend\EventManager\EventManager.php(207): Zend\EventManager\EventManager->triggerListeners('dispatch', Object(Zend\Mvc\MvcEvent), Object(Closure))
#9 I:\htdocs\cms-ir\vendor\zendframework\zendframework\library\Zend\Mvc\Controller\AbstractController.php(116): Zend\EventManager\EventManager->trigger('dispatch', Object(Zend\Mvc\MvcEvent), Object(Closure))
#10 I:\htdocs\cms-ir\vendor\zendframework\zendframework\library\Zend\Mvc\DispatchListener.php(113): Zend\Mvc\Controller\AbstractController->dispatch(Object(Zend\Http\PhpEnvironment\Request), Object(Zend\Http\PhpEnvironment\Response))
#11 [internal function]: Zend\Mvc\DispatchListener->onDispatch(Object(Zend\Mvc\MvcEvent))
#12 I:\htdocs\cms-ir\vendor\zendframework\zendframework\library\Zend\EventManager\EventManager.php(468): call_user_func(Array, Object(Zend\Mvc\MvcEvent))
#13 I:\htdocs\cms-ir\vendor\zendframework\zendframework\library\Zend\EventManager\EventManager.php(207): Zend\EventManager\EventManager->triggerListeners('dispatch', Object(Zend\Mvc\MvcEvent), Object(Closure))
#14 I:\htdocs\cms-ir\vendor\zendframework\zendframework\library\Zend\Mvc\Application.php(313): Zend\EventManager\EventManager->trigger('dispatch', Object(Zend\Mvc\MvcEvent), Object(Closure))
#15 I:\htdocs\cms-ir\public\index.php(17): Zend\Mvc\Application->run()
#16 {main}
2015-04-10T18:56:29+02:00 CRIT (2): exception 'PDOException' with message 'SQLSTATE[42S02]: Base table or view not found: 1146 Table 'cms-ir.cms_dictionary' doesn't exist' in I:\htdocs\cms-ir\vendor\zendframework\zendframework\library\Zend\Db\Adapter\Driver\Pdo\Statement.php:239
Stack trace:
#0 I:\htdocs\cms-ir\vendor\zendframework\zendframework\library\Zend\Db\Adapter\Driver\Pdo\Statement.php(239): PDOStatement->execute()
#1 I:\htdocs\cms-ir\vendor\zendframework\zendframework\library\Zend\Db\TableGateway\AbstractTableGateway.php(233): Zend\Db\Adapter\Driver\Pdo\Statement->execute()
#2 I:\htdocs\cms-ir\vendor\zendframework\zendframework\library\Zend\Db\TableGateway\AbstractTableGateway.php(208): Zend\Db\TableGateway\AbstractTableGateway->executeSelect(Object(Zend\Db\Sql\Select))
#3 I:\htdocs\cms-ir\vendor\cms-ir\cms-ir\src\CmsIr\System\src\System\Model\ModelTable.php(54): Zend\Db\TableGateway\AbstractTableGateway->selectWith(Object(Zend\Db\Sql\Select))
#4 I:\htdocs\cms-ir\vendor\cms-ir\cms-ir\src\CmsIr\Dictionary\src\Dictionary\Model\DictionaryTable.php(61): CmsIr\System\Model\ModelTable->getBy(Array)
#5 I:\htdocs\cms-ir\vendor\cms-ir\cms-ir\src\CmsIr\Dictionary\src\Dictionary\Controller\DictionaryController.php(24): CmsIr\Dictionary\Model\DictionaryTable->getDictionaryDatatables(Array, Object(Zend\Stdlib\Parameters), 'position', NULL)
#6 I:\htdocs\cms-ir\vendor\zendframework\zendframework\library\Zend\Mvc\Controller\AbstractActionController.php(83): CmsIr\Dictionary\Controller\DictionaryController->listAction()
#7 [internal function]: Zend\Mvc\Controller\AbstractActionController->onDispatch(Object(Zend\Mvc\MvcEvent))
#8 I:\htdocs\cms-ir\vendor\zendframework\zendframework\library\Zend\EventManager\EventManager.php(468): call_user_func(Array, Object(Zend\Mvc\MvcEvent))
#9 I:\htdocs\cms-ir\vendor\zendframework\zendframework\library\Zend\EventManager\EventManager.php(207): Zend\EventManager\EventManager->triggerListeners('dispatch', Object(Zend\Mvc\MvcEvent), Object(Closure))
#10 I:\htdocs\cms-ir\vendor\zendframework\zendframework\library\Zend\Mvc\Controller\AbstractController.php(116): Zend\EventManager\EventManager->trigger('dispatch', Object(Zend\Mvc\MvcEvent), Object(Closure))
#11 I:\htdocs\cms-ir\vendor\zendframework\zendframework\library\Zend\Mvc\DispatchListener.php(113): Zend\Mvc\Controller\AbstractController->dispatch(Object(Zend\Http\PhpEnvironment\Request), Object(Zend\Http\PhpEnvironment\Response))
#12 [internal function]: Zend\Mvc\DispatchListener->onDispatch(Object(Zend\Mvc\MvcEvent))
#13 I:\htdocs\cms-ir\vendor\zendframework\zendframework\library\Zend\EventManager\EventManager.php(468): call_user_func(Array, Object(Zend\Mvc\MvcEvent))
#14 I:\htdocs\cms-ir\vendor\zendframework\zendframework\library\Zend\EventManager\EventManager.php(207): Zend\EventManager\EventManager->triggerListeners('dispatch', Object(Zend\Mvc\MvcEvent), Object(Closure))
#15 I:\htdocs\cms-ir\vendor\zendframework\zendframework\library\Zend\Mvc\Application.php(313): Zend\EventManager\EventManager->trigger('dispatch', Object(Zend\Mvc\MvcEvent), Object(Closure))
#16 I:\htdocs\cms-ir\public\index.php(17): Zend\Mvc\Application->run()
#17 {main}

Next exception 'Zend\Db\Adapter\Exception\InvalidQueryException' with message 'Statement could not be executed (42S02 - 1146 - Table 'cms-ir.cms_dictionary' doesn't exist)' in I:\htdocs\cms-ir\vendor\zendframework\zendframework\library\Zend\Db\Adapter\Driver\Pdo\Statement.php:244
Stack trace:
#0 I:\htdocs\cms-ir\vendor\zendframework\zendframework\library\Zend\Db\TableGateway\AbstractTableGateway.php(233): Zend\Db\Adapter\Driver\Pdo\Statement->execute()
#1 I:\htdocs\cms-ir\vendor\zendframework\zendframework\library\Zend\Db\TableGateway\AbstractTableGateway.php(208): Zend\Db\TableGateway\AbstractTableGateway->executeSelect(Object(Zend\Db\Sql\Select))
#2 I:\htdocs\cms-ir\vendor\cms-ir\cms-ir\src\CmsIr\System\src\System\Model\ModelTable.php(54): Zend\Db\TableGateway\AbstractTableGateway->selectWith(Object(Zend\Db\Sql\Select))
#3 I:\htdocs\cms-ir\vendor\cms-ir\cms-ir\src\CmsIr\Dictionary\src\Dictionary\Model\DictionaryTable.php(61): CmsIr\System\Model\ModelTable->getBy(Array)
#4 I:\htdocs\cms-ir\vendor\cms-ir\cms-ir\src\CmsIr\Dictionary\src\Dictionary\Controller\DictionaryController.php(24): CmsIr\Dictionary\Model\DictionaryTable->getDictionaryDatatables(Array, Object(Zend\Stdlib\Parameters), 'position', NULL)
#5 I:\htdocs\cms-ir\vendor\zendframework\zendframework\library\Zend\Mvc\Controller\AbstractActionController.php(83): CmsIr\Dictionary\Controller\DictionaryController->listAction()
#6 [internal function]: Zend\Mvc\Controller\AbstractActionController->onDispatch(Object(Zend\Mvc\MvcEvent))
#7 I:\htdocs\cms-ir\vendor\zendframework\zendframework\library\Zend\EventManager\EventManager.php(468): call_user_func(Array, Object(Zend\Mvc\MvcEvent))
#8 I:\htdocs\cms-ir\vendor\zendframework\zendframework\library\Zend\EventManager\EventManager.php(207): Zend\EventManager\EventManager->triggerListeners('dispatch', Object(Zend\Mvc\MvcEvent), Object(Closure))
#9 I:\htdocs\cms-ir\vendor\zendframework\zendframework\library\Zend\Mvc\Controller\AbstractController.php(116): Zend\EventManager\EventManager->trigger('dispatch', Object(Zend\Mvc\MvcEvent), Object(Closure))
#10 I:\htdocs\cms-ir\vendor\zendframework\zendframework\library\Zend\Mvc\DispatchListener.php(113): Zend\Mvc\Controller\AbstractController->dispatch(Object(Zend\Http\PhpEnvironment\Request), Object(Zend\Http\PhpEnvironment\Response))
#11 [internal function]: Zend\Mvc\DispatchListener->onDispatch(Object(Zend\Mvc\MvcEvent))
#12 I:\htdocs\cms-ir\vendor\zendframework\zendframework\library\Zend\EventManager\EventManager.php(468): call_user_func(Array, Object(Zend\Mvc\MvcEvent))
#13 I:\htdocs\cms-ir\vendor\zendframework\zendframework\library\Zend\EventManager\EventManager.php(207): Zend\EventManager\EventManager->triggerListeners('dispatch', Object(Zend\Mvc\MvcEvent), Object(Closure))
#14 I:\htdocs\cms-ir\vendor\zendframework\zendframework\library\Zend\Mvc\Application.php(313): Zend\EventManager\EventManager->trigger('dispatch', Object(Zend\Mvc\MvcEvent), Object(Closure))
#15 I:\htdocs\cms-ir\public\index.php(17): Zend\Mvc\Application->run()
#16 {main}
2015-04-10T18:56:32+02:00 CRIT (2): exception 'PDOException' with message 'SQLSTATE[42S02]: Base table or view not found: 1146 Table 'cms-ir.cms_dictionary' doesn't exist' in I:\htdocs\cms-ir\vendor\zendframework\zendframework\library\Zend\Db\Adapter\Driver\Pdo\Statement.php:239
Stack trace:
#0 I:\htdocs\cms-ir\vendor\zendframework\zendframework\library\Zend\Db\Adapter\Driver\Pdo\Statement.php(239): PDOStatement->execute()
#1 I:\htdocs\cms-ir\vendor\zendframework\zendframework\library\Zend\Db\TableGateway\AbstractTableGateway.php(233): Zend\Db\Adapter\Driver\Pdo\Statement->execute()
#2 I:\htdocs\cms-ir\vendor\zendframework\zendframework\library\Zend\Db\TableGateway\AbstractTableGateway.php(208): Zend\Db\TableGateway\AbstractTableGateway->executeSelect(Object(Zend\Db\Sql\Select))
#3 I:\htdocs\cms-ir\vendor\cms-ir\cms-ir\src\CmsIr\System\src\System\Model\ModelTable.php(54): Zend\Db\TableGateway\AbstractTableGateway->selectWith(Object(Zend\Db\Sql\Select))
#4 I:\htdocs\cms-ir\vendor\cms-ir\cms-ir\src\CmsIr\Dictionary\src\Dictionary\Model\DictionaryTable.php(61): CmsIr\System\Model\ModelTable->getBy(Array)
#5 I:\htdocs\cms-ir\vendor\cms-ir\cms-ir\src\CmsIr\Dictionary\src\Dictionary\Controller\DictionaryController.php(24): CmsIr\Dictionary\Model\DictionaryTable->getDictionaryDatatables(Array, Object(Zend\Stdlib\Parameters), 'position', NULL)
#6 I:\htdocs\cms-ir\vendor\zendframework\zendframework\library\Zend\Mvc\Controller\AbstractActionController.php(83): CmsIr\Dictionary\Controller\DictionaryController->listAction()
#7 [internal function]: Zend\Mvc\Controller\AbstractActionController->onDispatch(Object(Zend\Mvc\MvcEvent))
#8 I:\htdocs\cms-ir\vendor\zendframework\zendframework\library\Zend\EventManager\EventManager.php(468): call_user_func(Array, Object(Zend\Mvc\MvcEvent))
#9 I:\htdocs\cms-ir\vendor\zendframework\zendframework\library\Zend\EventManager\EventManager.php(207): Zend\EventManager\EventManager->triggerListeners('dispatch', Object(Zend\Mvc\MvcEvent), Object(Closure))
#10 I:\htdocs\cms-ir\vendor\zendframework\zendframework\library\Zend\Mvc\Controller\AbstractController.php(116): Zend\EventManager\EventManager->trigger('dispatch', Object(Zend\Mvc\MvcEvent), Object(Closure))
#11 I:\htdocs\cms-ir\vendor\zendframework\zendframework\library\Zend\Mvc\DispatchListener.php(113): Zend\Mvc\Controller\AbstractController->dispatch(Object(Zend\Http\PhpEnvironment\Request), Object(Zend\Http\PhpEnvironment\Response))
#12 [internal function]: Zend\Mvc\DispatchListener->onDispatch(Object(Zend\Mvc\MvcEvent))
#13 I:\htdocs\cms-ir\vendor\zendframework\zendframework\library\Zend\EventManager\EventManager.php(468): call_user_func(Array, Object(Zend\Mvc\MvcEvent))
#14 I:\htdocs\cms-ir\vendor\zendframework\zendframework\library\Zend\EventManager\EventManager.php(207): Zend\EventManager\EventManager->triggerListeners('dispatch', Object(Zend\Mvc\MvcEvent), Object(Closure))
#15 I:\htdocs\cms-ir\vendor\zendframework\zendframework\library\Zend\Mvc\Application.php(313): Zend\EventManager\EventManager->trigger('dispatch', Object(Zend\Mvc\MvcEvent), Object(Closure))
#16 I:\htdocs\cms-ir\public\index.php(17): Zend\Mvc\Application->run()
#17 {main}

Next exception 'Zend\Db\Adapter\Exception\InvalidQueryException' with message 'Statement could not be executed (42S02 - 1146 - Table 'cms-ir.cms_dictionary' doesn't exist)' in I:\htdocs\cms-ir\vendor\zendframework\zendframework\library\Zend\Db\Adapter\Driver\Pdo\Statement.php:244
Stack trace:
#0 I:\htdocs\cms-ir\vendor\zendframework\zendframework\library\Zend\Db\TableGateway\AbstractTableGateway.php(233): Zend\Db\Adapter\Driver\Pdo\Statement->execute()
#1 I:\htdocs\cms-ir\vendor\zendframework\zendframework\library\Zend\Db\TableGateway\AbstractTableGateway.php(208): Zend\Db\TableGateway\AbstractTableGateway->executeSelect(Object(Zend\Db\Sql\Select))
#2 I:\htdocs\cms-ir\vendor\cms-ir\cms-ir\src\CmsIr\System\src\System\Model\ModelTable.php(54): Zend\Db\TableGateway\AbstractTableGateway->selectWith(Object(Zend\Db\Sql\Select))
#3 I:\htdocs\cms-ir\vendor\cms-ir\cms-ir\src\CmsIr\Dictionary\src\Dictionary\Model\DictionaryTable.php(61): CmsIr\System\Model\ModelTable->getBy(Array)
#4 I:\htdocs\cms-ir\vendor\cms-ir\cms-ir\src\CmsIr\Dictionary\src\Dictionary\Controller\DictionaryController.php(24): CmsIr\Dictionary\Model\DictionaryTable->getDictionaryDatatables(Array, Object(Zend\Stdlib\Parameters), 'position', NULL)
#5 I:\htdocs\cms-ir\vendor\zendframework\zendframework\library\Zend\Mvc\Controller\AbstractActionController.php(83): CmsIr\Dictionary\Controller\DictionaryController->listAction()
#6 [internal function]: Zend\Mvc\Controller\AbstractActionController->onDispatch(Object(Zend\Mvc\MvcEvent))
#7 I:\htdocs\cms-ir\vendor\zendframework\zendframework\library\Zend\EventManager\EventManager.php(468): call_user_func(Array, Object(Zend\Mvc\MvcEvent))
#8 I:\htdocs\cms-ir\vendor\zendframework\zendframework\library\Zend\EventManager\EventManager.php(207): Zend\EventManager\EventManager->triggerListeners('dispatch', Object(Zend\Mvc\MvcEvent), Object(Closure))
#9 I:\htdocs\cms-ir\vendor\zendframework\zendframework\library\Zend\Mvc\Controller\AbstractController.php(116): Zend\EventManager\EventManager->trigger('dispatch', Object(Zend\Mvc\MvcEvent), Object(Closure))
#10 I:\htdocs\cms-ir\vendor\zendframework\zendframework\library\Zend\Mvc\DispatchListener.php(113): Zend\Mvc\Controller\AbstractController->dispatch(Object(Zend\Http\PhpEnvironment\Request), Object(Zend\Http\PhpEnvironment\Response))
#11 [internal function]: Zend\Mvc\DispatchListener->onDispatch(Object(Zend\Mvc\MvcEvent))
#12 I:\htdocs\cms-ir\vendor\zendframework\zendframework\library\Zend\EventManager\EventManager.php(468): call_user_func(Array, Object(Zend\Mvc\MvcEvent))
#13 I:\htdocs\cms-ir\vendor\zendframework\zendframework\library\Zend\EventManager\EventManager.php(207): Zend\EventManager\EventManager->triggerListeners('dispatch', Object(Zend\Mvc\MvcEvent), Object(Closure))
#14 I:\htdocs\cms-ir\vendor\zendframework\zendframework\library\Zend\Mvc\Application.php(313): Zend\EventManager\EventManager->trigger('dispatch', Object(Zend\Mvc\MvcEvent), Object(Closure))
#15 I:\htdocs\cms-ir\public\index.php(17): Zend\Mvc\Application->run()
#16 {main}
2015-04-10T18:57:14+02:00 CRIT (2): exception 'PDOException' with message 'SQLSTATE[42S02]: Base table or view not found: 1146 Table 'cms-ir.cms_dictionary' doesn't exist' in I:\htdocs\cms-ir\vendor\zendframework\zendframework\library\Zend\Db\Adapter\Driver\Pdo\Statement.php:239
Stack trace:
#0 I:\htdocs\cms-ir\vendor\zendframework\zendframework\library\Zend\Db\Adapter\Driver\Pdo\Statement.php(239): PDOStatement->execute()
#1 I:\htdocs\cms-ir\vendor\zendframework\zendframework\library\Zend\Db\TableGateway\AbstractTableGateway.php(233): Zend\Db\Adapter\Driver\Pdo\Statement->execute()
#2 I:\htdocs\cms-ir\vendor\zendframework\zendframework\library\Zend\Db\TableGateway\AbstractTableGateway.php(208): Zend\Db\TableGateway\AbstractTableGateway->executeSelect(Object(Zend\Db\Sql\Select))
#3 I:\htdocs\cms-ir\vendor\cms-ir\cms-ir\src\CmsIr\System\src\System\Model\ModelTable.php(54): Zend\Db\TableGateway\AbstractTableGateway->selectWith(Object(Zend\Db\Sql\Select))
#4 I:\htdocs\cms-ir\vendor\cms-ir\cms-ir\src\CmsIr\Dictionary\src\Dictionary\Model\DictionaryTable.php(61): CmsIr\System\Model\ModelTable->getBy(Array)
#5 I:\htdocs\cms-ir\vendor\cms-ir\cms-ir\src\CmsIr\Dictionary\src\Dictionary\Controller\DictionaryController.php(24): CmsIr\Dictionary\Model\DictionaryTable->getDictionaryDatatables(Array, Object(Zend\Stdlib\Parameters), 'position')
#6 I:\htdocs\cms-ir\vendor\zendframework\zendframework\library\Zend\Mvc\Controller\AbstractActionController.php(83): CmsIr\Dictionary\Controller\DictionaryController->listAction()
#7 [internal function]: Zend\Mvc\Controller\AbstractActionController->onDispatch(Object(Zend\Mvc\MvcEvent))
#8 I:\htdocs\cms-ir\vendor\zendframework\zendframework\library\Zend\EventManager\EventManager.php(468): call_user_func(Array, Object(Zend\Mvc\MvcEvent))
#9 I:\htdocs\cms-ir\vendor\zendframework\zendframework\library\Zend\EventManager\EventManager.php(207): Zend\EventManager\EventManager->triggerListeners('dispatch', Object(Zend\Mvc\MvcEvent), Object(Closure))
#10 I:\htdocs\cms-ir\vendor\zendframework\zendframework\library\Zend\Mvc\Controller\AbstractController.php(116): Zend\EventManager\EventManager->trigger('dispatch', Object(Zend\Mvc\MvcEvent), Object(Closure))
#11 I:\htdocs\cms-ir\vendor\zendframework\zendframework\library\Zend\Mvc\DispatchListener.php(113): Zend\Mvc\Controller\AbstractController->dispatch(Object(Zend\Http\PhpEnvironment\Request), Object(Zend\Http\PhpEnvironment\Response))
#12 [internal function]: Zend\Mvc\DispatchListener->onDispatch(Object(Zend\Mvc\MvcEvent))
#13 I:\htdocs\cms-ir\vendor\zendframework\zendframework\library\Zend\EventManager\EventManager.php(468): call_user_func(Array, Object(Zend\Mvc\MvcEvent))
#14 I:\htdocs\cms-ir\vendor\zendframework\zendframework\library\Zend\EventManager\EventManager.php(207): Zend\EventManager\EventManager->triggerListeners('dispatch', Object(Zend\Mvc\MvcEvent), Object(Closure))
#15 I:\htdocs\cms-ir\vendor\zendframework\zendframework\library\Zend\Mvc\Application.php(313): Zend\EventManager\EventManager->trigger('dispatch', Object(Zend\Mvc\MvcEvent), Object(Closure))
#16 I:\htdocs\cms-ir\public\index.php(17): Zend\Mvc\Application->run()
#17 {main}

Next exception 'Zend\Db\Adapter\Exception\InvalidQueryException' with message 'Statement could not be executed (42S02 - 1146 - Table 'cms-ir.cms_dictionary' doesn't exist)' in I:\htdocs\cms-ir\vendor\zendframework\zendframework\library\Zend\Db\Adapter\Driver\Pdo\Statement.php:244
Stack trace:
#0 I:\htdocs\cms-ir\vendor\zendframework\zendframework\library\Zend\Db\TableGateway\AbstractTableGateway.php(233): Zend\Db\Adapter\Driver\Pdo\Statement->execute()
#1 I:\htdocs\cms-ir\vendor\zendframework\zendframework\library\Zend\Db\TableGateway\AbstractTableGateway.php(208): Zend\Db\TableGateway\AbstractTableGateway->executeSelect(Object(Zend\Db\Sql\Select))
#2 I:\htdocs\cms-ir\vendor\cms-ir\cms-ir\src\CmsIr\System\src\System\Model\ModelTable.php(54): Zend\Db\TableGateway\AbstractTableGateway->selectWith(Object(Zend\Db\Sql\Select))
#3 I:\htdocs\cms-ir\vendor\cms-ir\cms-ir\src\CmsIr\Dictionary\src\Dictionary\Model\DictionaryTable.php(61): CmsIr\System\Model\ModelTable->getBy(Array)
#4 I:\htdocs\cms-ir\vendor\cms-ir\cms-ir\src\CmsIr\Dictionary\src\Dictionary\Controller\DictionaryController.php(24): CmsIr\Dictionary\Model\DictionaryTable->getDictionaryDatatables(Array, Object(Zend\Stdlib\Parameters), 'position')
#5 I:\htdocs\cms-ir\vendor\zendframework\zendframework\library\Zend\Mvc\Controller\AbstractActionController.php(83): CmsIr\Dictionary\Controller\DictionaryController->listAction()
#6 [internal function]: Zend\Mvc\Controller\AbstractActionController->onDispatch(Object(Zend\Mvc\MvcEvent))
#7 I:\htdocs\cms-ir\vendor\zendframework\zendframework\library\Zend\EventManager\EventManager.php(468): call_user_func(Array, Object(Zend\Mvc\MvcEvent))
#8 I:\htdocs\cms-ir\vendor\zendframework\zendframework\library\Zend\EventManager\EventManager.php(207): Zend\EventManager\EventManager->triggerListeners('dispatch', Object(Zend\Mvc\MvcEvent), Object(Closure))
#9 I:\htdocs\cms-ir\vendor\zendframework\zendframework\library\Zend\Mvc\Controller\AbstractController.php(116): Zend\EventManager\EventManager->trigger('dispatch', Object(Zend\Mvc\MvcEvent), Object(Closure))
#10 I:\htdocs\cms-ir\vendor\zendframework\zendframework\library\Zend\Mvc\DispatchListener.php(113): Zend\Mvc\Controller\AbstractController->dispatch(Object(Zend\Http\PhpEnvironment\Request), Object(Zend\Http\PhpEnvironment\Response))
#11 [internal function]: Zend\Mvc\DispatchListener->onDispatch(Object(Zend\Mvc\MvcEvent))
#12 I:\htdocs\cms-ir\vendor\zendframework\zendframework\library\Zend\EventManager\EventManager.php(468): call_user_func(Array, Object(Zend\Mvc\MvcEvent))
#13 I:\htdocs\cms-ir\vendor\zendframework\zendframework\library\Zend\EventManager\EventManager.php(207): Zend\EventManager\EventManager->triggerListeners('dispatch', Object(Zend\Mvc\MvcEvent), Object(Closure))
#14 I:\htdocs\cms-ir\vendor\zendframework\zendframework\library\Zend\Mvc\Application.php(313): Zend\EventManager\EventManager->trigger('dispatch', Object(Zend\Mvc\MvcEvent), Object(Closure))
#15 I:\htdocs\cms-ir\public\index.php(17): Zend\Mvc\Application->run()
#16 {main}
2015-04-10T21:28:17+02:00 CRIT (2): exception 'Zend\Form\Exception\InvalidElementException' with message 'No element by the name of [filename-main] found in form' in I:\htdocs\cms-ir\vendor\zendframework\zendframework\library\Zend\Form\Fieldset.php:223
Stack trace:
#0 I:\htdocs\cms-ir\vendor\cms-ir\cms-ir\src\CmsIr\Post\view\cms-ir\post\create-post.phtml(7): Zend\Form\Fieldset->get('filename-main')
#1 I:\htdocs\cms-ir\vendor\zendframework\zendframework\library\Zend\View\Renderer\PhpRenderer.php(506): include('I:\\htdocs\\cms-i...')
#2 I:\htdocs\cms-ir\vendor\zendframework\zendframework\library\Zend\View\View.php(205): Zend\View\Renderer\PhpRenderer->render(Object(Zend\View\Model\ViewModel))
#3 I:\htdocs\cms-ir\vendor\zendframework\zendframework\library\Zend\View\View.php(233): Zend\View\View->render(Object(Zend\View\Model\ViewModel))
#4 I:\htdocs\cms-ir\vendor\zendframework\zendframework\library\Zend\View\View.php(198): Zend\View\View->renderChildren(Object(Zend\View\Model\ViewModel))
#5 I:\htdocs\cms-ir\vendor\zendframework\zendframework\library\Zend\Mvc\View\Http\DefaultRenderingStrategy.php(103): Zend\View\View->render(Object(Zend\View\Model\ViewModel))
#6 [internal function]: Zend\Mvc\View\Http\DefaultRenderingStrategy->render(Object(Zend\Mvc\MvcEvent))
#7 I:\htdocs\cms-ir\vendor\zendframework\zendframework\library\Zend\EventManager\EventManager.php(468): call_user_func(Array, Object(Zend\Mvc\MvcEvent))
#8 I:\htdocs\cms-ir\vendor\zendframework\zendframework\library\Zend\EventManager\EventManager.php(207): Zend\EventManager\EventManager->triggerListeners('render', Object(Zend\Mvc\MvcEvent), Array)
#9 I:\htdocs\cms-ir\vendor\zendframework\zendframework\library\Zend\Mvc\Application.php(352): Zend\EventManager\EventManager->trigger('render', Object(Zend\Mvc\MvcEvent))
#10 I:\htdocs\cms-ir\vendor\zendframework\zendframework\library\Zend\Mvc\Application.php(327): Zend\Mvc\Application->completeRequest(Object(Zend\Mvc\MvcEvent))
#11 I:\htdocs\cms-ir\public\index.php(17): Zend\Mvc\Application->run()
#12 {main}
2015-04-10T21:31:05+02:00 CRIT (2): exception 'PDOException' with message 'SQLSTATE[42S22]: Column not found: 1054 Unknown column 'date' in 'field list'' in I:\htdocs\cms-ir\vendor\zendframework\zendframework\library\Zend\Db\Adapter\Driver\Pdo\Statement.php:239
Stack trace:
#0 I:\htdocs\cms-ir\vendor\zendframework\zendframework\library\Zend\Db\Adapter\Driver\Pdo\Statement.php(239): PDOStatement->execute()
#1 I:\htdocs\cms-ir\vendor\zendframework\zendframework\library\Zend\Db\TableGateway\AbstractTableGateway.php(291): Zend\Db\Adapter\Driver\Pdo\Statement->execute()
#2 I:\htdocs\cms-ir\vendor\zendframework\zendframework\library\Zend\Db\TableGateway\AbstractTableGateway.php(258): Zend\Db\TableGateway\AbstractTableGateway->executeInsert(Object(Zend\Db\Sql\Insert))
#3 I:\htdocs\cms-ir\vendor\cms-ir\cms-ir\src\CmsIr\Post\src\Post\Model\PostTable.php(53): Zend\Db\TableGateway\AbstractTableGateway->insert(Array)
#4 I:\htdocs\cms-ir\vendor\cms-ir\cms-ir\src\CmsIr\Post\src\Post\Controller\PostController.php(76): CmsIr\Post\Model\PostTable->save(Object(CmsIr\Post\Model\Post))
#5 I:\htdocs\cms-ir\vendor\zendframework\zendframework\library\Zend\Mvc\Controller\AbstractActionController.php(83): CmsIr\Post\Controller\PostController->createPostAction()
#6 [internal function]: Zend\Mvc\Controller\AbstractActionController->onDispatch(Object(Zend\Mvc\MvcEvent))
#7 I:\htdocs\cms-ir\vendor\zendframework\zendframework\library\Zend\EventManager\EventManager.php(468): call_user_func(Array, Object(Zend\Mvc\MvcEvent))
#8 I:\htdocs\cms-ir\vendor\zendframework\zendframework\library\Zend\EventManager\EventManager.php(207): Zend\EventManager\EventManager->triggerListeners('dispatch', Object(Zend\Mvc\MvcEvent), Object(Closure))
#9 I:\htdocs\cms-ir\vendor\zendframework\zendframework\library\Zend\Mvc\Controller\AbstractController.php(116): Zend\EventManager\EventManager->trigger('dispatch', Object(Zend\Mvc\MvcEvent), Object(Closure))
#10 I:\htdocs\cms-ir\vendor\zendframework\zendframework\library\Zend\Mvc\DispatchListener.php(113): Zend\Mvc\Controller\AbstractController->dispatch(Object(Zend\Http\PhpEnvironment\Request), Object(Zend\Http\PhpEnvironment\Response))
#11 [internal function]: Zend\Mvc\DispatchListener->onDispatch(Object(Zend\Mvc\MvcEvent))
#12 I:\htdocs\cms-ir\vendor\zendframework\zendframework\library\Zend\EventManager\EventManager.php(468): call_user_func(Array, Object(Zend\Mvc\MvcEvent))
#13 I:\htdocs\cms-ir\vendor\zendframework\zendframework\library\Zend\EventManager\EventManager.php(207): Zend\EventManager\EventManager->triggerListeners('dispatch', Object(Zend\Mvc\MvcEvent), Object(Closure))
#14 I:\htdocs\cms-ir\vendor\zendframework\zendframework\library\Zend\Mvc\Application.php(313): Zend\EventManager\EventManager->trigger('dispatch', Object(Zend\Mvc\MvcEvent), Object(Closure))
#15 I:\htdocs\cms-ir\public\index.php(17): Zend\Mvc\Application->run()
#16 {main}

Next exception 'Zend\Db\Adapter\Exception\InvalidQueryException' with message 'Statement could not be executed (42S22 - 1054 - Unknown column 'date' in 'field list')' in I:\htdocs\cms-ir\vendor\zendframework\zendframework\library\Zend\Db\Adapter\Driver\Pdo\Statement.php:244
Stack trace:
#0 I:\htdocs\cms-ir\vendor\zendframework\zendframework\library\Zend\Db\TableGateway\AbstractTableGateway.php(291): Zend\Db\Adapter\Driver\Pdo\Statement->execute()
#1 I:\htdocs\cms-ir\vendor\zendframework\zendframework\library\Zend\Db\TableGateway\AbstractTableGateway.php(258): Zend\Db\TableGateway\AbstractTableGateway->executeInsert(Object(Zend\Db\Sql\Insert))
#2 I:\htdocs\cms-ir\vendor\cms-ir\cms-ir\src\CmsIr\Post\src\Post\Model\PostTable.php(53): Zend\Db\TableGateway\AbstractTableGateway->insert(Array)
#3 I:\htdocs\cms-ir\vendor\cms-ir\cms-ir\src\CmsIr\Post\src\Post\Controller\PostController.php(76): CmsIr\Post\Model\PostTable->save(Object(CmsIr\Post\Model\Post))
#4 I:\htdocs\cms-ir\vendor\zendframework\zendframework\library\Zend\Mvc\Controller\AbstractActionController.php(83): CmsIr\Post\Controller\PostController->createPostAction()
#5 [internal function]: Zend\Mvc\Controller\AbstractActionController->onDispatch(Object(Zend\Mvc\MvcEvent))
#6 I:\htdocs\cms-ir\vendor\zendframework\zendframework\library\Zend\EventManager\EventManager.php(468): call_user_func(Array, Object(Zend\Mvc\MvcEvent))
#7 I:\htdocs\cms-ir\vendor\zendframework\zendframework\library\Zend\EventManager\EventManager.php(207): Zend\EventManager\EventManager->triggerListeners('dispatch', Object(Zend\Mvc\MvcEvent), Object(Closure))
#8 I:\htdocs\cms-ir\vendor\zendframework\zendframework\library\Zend\Mvc\Controller\AbstractController.php(116): Zend\EventManager\EventManager->trigger('dispatch', Object(Zend\Mvc\MvcEvent), Object(Closure))
#9 I:\htdocs\cms-ir\vendor\zendframework\zendframework\library\Zend\Mvc\DispatchListener.php(113): Zend\Mvc\Controller\AbstractController->dispatch(Object(Zend\Http\PhpEnvironment\Request), Object(Zend\Http\PhpEnvironment\Response))
#10 [internal function]: Zend\Mvc\DispatchListener->onDispatch(Object(Zend\Mvc\MvcEvent))
#11 I:\htdocs\cms-ir\vendor\zendframework\zendframework\library\Zend\EventManager\EventManager.php(468): call_user_func(Array, Object(Zend\Mvc\MvcEvent))
#12 I:\htdocs\cms-ir\vendor\zendframework\zendframework\library\Zend\EventManager\EventManager.php(207): Zend\EventManager\EventManager->triggerListeners('dispatch', Object(Zend\Mvc\MvcEvent), Object(Closure))
#13 I:\htdocs\cms-ir\vendor\zendframework\zendframework\library\Zend\Mvc\Application.php(313): Zend\EventManager\EventManager->trigger('dispatch', Object(Zend\Mvc\MvcEvent), Object(Closure))
#14 I:\htdocs\cms-ir\public\index.php(17): Zend\Mvc\Application->run()
#15 {main}
2015-04-10T21:31:22+02:00 CRIT (2): exception 'PDOException' with message 'SQLSTATE[42S22]: Column not found: 1054 Unknown column 'date' in 'field list'' in I:\htdocs\cms-ir\vendor\zendframework\zendframework\library\Zend\Db\Adapter\Driver\Pdo\Statement.php:239
Stack trace:
#0 I:\htdocs\cms-ir\vendor\zendframework\zendframework\library\Zend\Db\Adapter\Driver\Pdo\Statement.php(239): PDOStatement->execute()
#1 I:\htdocs\cms-ir\vendor\zendframework\zendframework\library\Zend\Db\TableGateway\AbstractTableGateway.php(291): Zend\Db\Adapter\Driver\Pdo\Statement->execute()
#2 I:\htdocs\cms-ir\vendor\zendframework\zendframework\library\Zend\Db\TableGateway\AbstractTableGateway.php(258): Zend\Db\TableGateway\AbstractTableGateway->executeInsert(Object(Zend\Db\Sql\Insert))
#3 I:\htdocs\cms-ir\vendor\cms-ir\cms-ir\src\CmsIr\Post\src\Post\Model\PostTable.php(53): Zend\Db\TableGateway\AbstractTableGateway->insert(Array)
#4 I:\htdocs\cms-ir\vendor\cms-ir\cms-ir\src\CmsIr\Post\src\Post\Controller\PostController.php(76): CmsIr\Post\Model\PostTable->save(Object(CmsIr\Post\Model\Post))
#5 I:\htdocs\cms-ir\vendor\zendframework\zendframework\library\Zend\Mvc\Controller\AbstractActionController.php(83): CmsIr\Post\Controller\PostController->createPostAction()
#6 [internal function]: Zend\Mvc\Controller\AbstractActionController->onDispatch(Object(Zend\Mvc\MvcEvent))
#7 I:\htdocs\cms-ir\vendor\zendframework\zendframework\library\Zend\EventManager\EventManager.php(468): call_user_func(Array, Object(Zend\Mvc\MvcEvent))
#8 I:\htdocs\cms-ir\vendor\zendframework\zendframework\library\Zend\EventManager\EventManager.php(207): Zend\EventManager\EventManager->triggerListeners('dispatch', Object(Zend\Mvc\MvcEvent), Object(Closure))
#9 I:\htdocs\cms-ir\vendor\zendframework\zendframework\library\Zend\Mvc\Controller\AbstractController.php(116): Zend\EventManager\EventManager->trigger('dispatch', Object(Zend\Mvc\MvcEvent), Object(Closure))
#10 I:\htdocs\cms-ir\vendor\zendframework\zendframework\library\Zend\Mvc\DispatchListener.php(113): Zend\Mvc\Controller\AbstractController->dispatch(Object(Zend\Http\PhpEnvironment\Request), Object(Zend\Http\PhpEnvironment\Response))
#11 [internal function]: Zend\Mvc\DispatchListener->onDispatch(Object(Zend\Mvc\MvcEvent))
#12 I:\htdocs\cms-ir\vendor\zendframework\zendframework\library\Zend\EventManager\EventManager.php(468): call_user_func(Array, Object(Zend\Mvc\MvcEvent))
#13 I:\htdocs\cms-ir\vendor\zendframework\zendframework\library\Zend\EventManager\EventManager.php(207): Zend\EventManager\EventManager->triggerListeners('dispatch', Object(Zend\Mvc\MvcEvent), Object(Closure))
#14 I:\htdocs\cms-ir\vendor\zendframework\zendframework\library\Zend\Mvc\Application.php(313): Zend\EventManager\EventManager->trigger('dispatch', Object(Zend\Mvc\MvcEvent), Object(Closure))
#15 I:\htdocs\cms-ir\public\index.php(17): Zend\Mvc\Application->run()
#16 {main}

Next exception 'Zend\Db\Adapter\Exception\InvalidQueryException' with message 'Statement could not be executed (42S22 - 1054 - Unknown column 'date' in 'field list')' in I:\htdocs\cms-ir\vendor\zendframework\zendframework\library\Zend\Db\Adapter\Driver\Pdo\Statement.php:244
Stack trace:
#0 I:\htdocs\cms-ir\vendor\zendframework\zendframework\library\Zend\Db\TableGateway\AbstractTableGateway.php(291): Zend\Db\Adapter\Driver\Pdo\Statement->execute()
#1 I:\htdocs\cms-ir\vendor\zendframework\zendframework\library\Zend\Db\TableGateway\AbstractTableGateway.php(258): Zend\Db\TableGateway\AbstractTableGateway->executeInsert(Object(Zend\Db\Sql\Insert))
#2 I:\htdocs\cms-ir\vendor\cms-ir\cms-ir\src\CmsIr\Post\src\Post\Model\PostTable.php(53): Zend\Db\TableGateway\AbstractTableGateway->insert(Array)
#3 I:\htdocs\cms-ir\vendor\cms-ir\cms-ir\src\CmsIr\Post\src\Post\Controller\PostController.php(76): CmsIr\Post\Model\PostTable->save(Object(CmsIr\Post\Model\Post))
#4 I:\htdocs\cms-ir\vendor\zendframework\zendframework\library\Zend\Mvc\Controller\AbstractActionController.php(83): CmsIr\Post\Controller\PostController->createPostAction()
#5 [internal function]: Zend\Mvc\Controller\AbstractActionController->onDispatch(Object(Zend\Mvc\MvcEvent))
#6 I:\htdocs\cms-ir\vendor\zendframework\zendframework\library\Zend\EventManager\EventManager.php(468): call_user_func(Array, Object(Zend\Mvc\MvcEvent))
#7 I:\htdocs\cms-ir\vendor\zendframework\zendframework\library\Zend\EventManager\EventManager.php(207): Zend\EventManager\EventManager->triggerListeners('dispatch', Object(Zend\Mvc\MvcEvent), Object(Closure))
#8 I:\htdocs\cms-ir\vendor\zendframework\zendframework\library\Zend\Mvc\Controller\AbstractController.php(116): Zend\EventManager\EventManager->trigger('dispatch', Object(Zend\Mvc\MvcEvent), Object(Closure))
#9 I:\htdocs\cms-ir\vendor\zendframework\zendframework\library\Zend\Mvc\DispatchListener.php(113): Zend\Mvc\Controller\AbstractController->dispatch(Object(Zend\Http\PhpEnvironment\Request), Object(Zend\Http\PhpEnvironment\Response))
#10 [internal function]: Zend\Mvc\DispatchListener->onDispatch(Object(Zend\Mvc\MvcEvent))
#11 I:\htdocs\cms-ir\vendor\zendframework\zendframework\library\Zend\EventManager\EventManager.php(468): call_user_func(Array, Object(Zend\Mvc\MvcEvent))
#12 I:\htdocs\cms-ir\vendor\zendframework\zendframework\library\Zend\EventManager\EventManager.php(207): Zend\EventManager\EventManager->triggerListeners('dispatch', Object(Zend\Mvc\MvcEvent), Object(Closure))
#13 I:\htdocs\cms-ir\vendor\zendframework\zendframework\library\Zend\Mvc\Application.php(313): Zend\EventManager\EventManager->trigger('dispatch', Object(Zend\Mvc\MvcEvent), Object(Closure))
#14 I:\htdocs\cms-ir\public\index.php(17): Zend\Mvc\Application->run()
#15 {main}
2015-04-10T21:33:06+02:00 CRIT (2): exception 'PDOException' with message 'SQLSTATE[42S22]: Column not found: 1054 Unknown column 'date' in 'field list'' in I:\htdocs\cms-ir\vendor\zendframework\zendframework\library\Zend\Db\Adapter\Driver\Pdo\Statement.php:239
Stack trace:
#0 I:\htdocs\cms-ir\vendor\zendframework\zendframework\library\Zend\Db\Adapter\Driver\Pdo\Statement.php(239): PDOStatement->execute()
#1 I:\htdocs\cms-ir\vendor\zendframework\zendframework\library\Zend\Db\TableGateway\AbstractTableGateway.php(291): Zend\Db\Adapter\Driver\Pdo\Statement->execute()
#2 I:\htdocs\cms-ir\vendor\zendframework\zendframework\library\Zend\Db\TableGateway\AbstractTableGateway.php(258): Zend\Db\TableGateway\AbstractTableGateway->executeInsert(Object(Zend\Db\Sql\Insert))
#3 I:\htdocs\cms-ir\vendor\cms-ir\cms-ir\src\CmsIr\Post\src\Post\Model\PostTable.php(53): Zend\Db\TableGateway\AbstractTableGateway->insert(Array)
#4 I:\htdocs\cms-ir\vendor\cms-ir\cms-ir\src\CmsIr\Post\src\Post\Controller\PostController.php(76): CmsIr\Post\Model\PostTable->save(Object(CmsIr\Post\Model\Post))
#5 I:\htdocs\cms-ir\vendor\zendframework\zendframework\library\Zend\Mvc\Controller\AbstractActionController.php(83): CmsIr\Post\Controller\PostController->createPostAction()
#6 [internal function]: Zend\Mvc\Controller\AbstractActionController->onDispatch(Object(Zend\Mvc\MvcEvent))
#7 I:\htdocs\cms-ir\vendor\zendframework\zendframework\library\Zend\EventManager\EventManager.php(468): call_user_func(Array, Object(Zend\Mvc\MvcEvent))
#8 I:\htdocs\cms-ir\vendor\zendframework\zendframework\library\Zend\EventManager\EventManager.php(207): Zend\EventManager\EventManager->triggerListeners('dispatch', Object(Zend\Mvc\MvcEvent), Object(Closure))
#9 I:\htdocs\cms-ir\vendor\zendframework\zendframework\library\Zend\Mvc\Controller\AbstractController.php(116): Zend\EventManager\EventManager->trigger('dispatch', Object(Zend\Mvc\MvcEvent), Object(Closure))
#10 I:\htdocs\cms-ir\vendor\zendframework\zendframework\library\Zend\Mvc\DispatchListener.php(113): Zend\Mvc\Controller\AbstractController->dispatch(Object(Zend\Http\PhpEnvironment\Request), Object(Zend\Http\PhpEnvironment\Response))
#11 [internal function]: Zend\Mvc\DispatchListener->onDispatch(Object(Zend\Mvc\MvcEvent))
#12 I:\htdocs\cms-ir\vendor\zendframework\zendframework\library\Zend\EventManager\EventManager.php(468): call_user_func(Array, Object(Zend\Mvc\MvcEvent))
#13 I:\htdocs\cms-ir\vendor\zendframework\zendframework\library\Zend\EventManager\EventManager.php(207): Zend\EventManager\EventManager->triggerListeners('dispatch', Object(Zend\Mvc\MvcEvent), Object(Closure))
#14 I:\htdocs\cms-ir\vendor\zendframework\zendframework\library\Zend\Mvc\Application.php(313): Zend\EventManager\EventManager->trigger('dispatch', Object(Zend\Mvc\MvcEvent), Object(Closure))
#15 I:\htdocs\cms-ir\public\index.php(17): Zend\Mvc\Application->run()
#16 {main}

Next exception 'Zend\Db\Adapter\Exception\InvalidQueryException' with message 'Statement could not be executed (42S22 - 1054 - Unknown column 'date' in 'field list')' in I:\htdocs\cms-ir\vendor\zendframework\zendframework\library\Zend\Db\Adapter\Driver\Pdo\Statement.php:244
Stack trace:
#0 I:\htdocs\cms-ir\vendor\zendframework\zendframework\library\Zend\Db\TableGateway\AbstractTableGateway.php(291): Zend\Db\Adapter\Driver\Pdo\Statement->execute()
#1 I:\htdocs\cms-ir\vendor\zendframework\zendframework\library\Zend\Db\TableGateway\AbstractTableGateway.php(258): Zend\Db\TableGateway\AbstractTableGateway->executeInsert(Object(Zend\Db\Sql\Insert))
#2 I:\htdocs\cms-ir\vendor\cms-ir\cms-ir\src\CmsIr\Post\src\Post\Model\PostTable.php(53): Zend\Db\TableGateway\AbstractTableGateway->insert(Array)
#3 I:\htdocs\cms-ir\vendor\cms-ir\cms-ir\src\CmsIr\Post\src\Post\Controller\PostController.php(76): CmsIr\Post\Model\PostTable->save(Object(CmsIr\Post\Model\Post))
#4 I:\htdocs\cms-ir\vendor\zendframework\zendframework\library\Zend\Mvc\Controller\AbstractActionController.php(83): CmsIr\Post\Controller\PostController->createPostAction()
#5 [internal function]: Zend\Mvc\Controller\AbstractActionController->onDispatch(Object(Zend\Mvc\MvcEvent))
#6 I:\htdocs\cms-ir\vendor\zendframework\zendframework\library\Zend\EventManager\EventManager.php(468): call_user_func(Array, Object(Zend\Mvc\MvcEvent))
#7 I:\htdocs\cms-ir\vendor\zendframework\zendframework\library\Zend\EventManager\EventManager.php(207): Zend\EventManager\EventManager->triggerListeners('dispatch', Object(Zend\Mvc\MvcEvent), Object(Closure))
#8 I:\htdocs\cms-ir\vendor\zendframework\zendframework\library\Zend\Mvc\Controller\AbstractController.php(116): Zend\EventManager\EventManager->trigger('dispatch', Object(Zend\Mvc\MvcEvent), Object(Closure))
#9 I:\htdocs\cms-ir\vendor\zendframework\zendframework\library\Zend\Mvc\DispatchListener.php(113): Zend\Mvc\Controller\AbstractController->dispatch(Object(Zend\Http\PhpEnvironment\Request), Object(Zend\Http\PhpEnvironment\Response))
#10 [internal function]: Zend\Mvc\DispatchListener->onDispatch(Object(Zend\Mvc\MvcEvent))
#11 I:\htdocs\cms-ir\vendor\zendframework\zendframework\library\Zend\EventManager\EventManager.php(468): call_user_func(Array, Object(Zend\Mvc\MvcEvent))
#12 I:\htdocs\cms-ir\vendor\zendframework\zendframework\library\Zend\EventManager\EventManager.php(207): Zend\EventManager\EventManager->triggerListeners('dispatch', Object(Zend\Mvc\MvcEvent), Object(Closure))
#13 I:\htdocs\cms-ir\vendor\zendframework\zendframework\library\Zend\Mvc\Application.php(313): Zend\EventManager\EventManager->trigger('dispatch', Object(Zend\Mvc\MvcEvent), Object(Closure))
#14 I:\htdocs\cms-ir\public\index.php(17): Zend\Mvc\Application->run()
#15 {main}
2015-04-10T21:34:41+02:00 CRIT (2): exception 'PDOException' with message 'SQLSTATE[42S22]: Column not found: 1054 Unknown column 'date' in 'field list'' in I:\htdocs\cms-ir\vendor\zendframework\zendframework\library\Zend\Db\Adapter\Driver\Pdo\Statement.php:239
Stack trace:
#0 I:\htdocs\cms-ir\vendor\zendframework\zendframework\library\Zend\Db\Adapter\Driver\Pdo\Statement.php(239): PDOStatement->execute()
#1 I:\htdocs\cms-ir\vendor\zendframework\zendframework\library\Zend\Db\TableGateway\AbstractTableGateway.php(291): Zend\Db\Adapter\Driver\Pdo\Statement->execute()
#2 I:\htdocs\cms-ir\vendor\zendframework\zendframework\library\Zend\Db\TableGateway\AbstractTableGateway.php(258): Zend\Db\TableGateway\AbstractTableGateway->executeInsert(Object(Zend\Db\Sql\Insert))
#3 I:\htdocs\cms-ir\vendor\cms-ir\cms-ir\src\CmsIr\Post\src\Post\Model\PostTable.php(53): Zend\Db\TableGateway\AbstractTableGateway->insert(Array)
#4 I:\htdocs\cms-ir\vendor\cms-ir\cms-ir\src\CmsIr\Post\src\Post\Controller\PostController.php(76): CmsIr\Post\Model\PostTable->save(Object(CmsIr\Post\Model\Post))
#5 I:\htdocs\cms-ir\vendor\zendframework\zendframework\library\Zend\Mvc\Controller\AbstractActionController.php(83): CmsIr\Post\Controller\PostController->createPostAction()
#6 [internal function]: Zend\Mvc\Controller\AbstractActionController->onDispatch(Object(Zend\Mvc\MvcEvent))
#7 I:\htdocs\cms-ir\vendor\zendframework\zendframework\library\Zend\EventManager\EventManager.php(468): call_user_func(Array, Object(Zend\Mvc\MvcEvent))
#8 I:\htdocs\cms-ir\vendor\zendframework\zendframework\library\Zend\EventManager\EventManager.php(207): Zend\EventManager\EventManager->triggerListeners('dispatch', Object(Zend\Mvc\MvcEvent), Object(Closure))
#9 I:\htdocs\cms-ir\vendor\zendframework\zendframework\library\Zend\Mvc\Controller\AbstractController.php(116): Zend\EventManager\EventManager->trigger('dispatch', Object(Zend\Mvc\MvcEvent), Object(Closure))
#10 I:\htdocs\cms-ir\vendor\zendframework\zendframework\library\Zend\Mvc\DispatchListener.php(113): Zend\Mvc\Controller\AbstractController->dispatch(Object(Zend\Http\PhpEnvironment\Request), Object(Zend\Http\PhpEnvironment\Response))
#11 [internal function]: Zend\Mvc\DispatchListener->onDispatch(Object(Zend\Mvc\MvcEvent))
#12 I:\htdocs\cms-ir\vendor\zendframework\zendframework\library\Zend\EventManager\EventManager.php(468): call_user_func(Array, Object(Zend\Mvc\MvcEvent))
#13 I:\htdocs\cms-ir\vendor\zendframework\zendframework\library\Zend\EventManager\EventManager.php(207): Zend\EventManager\EventManager->triggerListeners('dispatch', Object(Zend\Mvc\MvcEvent), Object(Closure))
#14 I:\htdocs\cms-ir\vendor\zendframework\zendframework\library\Zend\Mvc\Application.php(313): Zend\EventManager\EventManager->trigger('dispatch', Object(Zend\Mvc\MvcEvent), Object(Closure))
#15 I:\htdocs\cms-ir\public\index.php(17): Zend\Mvc\Application->run()
#16 {main}

Next exception 'Zend\Db\Adapter\Exception\InvalidQueryException' with message 'Statement could not be executed (42S22 - 1054 - Unknown column 'date' in 'field list')' in I:\htdocs\cms-ir\vendor\zendframework\zendframework\library\Zend\Db\Adapter\Driver\Pdo\Statement.php:244
Stack trace:
#0 I:\htdocs\cms-ir\vendor\zendframework\zendframework\library\Zend\Db\TableGateway\AbstractTableGateway.php(291): Zend\Db\Adapter\Driver\Pdo\Statement->execute()
#1 I:\htdocs\cms-ir\vendor\zendframework\zendframework\library\Zend\Db\TableGateway\AbstractTableGateway.php(258): Zend\Db\TableGateway\AbstractTableGateway->executeInsert(Object(Zend\Db\Sql\Insert))
#2 I:\htdocs\cms-ir\vendor\cms-ir\cms-ir\src\CmsIr\Post\src\Post\Model\PostTable.php(53): Zend\Db\TableGateway\AbstractTableGateway->insert(Array)
#3 I:\htdocs\cms-ir\vendor\cms-ir\cms-ir\src\CmsIr\Post\src\Post\Controller\PostController.php(76): CmsIr\Post\Model\PostTable->save(Object(CmsIr\Post\Model\Post))
#4 I:\htdocs\cms-ir\vendor\zendframework\zendframework\library\Zend\Mvc\Controller\AbstractActionController.php(83): CmsIr\Post\Controller\PostController->createPostAction()
#5 [internal function]: Zend\Mvc\Controller\AbstractActionController->onDispatch(Object(Zend\Mvc\MvcEvent))
#6 I:\htdocs\cms-ir\vendor\zendframework\zendframework\library\Zend\EventManager\EventManager.php(468): call_user_func(Array, Object(Zend\Mvc\MvcEvent))
#7 I:\htdocs\cms-ir\vendor\zendframework\zendframework\library\Zend\EventManager\EventManager.php(207): Zend\EventManager\EventManager->triggerListeners('dispatch', Object(Zend\Mvc\MvcEvent), Object(Closure))
#8 I:\htdocs\cms-ir\vendor\zendframework\zendframework\library\Zend\Mvc\Controller\AbstractController.php(116): Zend\EventManager\EventManager->trigger('dispatch', Object(Zend\Mvc\MvcEvent), Object(Closure))
#9 I:\htdocs\cms-ir\vendor\zendframework\zendframework\library\Zend\Mvc\DispatchListener.php(113): Zend\Mvc\Controller\AbstractController->dispatch(Object(Zend\Http\PhpEnvironment\Request), Object(Zend\Http\PhpEnvironment\Response))
#10 [internal function]: Zend\Mvc\DispatchListener->onDispatch(Object(Zend\Mvc\MvcEvent))
#11 I:\htdocs\cms-ir\vendor\zendframework\zendframework\library\Zend\EventManager\EventManager.php(468): call_user_func(Array, Object(Zend\Mvc\MvcEvent))
#12 I:\htdocs\cms-ir\vendor\zendframework\zendframework\library\Zend\EventManager\EventManager.php(207): Zend\EventManager\EventManager->triggerListeners('dispatch', Object(Zend\Mvc\MvcEvent), Object(Closure))
#13 I:\htdocs\cms-ir\vendor\zendframework\zendframework\library\Zend\Mvc\Application.php(313): Zend\EventManager\EventManager->trigger('dispatch', Object(Zend\Mvc\MvcEvent), Object(Closure))
#14 I:\htdocs\cms-ir\public\index.php(17): Zend\Mvc\Application->run()
#15 {main}
2015-04-10T21:44:58+02:00 CRIT (2): exception 'PDOException' with message 'SQLSTATE[42S22]: Column not found: 1054 Unknown column 'author_id' in 'field list'' in I:\htdocs\cms-ir\vendor\zendframework\zendframework\library\Zend\Db\Adapter\Driver\Pdo\Statement.php:239
Stack trace:
#0 I:\htdocs\cms-ir\vendor\zendframework\zendframework\library\Zend\Db\Adapter\Driver\Pdo\Statement.php(239): PDOStatement->execute()
#1 I:\htdocs\cms-ir\vendor\zendframework\zendframework\library\Zend\Db\TableGateway\AbstractTableGateway.php(291): Zend\Db\Adapter\Driver\Pdo\Statement->execute()
#2 I:\htdocs\cms-ir\vendor\zendframework\zendframework\library\Zend\Db\TableGateway\AbstractTableGateway.php(258): Zend\Db\TableGateway\AbstractTableGateway->executeInsert(Object(Zend\Db\Sql\Insert))
#3 I:\htdocs\cms-ir\vendor\cms-ir\cms-ir\src\CmsIr\Post\src\Post\Model\PostTable.php(53): Zend\Db\TableGateway\AbstractTableGateway->insert(Array)
#4 I:\htdocs\cms-ir\vendor\cms-ir\cms-ir\src\CmsIr\Post\src\Post\Controller\PostController.php(76): CmsIr\Post\Model\PostTable->save(Object(CmsIr\Post\Model\Post))
#5 I:\htdocs\cms-ir\vendor\zendframework\zendframework\library\Zend\Mvc\Controller\AbstractActionController.php(83): CmsIr\Post\Controller\PostController->createPostAction()
#6 [internal function]: Zend\Mvc\Controller\AbstractActionController->onDispatch(Object(Zend\Mvc\MvcEvent))
#7 I:\htdocs\cms-ir\vendor\zendframework\zendframework\library\Zend\EventManager\EventManager.php(468): call_user_func(Array, Object(Zend\Mvc\MvcEvent))
#8 I:\htdocs\cms-ir\vendor\zendframework\zendframework\library\Zend\EventManager\EventManager.php(207): Zend\EventManager\EventManager->triggerListeners('dispatch', Object(Zend\Mvc\MvcEvent), Object(Closure))
#9 I:\htdocs\cms-ir\vendor\zendframework\zendframework\library\Zend\Mvc\Controller\AbstractController.php(116): Zend\EventManager\EventManager->trigger('dispatch', Object(Zend\Mvc\MvcEvent), Object(Closure))
#10 I:\htdocs\cms-ir\vendor\zendframework\zendframework\library\Zend\Mvc\DispatchListener.php(113): Zend\Mvc\Controller\AbstractController->dispatch(Object(Zend\Http\PhpEnvironment\Request), Object(Zend\Http\PhpEnvironment\Response))
#11 [internal function]: Zend\Mvc\DispatchListener->onDispatch(Object(Zend\Mvc\MvcEvent))
#12 I:\htdocs\cms-ir\vendor\zendframework\zendframework\library\Zend\EventManager\EventManager.php(468): call_user_func(Array, Object(Zend\Mvc\MvcEvent))
#13 I:\htdocs\cms-ir\vendor\zendframework\zendframework\library\Zend\EventManager\EventManager.php(207): Zend\EventManager\EventManager->triggerListeners('dispatch', Object(Zend\Mvc\MvcEvent), Object(Closure))
#14 I:\htdocs\cms-ir\vendor\zendframework\zendframework\library\Zend\Mvc\Application.php(313): Zend\EventManager\EventManager->trigger('dispatch', Object(Zend\Mvc\MvcEvent), Object(Closure))
#15 I:\htdocs\cms-ir\public\index.php(17): Zend\Mvc\Application->run()
#16 {main}

Next exception 'Zend\Db\Adapter\Exception\InvalidQueryException' with message 'Statement could not be executed (42S22 - 1054 - Unknown column 'author_id' in 'field list')' in I:\htdocs\cms-ir\vendor\zendframework\zendframework\library\Zend\Db\Adapter\Driver\Pdo\Statement.php:244
Stack trace:
#0 I:\htdocs\cms-ir\vendor\zendframework\zendframework\library\Zend\Db\TableGateway\AbstractTableGateway.php(291): Zend\Db\Adapter\Driver\Pdo\Statement->execute()
#1 I:\htdocs\cms-ir\vendor\zendframework\zendframework\library\Zend\Db\TableGateway\AbstractTableGateway.php(258): Zend\Db\TableGateway\AbstractTableGateway->executeInsert(Object(Zend\Db\Sql\Insert))
#2 I:\htdocs\cms-ir\vendor\cms-ir\cms-ir\src\CmsIr\Post\src\Post\Model\PostTable.php(53): Zend\Db\TableGateway\AbstractTableGateway->insert(Array)
#3 I:\htdocs\cms-ir\vendor\cms-ir\cms-ir\src\CmsIr\Post\src\Post\Controller\PostController.php(76): CmsIr\Post\Model\PostTable->save(Object(CmsIr\Post\Model\Post))
#4 I:\htdocs\cms-ir\vendor\zendframework\zendframework\library\Zend\Mvc\Controller\AbstractActionController.php(83): CmsIr\Post\Controller\PostController->createPostAction()
#5 [internal function]: Zend\Mvc\Controller\AbstractActionController->onDispatch(Object(Zend\Mvc\MvcEvent))
#6 I:\htdocs\cms-ir\vendor\zendframework\zendframework\library\Zend\EventManager\EventManager.php(468): call_user_func(Array, Object(Zend\Mvc\MvcEvent))
#7 I:\htdocs\cms-ir\vendor\zendframework\zendframework\library\Zend\EventManager\EventManager.php(207): Zend\EventManager\EventManager->triggerListeners('dispatch', Object(Zend\Mvc\MvcEvent), Object(Closure))
#8 I:\htdocs\cms-ir\vendor\zendframework\zendframework\library\Zend\Mvc\Controller\AbstractController.php(116): Zend\EventManager\EventManager->trigger('dispatch', Object(Zend\Mvc\MvcEvent), Object(Closure))
#9 I:\htdocs\cms-ir\vendor\zendframework\zendframework\library\Zend\Mvc\DispatchListener.php(113): Zend\Mvc\Controller\AbstractController->dispatch(Object(Zend\Http\PhpEnvironment\Request), Object(Zend\Http\PhpEnvironment\Response))
#10 [internal function]: Zend\Mvc\DispatchListener->onDispatch(Object(Zend\Mvc\MvcEvent))
#11 I:\htdocs\cms-ir\vendor\zendframework\zendframework\library\Zend\EventManager\EventManager.php(468): call_user_func(Array, Object(Zend\Mvc\MvcEvent))
#12 I:\htdocs\cms-ir\vendor\zendframework\zendframework\library\Zend\EventManager\EventManager.php(207): Zend\EventManager\EventManager->triggerListeners('dispatch', Object(Zend\Mvc\MvcEvent), Object(Closure))
#13 I:\htdocs\cms-ir\vendor\zendframework\zendframework\library\Zend\Mvc\Application.php(313): Zend\EventManager\EventManager->trigger('dispatch', Object(Zend\Mvc\MvcEvent), Object(Closure))
#14 I:\htdocs\cms-ir\public\index.php(17): Zend\Mvc\Application->run()
#15 {main}
2015-04-10T21:45:48+02:00 CRIT (2): exception 'Zend\Mvc\Router\Exception\RuntimeException' with message 'Route with name "post-list" not found' in I:\htdocs\cms-ir\vendor\zendframework\zendframework\library\Zend\Mvc\Router\Http\TreeRouteStack.php:317
Stack trace:
#0 I:\htdocs\cms-ir\vendor\zendframework\zendframework\library\Zend\Mvc\Controller\Plugin\Url.php(99): Zend\Mvc\Router\Http\TreeRouteStack->assemble(Array, Array)
#1 I:\htdocs\cms-ir\vendor\zendframework\zendframework\library\Zend\Mvc\Controller\Plugin\Redirect.php(48): Zend\Mvc\Controller\Plugin\Url->fromRoute('post-list', Array, Array, false)
#2 I:\htdocs\cms-ir\vendor\cms-ir\cms-ir\src\CmsIr\Post\src\Post\Controller\PostController.php(98): Zend\Mvc\Controller\Plugin\Redirect->toRoute('post-list', Array)
#3 I:\htdocs\cms-ir\vendor\zendframework\zendframework\library\Zend\Mvc\Controller\AbstractActionController.php(83): CmsIr\Post\Controller\PostController->createPostAction()
#4 [internal function]: Zend\Mvc\Controller\AbstractActionController->onDispatch(Object(Zend\Mvc\MvcEvent))
#5 I:\htdocs\cms-ir\vendor\zendframework\zendframework\library\Zend\EventManager\EventManager.php(468): call_user_func(Array, Object(Zend\Mvc\MvcEvent))
#6 I:\htdocs\cms-ir\vendor\zendframework\zendframework\library\Zend\EventManager\EventManager.php(207): Zend\EventManager\EventManager->triggerListeners('dispatch', Object(Zend\Mvc\MvcEvent), Object(Closure))
#7 I:\htdocs\cms-ir\vendor\zendframework\zendframework\library\Zend\Mvc\Controller\AbstractController.php(116): Zend\EventManager\EventManager->trigger('dispatch', Object(Zend\Mvc\MvcEvent), Object(Closure))
#8 I:\htdocs\cms-ir\vendor\zendframework\zendframework\library\Zend\Mvc\DispatchListener.php(113): Zend\Mvc\Controller\AbstractController->dispatch(Object(Zend\Http\PhpEnvironment\Request), Object(Zend\Http\PhpEnvironment\Response))
#9 [internal function]: Zend\Mvc\DispatchListener->onDispatch(Object(Zend\Mvc\MvcEvent))
#10 I:\htdocs\cms-ir\vendor\zendframework\zendframework\library\Zend\EventManager\EventManager.php(468): call_user_func(Array, Object(Zend\Mvc\MvcEvent))
#11 I:\htdocs\cms-ir\vendor\zendframework\zendframework\library\Zend\EventManager\EventManager.php(207): Zend\EventManager\EventManager->triggerListeners('dispatch', Object(Zend\Mvc\MvcEvent), Object(Closure))
#12 I:\htdocs\cms-ir\vendor\zendframework\zendframework\library\Zend\Mvc\Application.php(313): Zend\EventManager\EventManager->trigger('dispatch', Object(Zend\Mvc\MvcEvent), Object(Closure))
#13 I:\htdocs\cms-ir\public\index.php(17): Zend\Mvc\Application->run()
#14 {main}
2015-04-10T21:46:32+02:00 CRIT (2): exception 'Zend\Mvc\Router\Exception\RuntimeException' with message 'Route with name "post-list" not found' in I:\htdocs\cms-ir\vendor\zendframework\zendframework\library\Zend\Mvc\Router\Http\TreeRouteStack.php:317
Stack trace:
#0 I:\htdocs\cms-ir\vendor\zendframework\zendframework\library\Zend\Mvc\Controller\Plugin\Url.php(99): Zend\Mvc\Router\Http\TreeRouteStack->assemble(Array, Array)
#1 I:\htdocs\cms-ir\vendor\zendframework\zendframework\library\Zend\Mvc\Controller\Plugin\Redirect.php(48): Zend\Mvc\Controller\Plugin\Url->fromRoute('post-list', Array, Array, false)
#2 I:\htdocs\cms-ir\vendor\cms-ir\cms-ir\src\CmsIr\Post\src\Post\Controller\PostController.php(98): Zend\Mvc\Controller\Plugin\Redirect->toRoute('post-list', Array)
#3 I:\htdocs\cms-ir\vendor\zendframework\zendframework\library\Zend\Mvc\Controller\AbstractActionController.php(83): CmsIr\Post\Controller\PostController->createPostAction()
#4 [internal function]: Zend\Mvc\Controller\AbstractActionController->onDispatch(Object(Zend\Mvc\MvcEvent))
#5 I:\htdocs\cms-ir\vendor\zendframework\zendframework\library\Zend\EventManager\EventManager.php(468): call_user_func(Array, Object(Zend\Mvc\MvcEvent))
#6 I:\htdocs\cms-ir\vendor\zendframework\zendframework\library\Zend\EventManager\EventManager.php(207): Zend\EventManager\EventManager->triggerListeners('dispatch', Object(Zend\Mvc\MvcEvent), Object(Closure))
#7 I:\htdocs\cms-ir\vendor\zendframework\zendframework\library\Zend\Mvc\Controller\AbstractController.php(116): Zend\EventManager\EventManager->trigger('dispatch', Object(Zend\Mvc\MvcEvent), Object(Closure))
#8 I:\htdocs\cms-ir\vendor\zendframework\zendframework\library\Zend\Mvc\DispatchListener.php(113): Zend\Mvc\Controller\AbstractController->dispatch(Object(Zend\Http\PhpEnvironment\Request), Object(Zend\Http\PhpEnvironment\Response))
#9 [internal function]: Zend\Mvc\DispatchListener->onDispatch(Object(Zend\Mvc\MvcEvent))
#10 I:\htdocs\cms-ir\vendor\zendframework\zendframework\library\Zend\EventManager\EventManager.php(468): call_user_func(Array, Object(Zend\Mvc\MvcEvent))
#11 I:\htdocs\cms-ir\vendor\zendframework\zendframework\library\Zend\EventManager\EventManager.php(207): Zend\EventManager\EventManager->triggerListeners('dispatch', Object(Zend\Mvc\MvcEvent), Object(Closure))
#12 I:\htdocs\cms-ir\vendor\zendframework\zendframework\library\Zend\Mvc\Application.php(313): Zend\EventManager\EventManager->trigger('dispatch', Object(Zend\Mvc\MvcEvent), Object(Closure))
#13 I:\htdocs\cms-ir\public\index.php(17): Zend\Mvc\Application->run()
#14 {main}
